2017-03-21 12:44:22.4336|DEBUG|IntegrationAPI.Helpers.LoggerFactory|Request Started for : 1 Group Name :
2017-03-21 12:44:56.2010|DEBUG|IntegrationAPI.Helpers.LoggerFactory|Response Value : [{"GroupID":1,"InstanceID":1,"UserID":1,"GroupName":"group1","GroupCode":"grop001","ColorCode":"#000000","Status":0,"CreatedDate":"\/Date(1489429800000)\/"},{"GroupID":2,"InstanceID":1,"UserID":1,"GroupName":"group2","GroupCode":"grp002","ColorCode":"#ffffff","Status":1,"CreatedDate":"\/Date(1489553346780)\/"}]
2017-03-21 12:44:56.3234|DEBUG|IntegrationAPI.Helpers.LoggerFactory|Request End for : 1 Group Name :
2017-03-21 13:25:31.7893|DEBUG|IntegrationAPI.Helpers.LoggerFactory|Request Started for : 1 Group Name :
2017-03-21 13:26:32.9552|DEBUG|IntegrationAPI.Helpers.LoggerFactory|Response Value : [{"GroupID":1,"InstanceID":1,"UserID":1,"GroupName":"group1","GroupCode":"grop001","ColorCode":"#000000","Status":0,"CreatedDate":"\/Date(1489429800000)\/"},{"GroupID":2,"InstanceID":1,"UserID":1,"GroupName":"group2","GroupCode":"grp002","ColorCode":"#ffffff","Status":1,"CreatedDate":"\/Date(1489553346780)\/"}]
2017-03-21 13:26:36.0793|DEBUG|IntegrationAPI.Helpers.LoggerFactory|Request End for : 1 Group Name :
2017-03-21 13:35:18.1055|DEBUG|IntegrationAPI.Helpers.LoggerFactory|Request Started for : 1 Group Name :
2017-03-21 13:35:23.8403|DEBUG|IntegrationAPI.Helpers.LoggerFactory|Response Value : [{"GroupID":1,"InstanceID":1,"UserID":1,"GroupName":"group1","GroupCode":"grop001","ColorCode":"#000000","Status":0,"CreatedDate":"\/Date(1489429800000)\/"},{"GroupID":2,"InstanceID":1,"UserID":1,"GroupName":"group2","GroupCode":"grp002","ColorCode":"#ffffff","Status":1,"CreatedDate":"\/Date(1489553346780)\/"}]
2017-03-21 13:35:27.0109|DEBUG|IntegrationAPI.Helpers.LoggerFactory|Request End for : 1 Group Name :
2017-03-21 13:38:59.2423|DEBUG|IntegrationAPI.Helpers.LoggerFactory|Request Started for : 1 Group Name :
2017-03-21 13:39:03.4576|DEBUG|IntegrationAPI.Helpers.LoggerFactory|Response Value : [{"GroupID":1,"InstanceID":1,"UserID":1,"GroupName":"group1","GroupCode":"grop001","ColorCode":"#000000","Status":0,"CreatedDate":"\/Date(1489429800000)\/"},{"GroupID":2,"InstanceID":1,"UserID":1,"GroupName":"group2","GroupCode":"grp002","ColorCode":"#ffffff","Status":1,"CreatedDate":"\/Date(1489553346780)\/"}]
2017-03-21 13:39:06.8958|DEBUG|IntegrationAPI.Helpers.LoggerFactory|Request End for : 1 Group Name :
2017-03-21 13:42:54.2755|DEBUG|IntegrationAPI.Helpers.LoggerFactory|Request Started for : 1 Group Name :
2017-03-21 13:42:57.1065|DEBUG|IntegrationAPI.Helpers.LoggerFactory|Response Value : [{"GroupID":1,"InstanceID":1,"UserID":1,"GroupName":"group1","GroupCode":"grop001","ColorCode":"#000000","Status":0,"CreatedDate":"\/Date(1489429800000)\/"},{"GroupID":2,"InstanceID":1,"UserID":1,"GroupName":"group2","GroupCode":"grp002","ColorCode":"#ffffff","Status":1,"CreatedDate":"\/Date(1489553346780)\/"}]
2017-03-21 13:42:58.5925|DEBUG|IntegrationAPI.Helpers.LoggerFactory|Request End for : 1 Group Name :
2017-03-21 13:44:02.7483|DEBUG|IntegrationAPI.Helpers.LoggerFactory|Request Started for : 1 Group Name :
2017-03-21 13:44:03.9179|DEBUG|IntegrationAPI.Helpers.LoggerFactory|Response Value : [{"GroupID":1,"InstanceID":1,"UserID":1,"GroupName":"group1","GroupCode":"grop001","ColorCode":"#000000","Status":0,"CreatedDate":"\/Date(1489429800000)\/"},{"GroupID":2,"InstanceID":1,"UserID":1,"GroupName":"group2","GroupCode":"grp002","ColorCode":"#ffffff","Status":1,"CreatedDate":"\/Date(1489553346780)\/"}]
2017-03-21 13:44:03.9179|DEBUG|IntegrationAPI.Helpers.LoggerFactory|Request End for : 1 Group Name :
2017-03-21 13:46:04.8969|DEBUG|IntegrationAPI.Helpers.LoggerFactory|Request Started for : 1 Group Name :
2017-03-21 13:46:06.6869|DEBUG|IntegrationAPI.Helpers.LoggerFactory|Response Value : [{"GroupID":1,"InstanceID":1,"UserID":1,"GroupName":"group1","GroupCode":"grop001","ColorCode":"#000000","Status":0,"CreatedDate":"\/Date(1489429800000)\/"},{"GroupID":2,"InstanceID":1,"UserID":1,"GroupName":"group2","GroupCode":"grp002","ColorCode":"#ffffff","Status":1,"CreatedDate":"\/Date(1489553346780)\/"}]
2017-03-21 13:46:06.6869|DEBUG|IntegrationAPI.Helpers.LoggerFactory|Request End for : 1 Group Name :
2017-03-21 13:49:46.5659|DEBUG|IntegrationAPI.Helpers.LoggerFactory|Request Started for : 1 Group Name :
2017-03-21 13:49:47.6963|DEBUG|IntegrationAPI.Helpers.LoggerFactory|Response Value : [{"GroupID":1,"InstanceID":1,"UserID":1,"GroupName":"group1","GroupCode":"grop001","ColorCode":"#000000","Status":0,"CreatedDate":"\/Date(1489429800000)\/"},{"GroupID":2,"InstanceID":1,"UserID":1,"GroupName":"group2","GroupCode":"grp002","ColorCode":"#ffffff","Status":1,"CreatedDate":"\/Date(1489553346780)\/"}]
2017-03-21 13:49:47.7491|DEBUG|IntegrationAPI.Helpers.LoggerFactory|Request End for : 1 Group Name :
2017-03-21 13:50:28.4506|DEBUG|IntegrationAPI.Helpers.LoggerFactory|Request Started for : 1 Group Name :
2017-03-21 13:50:29.2180|DEBUG|IntegrationAPI.Helpers.LoggerFactory|Response Value : [{"GroupID":1,"InstanceID":1,"UserID":1,"GroupName":"group1","GroupCode":"grop001","ColorCode":"#000000","Status":0,"CreatedDate":"\/Date(1489429800000)\/"},{"GroupID":2,"InstanceID":1,"UserID":1,"GroupName":"group2","GroupCode":"grp002","ColorCode":"#ffffff","Status":1,"CreatedDate":"\/Date(1489553346780)\/"}]
2017-03-21 13:50:29.2180|DEBUG|IntegrationAPI.Helpers.LoggerFactory|Request End for : 1 Group Name :
2017-03-21 13:54:51.6863|DEBUG|IntegrationAPI.Helpers.LoggerFactory|Request Started for : 1 Group Name :
2017-03-21 13:54:52.5602|DEBUG|IntegrationAPI.Helpers.LoggerFactory|Response Value : [{"GroupID":1,"InstanceID":1,"UserID":1,"GroupName":"group1","GroupCode":"grop001","ColorCode":"#000000","Status":0,"CreatedDate":"\/Date(1489429800000)\/"},{"GroupID":2,"InstanceID":1,"UserID":1,"GroupName":"group2","GroupCode":"grp002","ColorCode":"#ffffff","Status":1,"CreatedDate":"\/Date(1489553346780)\/"}]
2017-03-21 13:54:52.5602|DEBUG|IntegrationAPI.Helpers.LoggerFactory|Request End for : 1 Group Name :
2017-03-21 13:55:03.4431|DEBUG|IntegrationAPI.Helpers.LoggerFactory|Request Started for : 1 Group Name :
2017-03-21 13:55:08.1181|DEBUG|IntegrationAPI.Helpers.LoggerFactory|Response Value : [{"GroupID":1,"InstanceID":1,"UserID":1,"GroupName":"group1","GroupCode":"grop001","ColorCode":"#000000","Status":0,"CreatedDate":"\/Date(1489429800000)\/"},{"GroupID":2,"InstanceID":1,"UserID":1,"GroupName":"group2","GroupCode":"grp002","ColorCode":"#ffffff","Status":1,"CreatedDate":"\/Date(1489553346780)\/"}]
2017-03-21 13:55:08.1181|DEBUG|IntegrationAPI.Helpers.LoggerFactory|Request End for : 1 Group Name :
2017-03-21 13:56:35.2947|DEBUG|IntegrationAPI.Helpers.LoggerFactory|Request Started for : 1 Group Name :
2017-03-21 13:56:36.2483|DEBUG|IntegrationAPI.Helpers.LoggerFactory|Response Value : [{"GroupID":1,"InstanceID":1,"UserID":1,"GroupName":"group1","GroupCode":"grop001","ColorCode":"#000000","Status":0,"CreatedDate":"\/Date(1489429800000)\/"},{"GroupID":2,"InstanceID":1,"UserID":1,"GroupName":"group2","GroupCode":"grp002","ColorCode":"#ffffff","Status":1,"CreatedDate":"\/Date(1489553346780)\/"}]
2017-03-21 13:56:36.2483|DEBUG|IntegrationAPI.Helpers.LoggerFactory|Request End for : 1 Group Name :
2017-03-21 13:59:26.1114|DEBUG|IntegrationAPI.Helpers.LoggerFactory|Request Started for : 1 Group Name :
2017-03-21 13:59:26.8770|DEBUG|IntegrationAPI.Helpers.LoggerFactory|Response Value : [{"GroupID":1,"InstanceID":1,"UserID":1,"GroupName":"group1","GroupCode":"grop001","ColorCode":"#000000","Status":0,"CreatedDate":"\/Date(1489429800000)\/"},{"GroupID":2,"InstanceID":1,"UserID":1,"GroupName":"group2","GroupCode":"grp002","ColorCode":"#ffffff","Status":1,"CreatedDate":"\/Date(1489553346780)\/"}]
2017-03-21 13:59:26.8820|DEBUG|IntegrationAPI.Helpers.LoggerFactory|Request End for : 1 Group Name :
2017-03-21 14:00:31.4530|DEBUG|IntegrationAPI.Helpers.LoggerFactory|Request Started for : 1 Group Name :
2017-03-21 14:00:32.0518|DEBUG|IntegrationAPI.Helpers.LoggerFactory|Response Value : [{"GroupID":1,"InstanceID":1,"UserID":1,"GroupName":"group1","GroupCode":"grop001","ColorCode":"#000000","Status":0,"CreatedDate":"\/Date(1489429800000)\/"},{"GroupID":2,"InstanceID":1,"UserID":1,"GroupName":"group2","GroupCode":"grp002","ColorCode":"#ffffff","Status":1,"CreatedDate":"\/Date(1489553346780)\/"}]
2017-03-21 14:00:32.0518|DEBUG|IntegrationAPI.Helpers.LoggerFactory|Request End for : 1 Group Name :
2017-03-21 14:04:12.1926|DEBUG|IntegrationAPI.Helpers.LoggerFactory|Request Started for : 1 Group Name :
2017-03-21 14:04:13.3233|DEBUG|IntegrationAPI.Helpers.LoggerFactory|Response Value : [{"GroupID":1,"InstanceID":1,"UserID":1,"GroupName":"group1","GroupCode":"grop001","ColorCode":"#000000","Status":0,"CreatedDate":"\/Date(1489429800000)\/"},{"GroupID":2,"InstanceID":1,"UserID":1,"GroupName":"group2","GroupCode":"grp002","ColorCode":"#ffffff","Status":1,"CreatedDate":"\/Date(1489553346780)\/"}]
2017-03-21 14:04:13.3233|DEBUG|IntegrationAPI.Helpers.LoggerFactory|Request End for : 1 Group Name :
2017-03-21 14:06:26.7332|DEBUG|IntegrationAPI.Helpers.LoggerFactory|Request Started for : 1 Group Name :
2017-03-21 14:06:37.3157|DEBUG|IntegrationAPI.Helpers.LoggerFactory|Response Value : [{"GroupID":1,"InstanceID":1,"UserID":1,"GroupName":"group1","GroupCode":"grop001","ColorCode":"#000000","Status":0,"CreatedDate":"\/Date(1489429800000)\/"},{"GroupID":2,"InstanceID":1,"UserID":1,"GroupName":"group2","GroupCode":"grp002","ColorCode":"#ffffff","Status":1,"CreatedDate":"\/Date(1489553346780)\/"}]
2017-03-21 14:06:37.3157|DEBUG|IntegrationAPI.Helpers.LoggerFactory|Request End for : 1 Group Name :
2017-03-21 14:07:55.9590|DEBUG|IntegrationAPI.Helpers.LoggerFactory|Request Started for : 1 Group Name :
2017-03-21 14:07:57.1252|DEBUG|IntegrationAPI.Helpers.LoggerFactory|Response Value : [{"GroupID":1,"InstanceID":1,"UserID":1,"GroupName":"group1","GroupCode":"grop001","ColorCode":"#000000","Status":0,"CreatedDate":"\/Date(1489429800000)\/"},{"GroupID":2,"InstanceID":1,"UserID":1,"GroupName":"group2","GroupCode":"grp002","ColorCode":"#ffffff","Status":1,"CreatedDate":"\/Date(1489553346780)\/"}]
2017-03-21 14:07:57.1252|DEBUG|IntegrationAPI.Helpers.LoggerFactory|Request End for : 1 Group Name :
2017-03-21 14:19:34.5271|DEBUG|IntegrationAPI.Helpers.LoggerFactory|Request Started for : 1 Group Name :
2017-03-21 14:19:35.8964|DEBUG|IntegrationAPI.Helpers.LoggerFactory|Response Value : [{"GroupID":1,"InstanceID":1,"UserID":1,"GroupName":"group1","GroupCode":"grop001","ColorCode":"#000000","Status":0,"CreatedDate":"\/Date(1489429800000)\/"},{"GroupID":2,"InstanceID":1,"UserID":1,"GroupName":"group2","GroupCode":"grp002","ColorCode":"#ffffff","Status":1,"CreatedDate":"\/Date(1489553346780)\/"}]
2017-03-21 14:19:35.8964|DEBUG|IntegrationAPI.Helpers.LoggerFactory|Request End for : 1 Group Name :
2017-03-21 14:20:31.8668|DEBUG|IntegrationAPI.Helpers.LoggerFactory|Request Started for : 1 Group Name :
2017-03-21 14:20:36.1466|DEBUG|IntegrationAPI.Helpers.LoggerFactory|Response Value : [{"GroupID":1,"InstanceID":1,"UserID":1,"GroupName":"group1","GroupCode":"grop001","ColorCode":"#000000","Status":0,"CreatedDate":"\/Date(1489429800000)\/"},{"GroupID":2,"InstanceID":1,"UserID":1,"GroupName":"group2","GroupCode":"grp002","ColorCode":"#ffffff","Status":1,"CreatedDate":"\/Date(1489553346780)\/"}]
2017-03-21 14:20:36.1466|DEBUG|IntegrationAPI.Helpers.LoggerFactory|Request End for : 1 Group Name :
2017-03-21 14:31:40.6316|DEBUG|IntegrationAPI.Helpers.LoggerFactory|Request Started for : 1 Group Name :
2017-03-21 14:31:41.9304|DEBUG|IntegrationAPI.Helpers.LoggerFactory|Response Value : [{"GroupID":1,"InstanceID":1,"UserID":1,"GroupName":"group1","GroupCode":"grop001","ColorCode":"#000000","Status":0,"CreatedDate":"\/Date(1489429800000)\/"},{"GroupID":2,"InstanceID":1,"UserID":1,"GroupName":"group2","GroupCode":"grp002","ColorCode":"#ffffff","Status":1,"CreatedDate":"\/Date(1489553346780)\/"}]
2017-03-21 14:31:41.9304|DEBUG|IntegrationAPI.Helpers.LoggerFactory|Request End for : 1 Group Name :
2017-03-21 14:36:41.1189|DEBUG|IntegrationAPI.Helpers.LoggerFactory|Request Started for : 1 Group Name :
2017-03-21 14:36:42.0490|DEBUG|IntegrationAPI.Helpers.LoggerFactory|Response Value : [{"GroupID":1,"InstanceID":1,"UserID":1,"GroupName":"group1","GroupCode":"grop001","ColorCode":"#000000","Status":0,"CreatedDate":"\/Date(1489429800000)\/"},{"GroupID":2,"InstanceID":1,"UserID":1,"GroupName":"group2","GroupCode":"grp002","ColorCode":"#ffffff","Status":1,"CreatedDate":"\/Date(1489553346780)\/"}]
2017-03-21 14:36:42.0490|DEBUG|IntegrationAPI.Helpers.LoggerFactory|Request End for : 1 Group Name :
2017-03-21 14:37:55.7059|DEBUG|IntegrationAPI.Helpers.LoggerFactory|Request Started for : 1 Group Name :
2017-03-21 14:37:56.7913|DEBUG|IntegrationAPI.Helpers.LoggerFactory|Response Value : [{"GroupID":1,"InstanceID":1,"UserID":1,"GroupName":"group1","GroupCode":"grop001","ColorCode":"#000000","Status":0,"CreatedDate":"\/Date(1489429800000)\/"},{"GroupID":2,"InstanceID":1,"UserID":1,"GroupName":"group2","GroupCode":"grp002","ColorCode":"#ffffff","Status":1,"CreatedDate":"\/Date(1489553346780)\/"}]
2017-03-21 14:37:56.7913|DEBUG|IntegrationAPI.Helpers.LoggerFactory|Request End for : 1 Group Name :
2017-03-21 14:38:40.6040|DEBUG|IntegrationAPI.Helpers.LoggerFactory|Request Started for : 1 Group Name :
2017-03-21 14:38:41.4830|DEBUG|IntegrationAPI.Helpers.LoggerFactory|Response Value : [{"GroupID":1,"InstanceID":1,"UserID":1,"GroupName":"group1","GroupCode":"grop001","ColorCode":"#000000","Status":0,"CreatedDate":"\/Date(1489429800000)\/"},{"GroupID":2,"InstanceID":1,"UserID":1,"GroupName":"group2","GroupCode":"grp002","ColorCode":"#ffffff","Status":1,"CreatedDate":"\/Date(1489553346780)\/"}]
2017-03-21 14:38:41.4830|DEBUG|IntegrationAPI.Helpers.LoggerFactory|Request End for : 1 Group Name :
2017-03-21 14:40:04.6476|DEBUG|IntegrationAPI.Helpers.LoggerFactory|Request Started for : 1 Group Name :
2017-03-21 14:40:09.1597|DEBUG|IntegrationAPI.Helpers.LoggerFactory|Response Value : [{"GroupID":1,"InstanceID":1,"UserID":1,"GroupName":"group1","GroupCode":"grop001","ColorCode":"#000000","Status":0,"CreatedDate":"\/Date(1489429800000)\/"},{"GroupID":2,"InstanceID":1,"UserID":1,"GroupName":"group2","GroupCode":"grp002","ColorCode":"#ffffff","Status":1,"CreatedDate":"\/Date(1489553346780)\/"}]
2017-03-21 14:40:09.1607|DEBUG|IntegrationAPI.Helpers.LoggerFactory|Request End for : 1 Group Name :
2017-03-21 14:41:22.9755|DEBUG|IntegrationAPI.Helpers.LoggerFactory|Request Started for : 1 Group Name :
2017-03-21 14:41:23.9034|DEBUG|IntegrationAPI.Helpers.LoggerFactory|Response Value : [{"GroupID":1,"InstanceID":1,"UserID":1,"GroupName":"group1","GroupCode":"grop001","ColorCode":"#000000","Status":0,"CreatedDate":"\/Date(1489429800000)\/"},{"GroupID":2,"InstanceID":1,"UserID":1,"GroupName":"group2","GroupCode":"grp002","ColorCode":"#ffffff","Status":1,"CreatedDate":"\/Date(1489553346780)\/"}]
2017-03-21 14:41:23.9034|DEBUG|IntegrationAPI.Helpers.LoggerFactory|Request End for : 1 Group Name :
2017-03-21 14:41:49.7713|DEBUG|IntegrationAPI.Helpers.LoggerFactory|Request Started for : 1 Group Name :
2017-03-21 14:41:50.8304|DEBUG|IntegrationAPI.Helpers.LoggerFactory|Response Value : [{"GroupID":1,"InstanceID":1,"UserID":1,"GroupName":"group1","GroupCode":"grop001","ColorCode":"#000000","Status":0,"CreatedDate":"\/Date(1489429800000)\/"},{"GroupID":2,"InstanceID":1,"UserID":1,"GroupName":"group2","GroupCode":"grp002","ColorCode":"#ffffff","Status":1,"CreatedDate":"\/Date(1489553346780)\/"}]
2017-03-21 14:41:50.8304|DEBUG|IntegrationAPI.Helpers.LoggerFactory|Request End for : 1 Group Name :
2017-03-21 14:42:15.2460|DEBUG|IntegrationAPI.Helpers.LoggerFactory|Request Started for : 1 Group Name :
2017-03-21 14:42:16.3275|DEBUG|IntegrationAPI.Helpers.LoggerFactory|Response Value : [{"GroupID":1,"InstanceID":1,"UserID":1,"GroupName":"group1","GroupCode":"grop001","ColorCode":"#000000","Status":0,"CreatedDate":"\/Date(1489429800000)\/"},{"GroupID":2,"InstanceID":1,"UserID":1,"GroupName":"group2","GroupCode":"grp002","ColorCode":"#ffffff","Status":1,"CreatedDate":"\/Date(1489553346780)\/"}]
2017-03-21 14:42:16.3275|DEBUG|IntegrationAPI.Helpers.LoggerFactory|Request End for : 1 Group Name :
2017-03-21 14:43:42.5670|DEBUG|IntegrationAPI.Helpers.LoggerFactory|Request Started for : 1 Group Name :
2017-03-21 14:43:43.3391|DEBUG|IntegrationAPI.Helpers.LoggerFactory|Response Value : [{"GroupID":1,"InstanceID":1,"UserID":1,"GroupName":"group1","GroupCode":"grop001","ColorCode":"#000000","Status":0,"CreatedDate":"\/Date(1489429800000)\/"},{"GroupID":2,"InstanceID":1,"UserID":1,"GroupName":"group2","GroupCode":"grp002","ColorCode":"#ffffff","Status":1,"CreatedDate":"\/Date(1489553346780)\/"}]
2017-03-21 14:43:43.3391|DEBUG|IntegrationAPI.Helpers.LoggerFactory|Request End for : 1 Group Name :
2017-03-21 14:46:45.8922|DEBUG|IntegrationAPI.Helpers.LoggerFactory|Request Started for : 1 Group Name :
2017-03-21 14:46:47.0977|DEBUG|IntegrationAPI.Helpers.LoggerFactory|Response Value : [{"GroupID":1,"InstanceID":1,"UserID":1,"GroupName":"group1","GroupCode":"grop001","ColorCode":"#000000","Status":0,"CreatedDate":"\/Date(1489429800000)\/"},{"GroupID":2,"InstanceID":1,"UserID":1,"GroupName":"group2","GroupCode":"grp002","ColorCode":"#ffffff","Status":1,"CreatedDate":"\/Date(1489553346780)\/"}]
2017-03-21 14:46:47.2978|DEBUG|IntegrationAPI.Helpers.LoggerFactory|Request End for : 1 Group Name :
2017-03-21 14:48:41.2643|DEBUG|IntegrationAPI.Helpers.LoggerFactory|Request Started for : 1 Group Name :
2017-03-21 14:48:42.4543|DEBUG|IntegrationAPI.Helpers.LoggerFactory|Response Value : [{"GroupID":1,"InstanceID":1,"UserID":1,"GroupName":"group1","GroupCode":"grop001","ColorCode":"#000000","Status":0,"CreatedDate":"\/Date(1489429800000)\/"},{"GroupID":2,"InstanceID":1,"UserID":1,"GroupName":"group2","GroupCode":"grp002","ColorCode":"#ffffff","Status":1,"CreatedDate":"\/Date(1489553346780)\/"}]
2017-03-21 14:48:42.4543|DEBUG|IntegrationAPI.Helpers.LoggerFactory|Request End for : 1 Group Name :
2017-03-21 14:54:03.1752|DEBUG|IntegrationAPI.Helpers.LoggerFactory|Request Started for : 1 Group Name :
2017-03-21 14:54:07.9884|DEBUG|IntegrationAPI.Helpers.LoggerFactory|Response Value : [{"GroupID":1,"InstanceID":1,"UserID":1,"GroupName":"group1","GroupCode":"grop001","ColorCode":"#000000","Status":0,"CreatedDate":"\/Date(1489429800000)\/"},{"GroupID":2,"InstanceID":1,"UserID":1,"GroupName":"group2","GroupCode":"grp002","ColorCode":"#ffffff","Status":1,"CreatedDate":"\/Date(1489553346780)\/"}]
2017-03-21 14:54:07.9909|DEBUG|IntegrationAPI.Helpers.LoggerFactory|Request End for : 1 Group Name :
2017-03-21 14:54:25.7138|DEBUG|IntegrationAPI.Helpers.LoggerFactory|Request Started for : 1 Group Name :
2017-03-21 14:54:26.8335|DEBUG|IntegrationAPI.Helpers.LoggerFactory|Response Value : [{"GroupID":1,"InstanceID":1,"UserID":1,"GroupName":"group1","GroupCode":"grop001","ColorCode":"#000000","Status":0,"CreatedDate":"\/Date(1489429800000)\/"},{"GroupID":2,"InstanceID":1,"UserID":1,"GroupName":"group2","GroupCode":"grp002","ColorCode":"#ffffff","Status":1,"CreatedDate":"\/Date(1489553346780)\/"}]
2017-03-21 14:54:26.8335|DEBUG|IntegrationAPI.Helpers.LoggerFactory|Request End for : 1 Group Name :
2017-03-21 14:58:36.2939|DEBUG|IntegrationAPI.Helpers.LoggerFactory|Request Started for : 0 Group Name :
2017-03-21 14:58:39.6984|DEBUG|IntegrationAPI.Helpers.LoggerFactory|Response Value : [{"GroupID":1,"InstanceID":1,"UserID":1,"GroupName":"group1","GroupCode":"grop001","ColorCode":"#000000","Status":0,"CreatedDate":"\/Date(1489429800000)\/"},{"GroupID":2,"InstanceID":1,"UserID":1,"GroupName":"group2","GroupCode":"grp002","ColorCode":"#ffffff","Status":1,"CreatedDate":"\/Date(1489553346780)\/"}]
2017-03-21 14:58:39.6984|DEBUG|IntegrationAPI.Helpers.LoggerFactory|Request End for : 0 Group Name :
2017-03-21 15:01:02.5252|DEBUG|IntegrationAPI.Helpers.LoggerFactory|Request Started for : 0 Group Name :
2017-03-21 15:01:02.6159|DEBUG|IntegrationAPI.Helpers.LoggerFactory|Response Value : [{"GroupID":1,"InstanceID":1,"UserID":1,"GroupName":"group1","GroupCode":"grop001","ColorCode":"#000000","Status":0,"CreatedDate":"\/Date(1489429800000)\/"},{"GroupID":2,"InstanceID":1,"UserID":1,"GroupName":"group2","GroupCode":"grp002","ColorCode":"#ffffff","Status":1,"CreatedDate":"\/Date(1489553346780)\/"}]
2017-03-21 15:01:02.6159|DEBUG|IntegrationAPI.Helpers.LoggerFactory|Request End for : 0 Group Name :
2017-03-21 15:04:40.4910|DEBUG|IntegrationAPI.Helpers.LoggerFactory|Request Started for : 0 Group Name :
2017-03-21 15:04:40.5088|DEBUG|IntegrationAPI.Helpers.LoggerFactory|Response Value : [{"GroupID":1,"InstanceID":1,"UserID":1,"GroupName":"group1","GroupCode":"grop001","ColorCode":"#000000","Status":0,"CreatedDate":"\/Date(1489429800000)\/"},{"GroupID":2,"InstanceID":1,"UserID":1,"GroupName":"group2","GroupCode":"grp002","ColorCode":"#ffffff","Status":1,"CreatedDate":"\/Date(1489553346780)\/"}]
2017-03-21 15:04:40.5088|DEBUG|IntegrationAPI.Helpers.LoggerFactory|Request End for : 0 Group Name :
2017-03-21 15:06:23.1167|DEBUG|IntegrationAPI.Helpers.LoggerFactory|Request Started for : 0 Group Name :
2017-03-21 15:06:23.1332|DEBUG|IntegrationAPI.Helpers.LoggerFactory|Response Value : [{"GroupID":1,"InstanceID":1,"UserID":1,"GroupName":"group1","GroupCode":"grop001","ColorCode":"#000000","Status":0,"CreatedDate":"\/Date(1489429800000)\/"},{"GroupID":2,"InstanceID":1,"UserID":1,"GroupName":"group2","GroupCode":"grp002","ColorCode":"#ffffff","Status":1,"CreatedDate":"\/Date(1489553346780)\/"}]
2017-03-21 15:06:23.1332|DEBUG|IntegrationAPI.Helpers.LoggerFactory|Request End for : 0 Group Name :
2017-03-21 15:06:50.0521|DEBUG|IntegrationAPI.Helpers.LoggerFactory|Request Started for : 0 Group Name :rr
2017-03-21 15:10:45.3029|DEBUG|IntegrationAPI.Helpers.LoggerFactory|Request Started for : 0 Group Name :
2017-03-21 15:10:45.3180|DEBUG|IntegrationAPI.Helpers.LoggerFactory|Request Started for : 0 Group Name :
2017-03-21 15:10:45.3180|DEBUG|IntegrationAPI.Helpers.LoggerFactory|Request Started for : 0 Group Name :
2017-03-21 15:10:45.3180|DEBUG|IntegrationAPI.Helpers.LoggerFactory|Request Started for : 0 Group Name :
2017-03-21 15:10:45.5034|DEBUG|IntegrationAPI.Helpers.LoggerFactory|Response Value : [{"GroupID":1,"InstanceID":1,"UserID":1,"GroupName":"group1","GroupCode":"grop001","ColorCode":"#000000","Status":0,"CreatedDate":"\/Date(1489429800000)\/"},{"GroupID":2,"InstanceID":1,"UserID":1,"GroupName":"group2","GroupCode":"grp002","ColorCode":"#ffffff","Status":1,"CreatedDate":"\/Date(1489553346780)\/"}]
2017-03-21 15:10:45.5185|DEBUG|IntegrationAPI.Helpers.LoggerFactory|Request End for : 0 Group Name :
2017-03-21 15:10:45.5185|DEBUG|IntegrationAPI.Helpers.LoggerFactory|Response Value : [{"GroupID":1,"InstanceID":1,"UserID":1,"GroupName":"group1","GroupCode":"grop001","ColorCode":"#000000","Status":0,"CreatedDate":"\/Date(1489429800000)\/"},{"GroupID":2,"InstanceID":1,"UserID":1,"GroupName":"group2","GroupCode":"grp002","ColorCode":"#ffffff","Status":1,"CreatedDate":"\/Date(1489553346780)\/"}]
2017-03-21 15:10:45.5185|DEBUG|IntegrationAPI.Helpers.LoggerFactory|Request End for : 0 Group Name :
2017-03-21 15:10:45.5563|DEBUG|IntegrationAPI.Helpers.LoggerFactory|Response Value : [{"GroupID":1,"InstanceID":1,"UserID":1,"GroupName":"group1","GroupCode":"grop001","ColorCode":"#000000","Status":0,"CreatedDate":"\/Date(1489429800000)\/"},{"GroupID":2,"InstanceID":1,"UserID":1,"GroupName":"group2","GroupCode":"grp002","ColorCode":"#ffffff","Status":1,"CreatedDate":"\/Date(1489553346780)\/"}]
2017-03-21 15:10:45.5563|DEBUG|IntegrationAPI.Helpers.LoggerFactory|Request End for : 0 Group Name :
2017-03-21 15:10:45.8728|DEBUG|IntegrationAPI.Helpers.LoggerFactory|Response Value : [{"GroupID":1,"InstanceID":1,"UserID":1,"GroupName":"group1","GroupCode":"grop001","ColorCode":"#000000","Status":0,"CreatedDate":"\/Date(1489429800000)\/"},{"GroupID":2,"InstanceID":1,"UserID":1,"GroupName":"group2","GroupCode":"grp002","ColorCode":"#ffffff","Status":1,"CreatedDate":"\/Date(1489553346780)\/"}]
2017-03-21 15:10:45.8728|DEBUG|IntegrationAPI.Helpers.LoggerFactory|Request End for : 0 Group Name :
2017-03-21 15:10:46.1357|ERROR|LoggerFactory|SqlDateTime overflow. Must be between 1/1/1753 12:00:00 AM and 12/31/9999 11:59:59 PM. - SqlDateTime overflow. Must be between 1/1/1753 12:00:00 AM and 12/31/9999 11:59:59 PM. -    at System.Data.SqlClient.TdsParser.TdsExecuteRPC(SqlCommand cmd, _SqlRPC[] rpcArray, Int32 timeout, Boolean inSchema, SqlNotificationRequest notificationRequest, TdsParserStateObject stateObj, Boolean isCommandProc, Boolean sync, TaskCompletionSource`1 completion, Int32 startRpc, Int32 startParam)
   at System.Data.SqlClient.SqlCommand.RunExecuteReaderTds(CommandBehavior cmdBehavior, RunBehavior runBehavior, Boolean returnStream, Boolean async, Int32 timeout, Task& task, Boolean asyncWrite, Boolean inRetry, SqlDataReader ds, Boolean describeParameterEncryptionRequest)
   at System.Data.SqlClient.SqlCommand.RunExecuteReader(CommandBehavior cmdBehavior, RunBehavior runBehavior, Boolean returnStream, String method, TaskCompletionSource`1 completion, Int32 timeout, Task& task, Boolean& usedCache, Boolean asyncWrite, Boolean inRetry)
   at System.Data.SqlClient.SqlCommand.InternalExecuteNonQuery(TaskCompletionSource`1 completion, String methodName, Boolean sendToPipe, Int32 timeout, Boolean& usedCache, Boolean asyncWrite, Boolean inRetry)
   at System.Data.SqlClient.SqlCommand.ExecuteNonQuery()
   at System.Data.Linq.SqlClient.SqlProvider.Execute(Expression query, QueryInfo queryInfo, IObjectReaderFactory factory, Object[] parentArgs, Object[] userArgs, ICompiledSubQuery[] subQueries, Object lastResult)
   at System.Data.Linq.SqlClient.SqlProvider.ExecuteAll(Expression query, QueryInfo[] queryInfos, IObjectReaderFactory factory, Object[] userArguments, ICompiledSubQuery[] subQueries)
   at System.Data.Linq.SqlClient.SqlProvider.System.Data.Linq.Provider.IProvider.Execute(Expression query)
   at System.Data.Linq.DataContext.ExecuteMethodCall(Object instance, MethodInfo methodInfo, Object[] parameters)
   at Integration_Repository.LaundryDBDataContext.SP_groups_Insert(Nullable`1& groupID, Nullable`1 instanceID, Nullable`1 userID, String groupName, String groupCode, String colorCode, Nullable`1 status, Nullable`1 createdDate) in D:\@Chaitali's Work\LaundryManagement\Laundry\Laundry\IntegrationAPI\Integration_Repository\LaundryDB.designer.cs:line 563
   at IntegrationAPI.Partial.groups_Entity.InsertGroups(clsgroups obj)
2017-03-21 15:10:46.1726|ERROR|LoggerFactory|SqlDateTime overflow. Must be between 1/1/1753 12:00:00 AM and 12/31/9999 11:59:59 PM. - SqlDateTime overflow. Must be between 1/1/1753 12:00:00 AM and 12/31/9999 11:59:59 PM. -    at IntegrationAPI.Partial.groups_Entity.InsertGroups(clsgroups obj)
   at IntegrationAPI.Services.groupsService.InsertGroups(clsgroups obj)
2017-03-21 15:10:46.1726|DEBUG|IntegrationAPI.Helpers.LoggerFactory|Response Value : 
2017-03-21 15:11:19.7280|DEBUG|IntegrationAPI.Helpers.LoggerFactory|Request Started for : 0 Group Name :rr
2017-03-21 15:16:34.8346|ERROR|LoggerFactory|The INSERT statement conflicted with the FOREIGN KEY constraint "FK_groups_InstanceID". The conflict occurred in database "jptLaundry", table "dbo.instances", column 'InstanceID'.
The statement has been terminated. - The INSERT statement conflicted with the FOREIGN KEY constraint "FK_groups_InstanceID". The conflict occurred in database "jptLaundry", table "dbo.instances", column 'InstanceID'.
The statement has been terminated. -    at System.Data.SqlClient.SqlConnection.OnError(SqlException exception, Boolean breakConnection, Action`1 wrapCloseInAction)
   at System.Data.SqlClient.SqlInternalConnection.OnError(SqlException exception, Boolean breakConnection, Action`1 wrapCloseInAction)
   at System.Data.SqlClient.TdsParser.ThrowExceptionAndWarning(TdsParserStateObject stateObj, Boolean callerHasConnectionLock, Boolean asyncClose)
   at System.Data.SqlClient.TdsParser.TryRun(RunBehavior runBehavior, SqlCommand cmdHandler, SqlDataReader dataStream, BulkCopySimpleResultSet bulkCopyHandler, TdsParserStateObject stateObj, Boolean& dataReady)
   at System.Data.SqlClient.SqlCommand.FinishExecuteReader(SqlDataReader ds, RunBehavior runBehavior, String resetOptionsString, Boolean isInternal, Boolean forDescribeParameterEncryption)
   at System.Data.SqlClient.SqlCommand.RunExecuteReaderTds(CommandBehavior cmdBehavior, RunBehavior runBehavior, Boolean returnStream, Boolean async, Int32 timeout, Task& task, Boolean asyncWrite, Boolean inRetry, SqlDataReader ds, Boolean describeParameterEncryptionRequest)
   at System.Data.SqlClient.SqlCommand.RunExecuteReader(CommandBehavior cmdBehavior, RunBehavior runBehavior, Boolean returnStream, String method, TaskCompletionSource`1 completion, Int32 timeout, Task& task, Boolean& usedCache, Boolean asyncWrite, Boolean inRetry)
   at System.Data.SqlClient.SqlCommand.InternalExecuteNonQuery(TaskCompletionSource`1 completion, String methodName, Boolean sendToPipe, Int32 timeout, Boolean& usedCache, Boolean asyncWrite, Boolean inRetry)
   at System.Data.SqlClient.SqlCommand.ExecuteNonQuery()
   at System.Data.Linq.SqlClient.SqlProvider.Execute(Expression query, QueryInfo queryInfo, IObjectReaderFactory factory, Object[] parentArgs, Object[] userArgs, ICompiledSubQuery[] subQueries, Object lastResult)
   at System.Data.Linq.SqlClient.SqlProvider.ExecuteAll(Expression query, QueryInfo[] queryInfos, IObjectReaderFactory factory, Object[] userArguments, ICompiledSubQuery[] subQueries)
   at System.Data.Linq.SqlClient.SqlProvider.System.Data.Linq.Provider.IProvider.Execute(Expression query)
   at System.Data.Linq.DataContext.ExecuteMethodCall(Object instance, MethodInfo methodInfo, Object[] parameters)
   at Integration_Repository.LaundryDBDataContext.SP_groups_Insert(Nullable`1& groupID, Nullable`1 instanceID, Nullable`1 userID, String groupName, String groupCode, String colorCode, Nullable`1 status, Nullable`1 createdDate) in D:\@Chaitali's Work\LaundryManagement\Laundry\Laundry\IntegrationAPI\Integration_Repository\LaundryDB.designer.cs:line 563
   at IntegrationAPI.Partial.groups_Entity.InsertGroups(clsgroups obj)
2017-03-21 15:16:34.8757|DEBUG|IntegrationAPI.Helpers.LoggerFactory|Request Started for : 0 Group Name :
2017-03-21 15:16:34.8957|DEBUG|IntegrationAPI.Helpers.LoggerFactory|Response Value : [{"GroupID":1,"InstanceID":1,"UserID":1,"GroupName":"group1","GroupCode":"grop001","ColorCode":"#000000","Status":0,"CreatedDate":"\/Date(1489429800000)\/"},{"GroupID":2,"InstanceID":1,"UserID":1,"GroupName":"group2","GroupCode":"grp002","ColorCode":"#ffffff","Status":1,"CreatedDate":"\/Date(1489553346780)\/"}]
2017-03-21 15:16:34.8957|DEBUG|IntegrationAPI.Helpers.LoggerFactory|Request End for : 0 Group Name :
2017-03-21 15:16:34.9117|ERROR|LoggerFactory|The INSERT statement conflicted with the FOREIGN KEY constraint "FK_groups_InstanceID". The conflict occurred in database "jptLaundry", table "dbo.instances", column 'InstanceID'.
The statement has been terminated. - The INSERT statement conflicted with the FOREIGN KEY constraint "FK_groups_InstanceID". The conflict occurred in database "jptLaundry", table "dbo.instances", column 'InstanceID'.
The statement has been terminated. -    at IntegrationAPI.Partial.groups_Entity.InsertGroups(clsgroups obj)
   at IntegrationAPI.Services.groupsService.InsertGroups(clsgroups obj)
2017-03-21 15:16:34.9117|DEBUG|IntegrationAPI.Helpers.LoggerFactory|Response Value : 
2017-03-21 15:16:58.8778|DEBUG|IntegrationAPI.Helpers.LoggerFactory|Request Started for : 0 Group Name :rr
2017-03-21 15:17:28.8481|DEBUG|IntegrationAPI.Helpers.LoggerFactory|Response Value : 0
2017-03-21 15:17:33.7470|DEBUG|IntegrationAPI.Helpers.LoggerFactory|Request End for : 0 Group Name :rr
2017-03-21 15:20:07.0265|DEBUG|IntegrationAPI.Helpers.LoggerFactory|Request Started for : 0 Group Name :
2017-03-21 15:20:07.0382|DEBUG|IntegrationAPI.Helpers.LoggerFactory|Response Value : [{"GroupID":1,"InstanceID":1,"UserID":1,"GroupName":"group1","GroupCode":"grop001","ColorCode":"#000000","Status":0,"CreatedDate":"\/Date(1489429800000)\/"},{"GroupID":2,"InstanceID":1,"UserID":1,"GroupName":"group2","GroupCode":"grp002","ColorCode":"#ffffff","Status":1,"CreatedDate":"\/Date(1489553346780)\/"},{"GroupID":4,"InstanceID":1,"UserID":1,"GroupName":"rr","GroupCode":"00","ColorCode":"11","Status":0,"CreatedDate":"\/Date(1490089615503)\/"}]
2017-03-21 15:20:07.0543|DEBUG|IntegrationAPI.Helpers.LoggerFactory|Request End for : 0 Group Name :
2017-03-21 15:20:54.7629|DEBUG|IntegrationAPI.Helpers.LoggerFactory|Request Started for : 0 Group Name :Group4
2017-03-21 15:21:02.7876|DEBUG|IntegrationAPI.Helpers.LoggerFactory|Response Value : 0
2017-03-21 15:21:06.3551|DEBUG|IntegrationAPI.Helpers.LoggerFactory|Request End for : 0 Group Name :Group4
2017-03-21 15:26:02.8824|DEBUG|IntegrationAPI.Helpers.LoggerFactory|Request Started for : 0 Group Name :
2017-03-21 15:26:02.8980|DEBUG|IntegrationAPI.Helpers.LoggerFactory|Response Value : [{"GroupID":1,"InstanceID":1,"UserID":1,"GroupName":"group1","GroupCode":"grop001","ColorCode":"#000000","Status":0,"CreatedDate":"\/Date(1489429800000)\/"},{"GroupID":2,"InstanceID":1,"UserID":1,"GroupName":"group2","GroupCode":"grp002","ColorCode":"#ffffff","Status":1,"CreatedDate":"\/Date(1489553346780)\/"},{"GroupID":4,"InstanceID":1,"UserID":1,"GroupName":"rr","GroupCode":"00","ColorCode":"11","Status":0,"CreatedDate":"\/Date(1490089615503)\/"},{"GroupID":5,"InstanceID":1,"UserID":1,"GroupName":"Group4","GroupCode":"grp004","ColorCode":"#ee8c8c","Status":0,"CreatedDate":"\/Date(1490089844640)\/"}]
2017-03-21 15:26:02.8980|DEBUG|IntegrationAPI.Helpers.LoggerFactory|Request End for : 0 Group Name :
2017-03-21 15:37:58.9806|DEBUG|IntegrationAPI.Helpers.LoggerFactory|Request Started for : 0 Group Name :
2017-03-21 15:37:59.0778|DEBUG|IntegrationAPI.Helpers.LoggerFactory|Response Value : [{"GroupID":1,"InstanceID":1,"UserID":1,"GroupName":"group1","GroupCode":"grop001","ColorCode":"#000000","Status":0,"CreatedDate":"\/Date(1489429800000)\/"},{"GroupID":2,"InstanceID":1,"UserID":1,"GroupName":"group2","GroupCode":"grp002","ColorCode":"#ffffff","Status":1,"CreatedDate":"\/Date(1489553346780)\/"},{"GroupID":4,"InstanceID":1,"UserID":1,"GroupName":"rr","GroupCode":"00","ColorCode":"11","Status":0,"CreatedDate":"\/Date(1490089615503)\/"},{"GroupID":5,"InstanceID":1,"UserID":1,"GroupName":"Group4","GroupCode":"grp004","ColorCode":"#ee8c8c","Status":0,"CreatedDate":"\/Date(1490089844640)\/"}]
2017-03-21 15:37:59.0778|DEBUG|IntegrationAPI.Helpers.LoggerFactory|Request End for : 0 Group Name :
2017-03-21 15:38:19.6597|DEBUG|IntegrationAPI.Helpers.LoggerFactory|Request Started for : 0 Group Name :Group5
2017-03-21 15:38:20.7038|DEBUG|IntegrationAPI.Helpers.LoggerFactory|Response Value : 0
2017-03-21 15:38:20.7038|DEBUG|IntegrationAPI.Helpers.LoggerFactory|Request End for : 0 Group Name :Group5
2017-03-21 15:51:37.8968|DEBUG|IntegrationAPI.Helpers.LoggerFactory|Request Started for : 0 Group Name :
2017-03-21 15:51:38.4450|DEBUG|IntegrationAPI.Helpers.LoggerFactory|Response Value : [{"GroupID":1,"InstanceID":1,"UserID":1,"GroupName":"group1","GroupCode":"grop001","ColorCode":"#000000","Status":0,"CreatedDate":"\/Date(1489429800000)\/"},{"GroupID":2,"InstanceID":1,"UserID":1,"GroupName":"group2","GroupCode":"grp002","ColorCode":"#ffffff","Status":1,"CreatedDate":"\/Date(1489553346780)\/"},{"GroupID":4,"InstanceID":1,"UserID":1,"GroupName":"rr","GroupCode":"00","ColorCode":"11","Status":0,"CreatedDate":"\/Date(1490089615503)\/"},{"GroupID":5,"InstanceID":1,"UserID":1,"GroupName":"Group4","GroupCode":"grp004","ColorCode":"#ee8c8c","Status":0,"CreatedDate":"\/Date(1490089844640)\/"},{"GroupID":6,"InstanceID":1,"UserID":1,"GroupName":"Group5","GroupCode":"005","ColorCode":"#e06969","Status":0,"CreatedDate":"\/Date(1490090899593)\/"}]
2017-03-21 15:51:38.4450|DEBUG|IntegrationAPI.Helpers.LoggerFactory|Request End for : 0 Group Name :
2017-03-21 15:52:17.1928|DEBUG|IntegrationAPI.Helpers.LoggerFactory|Request Started for : 0 Group Name :
2017-03-21 15:52:37.5879|ERROR|LoggerFactory|Cannot insert the value NULL into column 'GroupName', table 'jptLaundry.dbo.groups'; column does not allow nulls. INSERT fails.
The statement has been terminated. - Cannot insert the value NULL into column 'GroupName', table 'jptLaundry.dbo.groups'; column does not allow nulls. INSERT fails.
The statement has been terminated. -    at System.Data.SqlClient.SqlConnection.OnError(SqlException exception, Boolean breakConnection, Action`1 wrapCloseInAction)
   at System.Data.SqlClient.SqlInternalConnection.OnError(SqlException exception, Boolean breakConnection, Action`1 wrapCloseInAction)
   at System.Data.SqlClient.TdsParser.ThrowExceptionAndWarning(TdsParserStateObject stateObj, Boolean callerHasConnectionLock, Boolean asyncClose)
   at System.Data.SqlClient.TdsParser.TryRun(RunBehavior runBehavior, SqlCommand cmdHandler, SqlDataReader dataStream, BulkCopySimpleResultSet bulkCopyHandler, TdsParserStateObject stateObj, Boolean& dataReady)
   at System.Data.SqlClient.SqlCommand.FinishExecuteReader(SqlDataReader ds, RunBehavior runBehavior, String resetOptionsString, Boolean isInternal, Boolean forDescribeParameterEncryption)
   at System.Data.SqlClient.SqlCommand.RunExecuteReaderTds(CommandBehavior cmdBehavior, RunBehavior runBehavior, Boolean returnStream, Boolean async, Int32 timeout, Task& task, Boolean asyncWrite, Boolean inRetry, SqlDataReader ds, Boolean describeParameterEncryptionRequest)
   at System.Data.SqlClient.SqlCommand.RunExecuteReader(CommandBehavior cmdBehavior, RunBehavior runBehavior, Boolean returnStream, String method, TaskCompletionSource`1 completion, Int32 timeout, Task& task, Boolean& usedCache, Boolean asyncWrite, Boolean inRetry)
   at System.Data.SqlClient.SqlCommand.InternalExecuteNonQuery(TaskCompletionSource`1 completion, String methodName, Boolean sendToPipe, Int32 timeout, Boolean& usedCache, Boolean asyncWrite, Boolean inRetry)
   at System.Data.SqlClient.SqlCommand.ExecuteNonQuery()
   at System.Data.Linq.SqlClient.SqlProvider.Execute(Expression query, QueryInfo queryInfo, IObjectReaderFactory factory, Object[] parentArgs, Object[] userArgs, ICompiledSubQuery[] subQueries, Object lastResult)
   at System.Data.Linq.SqlClient.SqlProvider.ExecuteAll(Expression query, QueryInfo[] queryInfos, IObjectReaderFactory factory, Object[] userArguments, ICompiledSubQuery[] subQueries)
   at System.Data.Linq.SqlClient.SqlProvider.System.Data.Linq.Provider.IProvider.Execute(Expression query)
   at System.Data.Linq.DataContext.ExecuteMethodCall(Object instance, MethodInfo methodInfo, Object[] parameters)
   at Integration_Repository.LaundryDBDataContext.SP_groups_Insert(Nullable`1& groupID, Nullable`1 instanceID, Nullable`1 userID, String groupName, String groupCode, String colorCode, Nullable`1 status, Nullable`1 createdDate) in D:\@Chaitali's Work\LaundryManagement\Laundry\Laundry\IntegrationAPI\Integration_Repository\LaundryDB.designer.cs:line 563
   at IntegrationAPI.Partial.groups_Entity.InsertGroups(clsgroups obj)
2017-03-21 15:52:37.6190|ERROR|LoggerFactory|Cannot insert the value NULL into column 'GroupName', table 'jptLaundry.dbo.groups'; column does not allow nulls. INSERT fails.
The statement has been terminated. - Cannot insert the value NULL into column 'GroupName', table 'jptLaundry.dbo.groups'; column does not allow nulls. INSERT fails.
The statement has been terminated. -    at IntegrationAPI.Partial.groups_Entity.InsertGroups(clsgroups obj)
   at IntegrationAPI.Services.groupsService.InsertGroups(clsgroups obj)
2017-03-21 15:52:37.6190|DEBUG|IntegrationAPI.Helpers.LoggerFactory|Response Value : 
2017-03-21 16:03:10.9194|DEBUG|IntegrationAPI.Helpers.LoggerFactory|Request Started for : 0 Group Name :
2017-03-21 16:03:11.0587|DEBUG|IntegrationAPI.Helpers.LoggerFactory|Response Value : [{"GroupID":1,"InstanceID":1,"UserID":1,"GroupName":"group1","GroupCode":"grop001","ColorCode":"#000000","Status":0,"CreatedDate":"\/Date(1489429800000)\/"},{"GroupID":2,"InstanceID":1,"UserID":1,"GroupName":"group2","GroupCode":"grp002","ColorCode":"#ffffff","Status":1,"CreatedDate":"\/Date(1489553346780)\/"},{"GroupID":4,"InstanceID":1,"UserID":1,"GroupName":"rr","GroupCode":"00","ColorCode":"11","Status":0,"CreatedDate":"\/Date(1490089615503)\/"},{"GroupID":5,"InstanceID":1,"UserID":1,"GroupName":"Group4","GroupCode":"grp004","ColorCode":"#ee8c8c","Status":0,"CreatedDate":"\/Date(1490089844640)\/"},{"GroupID":6,"InstanceID":1,"UserID":1,"GroupName":"Group5","GroupCode":"005","ColorCode":"#e06969","Status":0,"CreatedDate":"\/Date(1490090899593)\/"}]
2017-03-21 16:03:11.0587|DEBUG|IntegrationAPI.Helpers.LoggerFactory|Request End for : 0 Group Name :
2017-03-21 16:04:58.0144|DEBUG|IntegrationAPI.Helpers.LoggerFactory|Request Started for : 0 Group Name :
2017-03-21 16:04:58.1871|DEBUG|IntegrationAPI.Helpers.LoggerFactory|Response Value : [{"GroupID":1,"InstanceID":1,"UserID":1,"GroupName":"group1","GroupCode":"grop001","ColorCode":"#000000","Status":0,"CreatedDate":"\/Date(1489429800000)\/"},{"GroupID":2,"InstanceID":1,"UserID":1,"GroupName":"group2","GroupCode":"grp002","ColorCode":"#ffffff","Status":1,"CreatedDate":"\/Date(1489553346780)\/"},{"GroupID":4,"InstanceID":1,"UserID":1,"GroupName":"rr","GroupCode":"00","ColorCode":"11","Status":0,"CreatedDate":"\/Date(1490089615503)\/"},{"GroupID":5,"InstanceID":1,"UserID":1,"GroupName":"Group4","GroupCode":"grp004","ColorCode":"#ee8c8c","Status":0,"CreatedDate":"\/Date(1490089844640)\/"},{"GroupID":6,"InstanceID":1,"UserID":1,"GroupName":"Group5","GroupCode":"005","ColorCode":"#e06969","Status":0,"CreatedDate":"\/Date(1490090899593)\/"}]
2017-03-21 16:04:58.2027|DEBUG|IntegrationAPI.Helpers.LoggerFactory|Request End for : 0 Group Name :
2017-03-21 16:05:42.9095|DEBUG|IntegrationAPI.Helpers.LoggerFactory|Request Started for : 0 Group Name :
2017-03-21 16:05:42.9752|DEBUG|IntegrationAPI.Helpers.LoggerFactory|Response Value : [{"GroupID":1,"InstanceID":1,"UserID":1,"GroupName":"group1","GroupCode":"grop001","ColorCode":"#000000","Status":0,"CreatedDate":"\/Date(1489429800000)\/"},{"GroupID":2,"InstanceID":1,"UserID":1,"GroupName":"group2","GroupCode":"grp002","ColorCode":"#ffffff","Status":1,"CreatedDate":"\/Date(1489553346780)\/"},{"GroupID":4,"InstanceID":1,"UserID":1,"GroupName":"rr","GroupCode":"00","ColorCode":"11","Status":0,"CreatedDate":"\/Date(1490089615503)\/"},{"GroupID":5,"InstanceID":1,"UserID":1,"GroupName":"Group4","GroupCode":"grp004","ColorCode":"#ee8c8c","Status":0,"CreatedDate":"\/Date(1490089844640)\/"},{"GroupID":6,"InstanceID":1,"UserID":1,"GroupName":"Group5","GroupCode":"005","ColorCode":"#e06969","Status":0,"CreatedDate":"\/Date(1490090899593)\/"}]
2017-03-21 16:05:42.9752|DEBUG|IntegrationAPI.Helpers.LoggerFactory|Request End for : 0 Group Name :
2017-03-21 16:08:06.1560|DEBUG|IntegrationAPI.Helpers.LoggerFactory|Request Started for : 0 Group Name :
2017-03-21 16:08:06.1560|DEBUG|IntegrationAPI.Helpers.LoggerFactory|Response Value : [{"GroupID":1,"InstanceID":1,"UserID":1,"GroupName":"group1","GroupCode":"grop001","ColorCode":"#000000","Status":0,"CreatedDate":"\/Date(1489429800000)\/"},{"GroupID":2,"InstanceID":1,"UserID":1,"GroupName":"group2","GroupCode":"grp002","ColorCode":"#ffffff","Status":1,"CreatedDate":"\/Date(1489553346780)\/"},{"GroupID":4,"InstanceID":1,"UserID":1,"GroupName":"rr","GroupCode":"00","ColorCode":"11","Status":0,"CreatedDate":"\/Date(1490089615503)\/"},{"GroupID":5,"InstanceID":1,"UserID":1,"GroupName":"Group4","GroupCode":"grp004","ColorCode":"#ee8c8c","Status":0,"CreatedDate":"\/Date(1490089844640)\/"},{"GroupID":6,"InstanceID":1,"UserID":1,"GroupName":"Group5","GroupCode":"005","ColorCode":"#e06969","Status":0,"CreatedDate":"\/Date(1490090899593)\/"}]
2017-03-21 16:08:06.1560|DEBUG|IntegrationAPI.Helpers.LoggerFactory|Request End for : 0 Group Name :
2017-03-21 16:10:24.3325|DEBUG|IntegrationAPI.Helpers.LoggerFactory|Request Started for : 0 Group Name :
2017-03-21 16:10:24.3666|DEBUG|IntegrationAPI.Helpers.LoggerFactory|Response Value : [{"GroupID":1,"InstanceID":1,"UserID":1,"GroupName":"group1","GroupCode":"grop001","ColorCode":"#000000","Status":0,"CreatedDate":"\/Date(1489429800000)\/"},{"GroupID":2,"InstanceID":1,"UserID":1,"GroupName":"group2","GroupCode":"grp002","ColorCode":"#ffffff","Status":1,"CreatedDate":"\/Date(1489553346780)\/"},{"GroupID":4,"InstanceID":1,"UserID":1,"GroupName":"rr","GroupCode":"00","ColorCode":"11","Status":0,"CreatedDate":"\/Date(1490089615503)\/"},{"GroupID":5,"InstanceID":1,"UserID":1,"GroupName":"Group4","GroupCode":"grp004","ColorCode":"#ee8c8c","Status":0,"CreatedDate":"\/Date(1490089844640)\/"},{"GroupID":6,"InstanceID":1,"UserID":1,"GroupName":"Group5","GroupCode":"005","ColorCode":"#e06969","Status":0,"CreatedDate":"\/Date(1490090899593)\/"}]
2017-03-21 16:10:24.3666|DEBUG|IntegrationAPI.Helpers.LoggerFactory|Request End for : 0 Group Name :
2017-03-21 16:12:22.1296|DEBUG|IntegrationAPI.Helpers.LoggerFactory|Request Started for : 0 Group Name :
2017-03-21 16:12:22.1733|DEBUG|IntegrationAPI.Helpers.LoggerFactory|Response Value : [{"GroupID":1,"InstanceID":1,"UserID":1,"GroupName":"group1","GroupCode":"grop001","ColorCode":"#000000","Status":0,"CreatedDate":"\/Date(1489429800000)\/"},{"GroupID":2,"InstanceID":1,"UserID":1,"GroupName":"group2","GroupCode":"grp002","ColorCode":"#ffffff","Status":1,"CreatedDate":"\/Date(1489553346780)\/"},{"GroupID":4,"InstanceID":1,"UserID":1,"GroupName":"rr","GroupCode":"00","ColorCode":"11","Status":0,"CreatedDate":"\/Date(1490089615503)\/"},{"GroupID":5,"InstanceID":1,"UserID":1,"GroupName":"Group4","GroupCode":"grp004","ColorCode":"#ee8c8c","Status":0,"CreatedDate":"\/Date(1490089844640)\/"},{"GroupID":6,"InstanceID":1,"UserID":1,"GroupName":"Group5","GroupCode":"005","ColorCode":"#e06969","Status":0,"CreatedDate":"\/Date(1490090899593)\/"}]
2017-03-21 16:12:22.1733|DEBUG|IntegrationAPI.Helpers.LoggerFactory|Request End for : 0 Group Name :
2017-03-21 16:14:04.9713|DEBUG|IntegrationAPI.Helpers.LoggerFactory|Request Started for : 0 Group Name :
2017-03-21 16:14:04.9808|DEBUG|IntegrationAPI.Helpers.LoggerFactory|Response Value : [{"GroupID":1,"InstanceID":1,"UserID":1,"GroupName":"group1","GroupCode":"grop001","ColorCode":"#000000","Status":0,"CreatedDate":"\/Date(1489429800000)\/"},{"GroupID":2,"InstanceID":1,"UserID":1,"GroupName":"group2","GroupCode":"grp002","ColorCode":"#ffffff","Status":1,"CreatedDate":"\/Date(1489553346780)\/"},{"GroupID":4,"InstanceID":1,"UserID":1,"GroupName":"rr","GroupCode":"00","ColorCode":"11","Status":0,"CreatedDate":"\/Date(1490089615503)\/"},{"GroupID":5,"InstanceID":1,"UserID":1,"GroupName":"Group4","GroupCode":"grp004","ColorCode":"#ee8c8c","Status":0,"CreatedDate":"\/Date(1490089844640)\/"},{"GroupID":6,"InstanceID":1,"UserID":1,"GroupName":"Group5","GroupCode":"005","ColorCode":"#e06969","Status":0,"CreatedDate":"\/Date(1490090899593)\/"}]
2017-03-21 16:14:04.9808|DEBUG|IntegrationAPI.Helpers.LoggerFactory|Request End for : 0 Group Name :
2017-03-21 16:15:27.7244|DEBUG|IntegrationAPI.Helpers.LoggerFactory|Request Started for : 0 Group Name :
2017-03-21 16:15:27.8215|DEBUG|IntegrationAPI.Helpers.LoggerFactory|Response Value : [{"GroupID":1,"InstanceID":1,"UserID":1,"GroupName":"group1","GroupCode":"grop001","ColorCode":"#000000","Status":0,"CreatedDate":"\/Date(1489429800000)\/"},{"GroupID":2,"InstanceID":1,"UserID":1,"GroupName":"group2","GroupCode":"grp002","ColorCode":"#ffffff","Status":1,"CreatedDate":"\/Date(1489553346780)\/"},{"GroupID":4,"InstanceID":1,"UserID":1,"GroupName":"rr","GroupCode":"00","ColorCode":"11","Status":0,"CreatedDate":"\/Date(1490089615503)\/"},{"GroupID":5,"InstanceID":1,"UserID":1,"GroupName":"Group4","GroupCode":"grp004","ColorCode":"#ee8c8c","Status":0,"CreatedDate":"\/Date(1490089844640)\/"},{"GroupID":6,"InstanceID":1,"UserID":1,"GroupName":"Group5","GroupCode":"005","ColorCode":"#e06969","Status":0,"CreatedDate":"\/Date(1490090899593)\/"}]
2017-03-21 16:15:27.8371|DEBUG|IntegrationAPI.Helpers.LoggerFactory|Request End for : 0 Group Name :
2017-03-21 16:16:58.5129|DEBUG|IntegrationAPI.Helpers.LoggerFactory|Request Started for : 0 Group Name :
2017-03-21 16:16:58.5665|DEBUG|IntegrationAPI.Helpers.LoggerFactory|Response Value : [{"GroupID":1,"InstanceID":1,"UserID":1,"GroupName":"group1","GroupCode":"grop001","ColorCode":"#000000","Status":0,"CreatedDate":"\/Date(1489429800000)\/"},{"GroupID":2,"InstanceID":1,"UserID":1,"GroupName":"group2","GroupCode":"grp002","ColorCode":"#ffffff","Status":1,"CreatedDate":"\/Date(1489553346780)\/"},{"GroupID":4,"InstanceID":1,"UserID":1,"GroupName":"rr","GroupCode":"00","ColorCode":"11","Status":0,"CreatedDate":"\/Date(1490089615503)\/"},{"GroupID":5,"InstanceID":1,"UserID":1,"GroupName":"Group4","GroupCode":"grp004","ColorCode":"#ee8c8c","Status":0,"CreatedDate":"\/Date(1490089844640)\/"},{"GroupID":6,"InstanceID":1,"UserID":1,"GroupName":"Group5","GroupCode":"005","ColorCode":"#e06969","Status":0,"CreatedDate":"\/Date(1490090899593)\/"}]
2017-03-21 16:16:58.5670|DEBUG|IntegrationAPI.Helpers.LoggerFactory|Request End for : 0 Group Name :
2017-03-21 16:17:41.6504|DEBUG|IntegrationAPI.Helpers.LoggerFactory|Request Started for : 0 Group Name :
2017-03-21 16:17:41.6859|DEBUG|IntegrationAPI.Helpers.LoggerFactory|Response Value : [{"GroupID":1,"InstanceID":1,"UserID":1,"GroupName":"group1","GroupCode":"grop001","ColorCode":"#000000","Status":0,"CreatedDate":"\/Date(1489429800000)\/"},{"GroupID":2,"InstanceID":1,"UserID":1,"GroupName":"group2","GroupCode":"grp002","ColorCode":"#ffffff","Status":1,"CreatedDate":"\/Date(1489553346780)\/"},{"GroupID":4,"InstanceID":1,"UserID":1,"GroupName":"rr","GroupCode":"00","ColorCode":"11","Status":0,"CreatedDate":"\/Date(1490089615503)\/"},{"GroupID":5,"InstanceID":1,"UserID":1,"GroupName":"Group4","GroupCode":"grp004","ColorCode":"#ee8c8c","Status":0,"CreatedDate":"\/Date(1490089844640)\/"},{"GroupID":6,"InstanceID":1,"UserID":1,"GroupName":"Group5","GroupCode":"005","ColorCode":"#e06969","Status":0,"CreatedDate":"\/Date(1490090899593)\/"}]
2017-03-21 16:17:41.6859|DEBUG|IntegrationAPI.Helpers.LoggerFactory|Request End for : 0 Group Name :
2017-03-21 16:18:44.8965|DEBUG|IntegrationAPI.Helpers.LoggerFactory|Request Started for : 0 Group Name :
2017-03-21 16:18:44.8965|DEBUG|IntegrationAPI.Helpers.LoggerFactory|Response Value : [{"GroupID":1,"InstanceID":1,"UserID":1,"GroupName":"group1","GroupCode":"grop001","ColorCode":"#000000","Status":0,"CreatedDate":"\/Date(1489429800000)\/"},{"GroupID":2,"InstanceID":1,"UserID":1,"GroupName":"group2","GroupCode":"grp002","ColorCode":"#ffffff","Status":1,"CreatedDate":"\/Date(1489553346780)\/"},{"GroupID":4,"InstanceID":1,"UserID":1,"GroupName":"rr","GroupCode":"00","ColorCode":"11","Status":0,"CreatedDate":"\/Date(1490089615503)\/"},{"GroupID":5,"InstanceID":1,"UserID":1,"GroupName":"Group4","GroupCode":"grp004","ColorCode":"#ee8c8c","Status":0,"CreatedDate":"\/Date(1490089844640)\/"},{"GroupID":6,"InstanceID":1,"UserID":1,"GroupName":"Group5","GroupCode":"005","ColorCode":"#e06969","Status":0,"CreatedDate":"\/Date(1490090899593)\/"}]
2017-03-21 16:18:44.9125|DEBUG|IntegrationAPI.Helpers.LoggerFactory|Request End for : 0 Group Name :
2017-03-21 16:19:15.2973|DEBUG|IntegrationAPI.Helpers.LoggerFactory|Request Started for : 0 Group Name :sds
2017-03-21 16:19:26.0189|DEBUG|IntegrationAPI.Helpers.LoggerFactory|Response Value : 0
2017-03-21 16:19:30.5829|DEBUG|IntegrationAPI.Helpers.LoggerFactory|Request End for : 0 Group Name :sds
2017-03-21 16:44:18.0605|DEBUG|IntegrationAPI.Helpers.LoggerFactory|Request Started for : 0 Group Name :
2017-03-21 16:44:18.5040|DEBUG|IntegrationAPI.Helpers.LoggerFactory|Response Value : [{"GroupID":1,"InstanceID":1,"UserID":1,"GroupName":"group1","GroupCode":"grop001","ColorCode":"#000000","Status":0,"CreatedDate":"\/Date(1489429800000)\/"},{"GroupID":2,"InstanceID":1,"UserID":1,"GroupName":"group2","GroupCode":"grp002","ColorCode":"#ffffff","Status":1,"CreatedDate":"\/Date(1489553346780)\/"},{"GroupID":4,"InstanceID":1,"UserID":1,"GroupName":"rr","GroupCode":"00","ColorCode":"11","Status":0,"CreatedDate":"\/Date(1490089615503)\/"},{"GroupID":5,"InstanceID":1,"UserID":1,"GroupName":"Group4","GroupCode":"grp004","ColorCode":"#ee8c8c","Status":0,"CreatedDate":"\/Date(1490089844640)\/"},{"GroupID":6,"InstanceID":1,"UserID":1,"GroupName":"Group5","GroupCode":"005","ColorCode":"#e06969","Status":0,"CreatedDate":"\/Date(1490090899593)\/"},{"GroupID":8,"InstanceID":1,"UserID":1,"GroupName":"sds","GroupCode":"23","ColorCode":"#190909","Status":1,"CreatedDate":"\/Date(1490093346130)\/"}]
2017-03-21 16:44:18.5040|DEBUG|IntegrationAPI.Helpers.LoggerFactory|Request End for : 0 Group Name :
2017-03-21 16:49:38.1935|DEBUG|IntegrationAPI.Helpers.LoggerFactory|Request Started for : 0 Group Name :
2017-03-21 16:49:38.2521|DEBUG|IntegrationAPI.Helpers.LoggerFactory|Response Value : [{"GroupID":1,"InstanceID":1,"UserID":1,"GroupName":"group1","GroupCode":"grop001","ColorCode":"#000000","Status":0,"CreatedDate":"\/Date(1489429800000)\/"},{"GroupID":2,"InstanceID":1,"UserID":1,"GroupName":"group2","GroupCode":"grp002","ColorCode":"#ffffff","Status":1,"CreatedDate":"\/Date(1489553346780)\/"},{"GroupID":4,"InstanceID":1,"UserID":1,"GroupName":"rr","GroupCode":"00","ColorCode":"11","Status":0,"CreatedDate":"\/Date(1490089615503)\/"},{"GroupID":5,"InstanceID":1,"UserID":1,"GroupName":"Group4","GroupCode":"grp004","ColorCode":"#ee8c8c","Status":0,"CreatedDate":"\/Date(1490089844640)\/"},{"GroupID":6,"InstanceID":1,"UserID":1,"GroupName":"Group5","GroupCode":"005","ColorCode":"#e06969","Status":0,"CreatedDate":"\/Date(1490090899593)\/"},{"GroupID":8,"InstanceID":1,"UserID":1,"GroupName":"sds","GroupCode":"23","ColorCode":"#190909","Status":1,"CreatedDate":"\/Date(1490093346130)\/"}]
2017-03-21 16:49:38.2521|DEBUG|IntegrationAPI.Helpers.LoggerFactory|Request End for : 0 Group Name :
2017-03-21 16:50:07.3820|DEBUG|IntegrationAPI.Helpers.LoggerFactory|Request Started for : 0 Group Name :
2017-03-21 16:50:07.3820|DEBUG|IntegrationAPI.Helpers.LoggerFactory|Response Value : [{"GroupID":1,"InstanceID":1,"UserID":1,"GroupName":"group1","GroupCode":"grop001","ColorCode":"#000000","Status":0,"CreatedDate":"\/Date(1489429800000)\/"},{"GroupID":2,"InstanceID":1,"UserID":1,"GroupName":"group2","GroupCode":"grp002","ColorCode":"#ffffff","Status":1,"CreatedDate":"\/Date(1489553346780)\/"},{"GroupID":4,"InstanceID":1,"UserID":1,"GroupName":"rr","GroupCode":"00","ColorCode":"11","Status":0,"CreatedDate":"\/Date(1490089615503)\/"},{"GroupID":5,"InstanceID":1,"UserID":1,"GroupName":"Group4","GroupCode":"grp004","ColorCode":"#ee8c8c","Status":0,"CreatedDate":"\/Date(1490089844640)\/"},{"GroupID":6,"InstanceID":1,"UserID":1,"GroupName":"Group5","GroupCode":"005","ColorCode":"#e06969","Status":0,"CreatedDate":"\/Date(1490090899593)\/"},{"GroupID":8,"InstanceID":1,"UserID":1,"GroupName":"sds","GroupCode":"23","ColorCode":"#190909","Status":1,"CreatedDate":"\/Date(1490093346130)\/"}]
2017-03-21 16:50:07.3981|DEBUG|IntegrationAPI.Helpers.LoggerFactory|Request End for : 0 Group Name :
2017-03-21 16:50:44.3443|DEBUG|IntegrationAPI.Helpers.LoggerFactory|Request Started for : 0 Group Name :
2017-03-21 16:50:44.3964|DEBUG|IntegrationAPI.Helpers.LoggerFactory|Response Value : [{"GroupID":1,"InstanceID":1,"UserID":1,"GroupName":"group1","GroupCode":"grop001","ColorCode":"#000000","Status":0,"CreatedDate":"\/Date(1489429800000)\/"},{"GroupID":2,"InstanceID":1,"UserID":1,"GroupName":"group2","GroupCode":"grp002","ColorCode":"#ffffff","Status":1,"CreatedDate":"\/Date(1489553346780)\/"},{"GroupID":4,"InstanceID":1,"UserID":1,"GroupName":"rr","GroupCode":"00","ColorCode":"11","Status":0,"CreatedDate":"\/Date(1490089615503)\/"},{"GroupID":5,"InstanceID":1,"UserID":1,"GroupName":"Group4","GroupCode":"grp004","ColorCode":"#ee8c8c","Status":0,"CreatedDate":"\/Date(1490089844640)\/"},{"GroupID":6,"InstanceID":1,"UserID":1,"GroupName":"Group5","GroupCode":"005","ColorCode":"#e06969","Status":0,"CreatedDate":"\/Date(1490090899593)\/"},{"GroupID":8,"InstanceID":1,"UserID":1,"GroupName":"sds","GroupCode":"23","ColorCode":"#190909","Status":1,"CreatedDate":"\/Date(1490093346130)\/"}]
2017-03-21 16:50:44.3964|DEBUG|IntegrationAPI.Helpers.LoggerFactory|Request End for : 0 Group Name :
2017-03-21 16:51:07.3123|DEBUG|IntegrationAPI.Helpers.LoggerFactory|Request Started for : 0 Group Name :
2017-03-21 16:51:07.3679|DEBUG|IntegrationAPI.Helpers.LoggerFactory|Response Value : [{"GroupID":1,"InstanceID":1,"UserID":1,"GroupName":"group1","GroupCode":"grop001","ColorCode":"#000000","Status":0,"CreatedDate":"\/Date(1489429800000)\/"},{"GroupID":2,"InstanceID":1,"UserID":1,"GroupName":"group2","GroupCode":"grp002","ColorCode":"#ffffff","Status":1,"CreatedDate":"\/Date(1489553346780)\/"},{"GroupID":4,"InstanceID":1,"UserID":1,"GroupName":"rr","GroupCode":"00","ColorCode":"11","Status":0,"CreatedDate":"\/Date(1490089615503)\/"},{"GroupID":5,"InstanceID":1,"UserID":1,"GroupName":"Group4","GroupCode":"grp004","ColorCode":"#ee8c8c","Status":0,"CreatedDate":"\/Date(1490089844640)\/"},{"GroupID":6,"InstanceID":1,"UserID":1,"GroupName":"Group5","GroupCode":"005","ColorCode":"#e06969","Status":0,"CreatedDate":"\/Date(1490090899593)\/"},{"GroupID":8,"InstanceID":1,"UserID":1,"GroupName":"sds","GroupCode":"23","ColorCode":"#190909","Status":1,"CreatedDate":"\/Date(1490093346130)\/"}]
2017-03-21 16:51:07.3679|DEBUG|IntegrationAPI.Helpers.LoggerFactory|Request End for : 0 Group Name :
2017-03-21 16:53:01.9059|DEBUG|IntegrationAPI.Helpers.LoggerFactory|Request Started for : 0 Group Name :
2017-03-21 16:53:01.9059|DEBUG|IntegrationAPI.Helpers.LoggerFactory|Response Value : [{"GroupID":1,"InstanceID":1,"UserID":1,"GroupName":"group1","GroupCode":"grop001","ColorCode":"#000000","Status":0,"CreatedDate":"\/Date(1489429800000)\/"},{"GroupID":2,"InstanceID":1,"UserID":1,"GroupName":"group2","GroupCode":"grp002","ColorCode":"#ffffff","Status":1,"CreatedDate":"\/Date(1489553346780)\/"},{"GroupID":4,"InstanceID":1,"UserID":1,"GroupName":"rr","GroupCode":"00","ColorCode":"11","Status":0,"CreatedDate":"\/Date(1490089615503)\/"},{"GroupID":5,"InstanceID":1,"UserID":1,"GroupName":"Group4","GroupCode":"grp004","ColorCode":"#ee8c8c","Status":0,"CreatedDate":"\/Date(1490089844640)\/"},{"GroupID":6,"InstanceID":1,"UserID":1,"GroupName":"Group5","GroupCode":"005","ColorCode":"#e06969","Status":0,"CreatedDate":"\/Date(1490090899593)\/"},{"GroupID":8,"InstanceID":1,"UserID":1,"GroupName":"sds","GroupCode":"23","ColorCode":"#190909","Status":1,"CreatedDate":"\/Date(1490093346130)\/"}]
2017-03-21 16:53:01.9230|DEBUG|IntegrationAPI.Helpers.LoggerFactory|Request End for : 0 Group Name :
2017-03-21 16:53:35.0979|DEBUG|IntegrationAPI.Helpers.LoggerFactory|Request Started for : 0 Group Name :sd
2017-03-21 16:53:38.1109|DEBUG|IntegrationAPI.Helpers.LoggerFactory|Response Value : 0
2017-03-21 16:53:38.1109|DEBUG|IntegrationAPI.Helpers.LoggerFactory|Request End for : 0 Group Name :sd
2017-03-21 16:55:03.1769|DEBUG|IntegrationAPI.Helpers.LoggerFactory|Request Started for : 0 Group Name :
2017-03-21 16:55:03.1769|DEBUG|IntegrationAPI.Helpers.LoggerFactory|Response Value : [{"GroupID":1,"InstanceID":1,"UserID":1,"GroupName":"group1","GroupCode":"grop001","ColorCode":"#000000","Status":0,"CreatedDate":"\/Date(1489429800000)\/"},{"GroupID":2,"InstanceID":1,"UserID":1,"GroupName":"group2","GroupCode":"grp002","ColorCode":"#ffffff","Status":1,"CreatedDate":"\/Date(1489553346780)\/"},{"GroupID":4,"InstanceID":1,"UserID":1,"GroupName":"rr","GroupCode":"00","ColorCode":"11","Status":0,"CreatedDate":"\/Date(1490089615503)\/"},{"GroupID":5,"InstanceID":1,"UserID":1,"GroupName":"Group4","GroupCode":"grp004","ColorCode":"#ee8c8c","Status":0,"CreatedDate":"\/Date(1490089844640)\/"},{"GroupID":6,"InstanceID":1,"UserID":1,"GroupName":"Group5","GroupCode":"005","ColorCode":"#e06969","Status":0,"CreatedDate":"\/Date(1490090899593)\/"},{"GroupID":8,"InstanceID":1,"UserID":1,"GroupName":"sds","GroupCode":"23","ColorCode":"#190909","Status":1,"CreatedDate":"\/Date(1490093346130)\/"},{"GroupID":9,"InstanceID":1,"UserID":1,"GroupName":"sd","GroupCode":"23","ColorCode":"#2c1b1b","Status":1,"CreatedDate":"\/Date(1490095415087)\/"}]
2017-03-21 16:55:03.1769|DEBUG|IntegrationAPI.Helpers.LoggerFactory|Request End for : 0 Group Name :
2017-03-21 16:56:24.3426|DEBUG|IntegrationAPI.Helpers.LoggerFactory|Request Started for : 0 Group Name :
2017-03-21 16:56:24.3426|DEBUG|IntegrationAPI.Helpers.LoggerFactory|Response Value : [{"GroupID":1,"InstanceID":1,"UserID":1,"GroupName":"group1","GroupCode":"grop001","ColorCode":"#000000","Status":0,"CreatedDate":"\/Date(1489429800000)\/"},{"GroupID":2,"InstanceID":1,"UserID":1,"GroupName":"group2","GroupCode":"grp002","ColorCode":"#ffffff","Status":1,"CreatedDate":"\/Date(1489553346780)\/"},{"GroupID":4,"InstanceID":1,"UserID":1,"GroupName":"rr","GroupCode":"00","ColorCode":"11","Status":0,"CreatedDate":"\/Date(1490089615503)\/"},{"GroupID":5,"InstanceID":1,"UserID":1,"GroupName":"Group4","GroupCode":"grp004","ColorCode":"#ee8c8c","Status":0,"CreatedDate":"\/Date(1490089844640)\/"},{"GroupID":6,"InstanceID":1,"UserID":1,"GroupName":"Group5","GroupCode":"005","ColorCode":"#e06969","Status":0,"CreatedDate":"\/Date(1490090899593)\/"},{"GroupID":8,"InstanceID":1,"UserID":1,"GroupName":"sds","GroupCode":"23","ColorCode":"#190909","Status":1,"CreatedDate":"\/Date(1490093346130)\/"},{"GroupID":9,"InstanceID":1,"UserID":1,"GroupName":"sd","GroupCode":"23","ColorCode":"#2c1b1b","Status":1,"CreatedDate":"\/Date(1490095415087)\/"}]
2017-03-21 16:56:24.4394|DEBUG|IntegrationAPI.Helpers.LoggerFactory|Request End for : 0 Group Name :
2017-03-21 17:03:49.7456|DEBUG|IntegrationAPI.Helpers.LoggerFactory|Request Started for : 0 Group Name :
2017-03-21 17:03:49.8128|DEBUG|IntegrationAPI.Helpers.LoggerFactory|Response Value : [{"GroupID":1,"InstanceID":1,"UserID":1,"GroupName":"group1","GroupCode":"grop001","ColorCode":"#000000","Status":0,"CreatedDate":"\/Date(1489429800000)\/"},{"GroupID":2,"InstanceID":1,"UserID":1,"GroupName":"group2","GroupCode":"grp002","ColorCode":"#ffffff","Status":1,"CreatedDate":"\/Date(1489553346780)\/"},{"GroupID":4,"InstanceID":1,"UserID":1,"GroupName":"rr","GroupCode":"00","ColorCode":"11","Status":0,"CreatedDate":"\/Date(1490089615503)\/"},{"GroupID":5,"InstanceID":1,"UserID":1,"GroupName":"Group4","GroupCode":"grp004","ColorCode":"#ee8c8c","Status":0,"CreatedDate":"\/Date(1490089844640)\/"},{"GroupID":6,"InstanceID":1,"UserID":1,"GroupName":"Group5","GroupCode":"005","ColorCode":"#e06969","Status":0,"CreatedDate":"\/Date(1490090899593)\/"},{"GroupID":8,"InstanceID":1,"UserID":1,"GroupName":"sds","GroupCode":"23","ColorCode":"#190909","Status":1,"CreatedDate":"\/Date(1490093346130)\/"},{"GroupID":9,"InstanceID":1,"UserID":1,"GroupName":"sd","GroupCode":"23","ColorCode":"#2c1b1b","Status":1,"CreatedDate":"\/Date(1490095415087)\/"}]
2017-03-21 17:03:49.8128|DEBUG|IntegrationAPI.Helpers.LoggerFactory|Request End for : 0 Group Name :
2017-03-21 17:32:25.0683|DEBUG|IntegrationAPI.Helpers.LoggerFactory|Request Started for : 0 Group Name :
2017-03-21 17:32:27.6900|DEBUG|IntegrationAPI.Helpers.LoggerFactory|Response Value : [{"GroupID":1,"InstanceID":1,"UserID":1,"GroupName":"group1","GroupCode":"grop001","ColorCode":"#000000","Status":0,"CreatedDate":"\/Date(1489429800000)\/"},{"GroupID":2,"InstanceID":1,"UserID":1,"GroupName":"group2","GroupCode":"grp002","ColorCode":"#ffffff","Status":1,"CreatedDate":"\/Date(1489553346780)\/"},{"GroupID":4,"InstanceID":1,"UserID":1,"GroupName":"rr","GroupCode":"00","ColorCode":"11","Status":0,"CreatedDate":"\/Date(1490089615503)\/"},{"GroupID":5,"InstanceID":1,"UserID":1,"GroupName":"Group4","GroupCode":"grp004","ColorCode":"#ee8c8c","Status":0,"CreatedDate":"\/Date(1490089844640)\/"},{"GroupID":6,"InstanceID":1,"UserID":1,"GroupName":"Group5","GroupCode":"005","ColorCode":"#e06969","Status":0,"CreatedDate":"\/Date(1490090899593)\/"},{"GroupID":8,"InstanceID":1,"UserID":1,"GroupName":"sds","GroupCode":"23","ColorCode":"#190909","Status":1,"CreatedDate":"\/Date(1490093346130)\/"},{"GroupID":9,"InstanceID":1,"UserID":1,"GroupName":"sd","GroupCode":"23","ColorCode":"#2c1b1b","Status":1,"CreatedDate":"\/Date(1490095415087)\/"}]
2017-03-21 17:32:27.6900|DEBUG|IntegrationAPI.Helpers.LoggerFactory|Request End for : 0 Group Name :
2017-03-21 17:52:11.1517|DEBUG|IntegrationAPI.Helpers.LoggerFactory|Request Started for : 0 Group Name :
2017-03-21 17:52:12.5401|DEBUG|IntegrationAPI.Helpers.LoggerFactory|Response Value : [{"GroupID":1,"InstanceID":1,"UserID":1,"GroupName":"group1","GroupCode":"grop001","ColorCode":"#000000","Status":0,"CreatedDate":"\/Date(1489429800000)\/"},{"GroupID":2,"InstanceID":1,"UserID":1,"GroupName":"group2","GroupCode":"grp002","ColorCode":"#ffffff","Status":1,"CreatedDate":"\/Date(1489553346780)\/"},{"GroupID":4,"InstanceID":1,"UserID":1,"GroupName":"rr","GroupCode":"00","ColorCode":"11","Status":0,"CreatedDate":"\/Date(1490089615503)\/"},{"GroupID":5,"InstanceID":1,"UserID":1,"GroupName":"Group4","GroupCode":"grp004","ColorCode":"#ee8c8c","Status":0,"CreatedDate":"\/Date(1490089844640)\/"},{"GroupID":6,"InstanceID":1,"UserID":1,"GroupName":"Group5","GroupCode":"005","ColorCode":"#e06969","Status":0,"CreatedDate":"\/Date(1490090899593)\/"},{"GroupID":8,"InstanceID":1,"UserID":1,"GroupName":"sds","GroupCode":"23","ColorCode":"#190909","Status":1,"CreatedDate":"\/Date(1490093346130)\/"},{"GroupID":9,"InstanceID":1,"UserID":1,"GroupName":"sd","GroupCode":"23","ColorCode":"#2c1b1b","Status":1,"CreatedDate":"\/Date(1490095415087)\/"}]
2017-03-21 17:52:12.5401|DEBUG|IntegrationAPI.Helpers.LoggerFactory|Request End for : 0 Group Name :
2017-03-21 17:59:55.4588|DEBUG|IntegrationAPI.Helpers.LoggerFactory|Request Started for : 0 Group Name :
2017-03-21 17:59:56.5097|DEBUG|IntegrationAPI.Helpers.LoggerFactory|Response Value : [{"GroupID":1,"InstanceID":1,"UserID":1,"GroupName":"group1","GroupCode":"grop001","ColorCode":"#000000","Status":0,"CreatedDate":"\/Date(1489429800000)\/"},{"GroupID":2,"InstanceID":1,"UserID":1,"GroupName":"group2","GroupCode":"grp002","ColorCode":"#ffffff","Status":1,"CreatedDate":"\/Date(1489553346780)\/"},{"GroupID":4,"InstanceID":1,"UserID":1,"GroupName":"rr","GroupCode":"00","ColorCode":"11","Status":0,"CreatedDate":"\/Date(1490089615503)\/"},{"GroupID":5,"InstanceID":1,"UserID":1,"GroupName":"Group4","GroupCode":"grp004","ColorCode":"#ee8c8c","Status":0,"CreatedDate":"\/Date(1490089844640)\/"},{"GroupID":6,"InstanceID":1,"UserID":1,"GroupName":"Group5","GroupCode":"005","ColorCode":"#e06969","Status":0,"CreatedDate":"\/Date(1490090899593)\/"},{"GroupID":8,"InstanceID":1,"UserID":1,"GroupName":"sds","GroupCode":"23","ColorCode":"#190909","Status":1,"CreatedDate":"\/Date(1490093346130)\/"},{"GroupID":9,"InstanceID":1,"UserID":1,"GroupName":"sd","GroupCode":"23","ColorCode":"#2c1b1b","Status":1,"CreatedDate":"\/Date(1490095415087)\/"}]
2017-03-21 17:59:56.5097|DEBUG|IntegrationAPI.Helpers.LoggerFactory|Request End for : 0 Group Name :
2017-03-21 18:01:21.4871|ERROR|IntegrationAPI.Helpers.NLogger|Method: POST
URL: http://localhost:52761/GetgroupsDetailById
Controller : IntegrationAPI.Controllers.groupsController
Action : GetgroupsDetailById
Action Parameters : A circular reference was detected while serializing an object of type 'System.Reflection.RuntimeModule'.
Error: Object reference not set to an instance of an object.


2017-03-21 18:17:36.7155|ERROR|IntegrationAPI.Helpers.NLogger|Method: POST
URL: http://localhost:52761/GetgroupsDetailById
Controller : IntegrationAPI.Controllers.groupsController
Action : GetgroupsDetailById
Action Parameters : A circular reference was detected while serializing an object of type 'System.Reflection.RuntimeModule'.
Error: Object reference not set to an instance of an object.


2017-03-21 18:17:37.2994|DEBUG|IntegrationAPI.Helpers.LoggerFactory|Request Started for : 0 Group Name :
2017-03-21 18:18:16.1596|DEBUG|IntegrationAPI.Helpers.LoggerFactory|Request Started for : 0 Group Name :
2017-03-21 18:17:37.4618|DEBUG|IntegrationAPI.Helpers.LoggerFactory|Request Started for : 0 Group Name :
2017-03-21 18:23:04.6079|DEBUG|IntegrationAPI.Helpers.LoggerFactory|Request Started for : 0 Group Name :
2017-03-21 18:23:09.9815|DEBUG|IntegrationAPI.Helpers.LoggerFactory|Response Value : [{"GroupID":1,"InstanceID":1,"UserID":1,"GroupName":"group1","GroupCode":"grop001","ColorCode":"#000000","Status":0,"CreatedDate":"\/Date(1489429800000)\/"},{"GroupID":2,"InstanceID":1,"UserID":1,"GroupName":"group2","GroupCode":"grp002","ColorCode":"#ffffff","Status":1,"CreatedDate":"\/Date(1489553346780)\/"},{"GroupID":4,"InstanceID":1,"UserID":1,"GroupName":"rr","GroupCode":"00","ColorCode":"11","Status":0,"CreatedDate":"\/Date(1490089615503)\/"},{"GroupID":5,"InstanceID":1,"UserID":1,"GroupName":"Group4","GroupCode":"grp004","ColorCode":"#ee8c8c","Status":0,"CreatedDate":"\/Date(1490089844640)\/"},{"GroupID":6,"InstanceID":1,"UserID":1,"GroupName":"Group5","GroupCode":"005","ColorCode":"#e06969","Status":0,"CreatedDate":"\/Date(1490090899593)\/"},{"GroupID":8,"InstanceID":1,"UserID":1,"GroupName":"sds","GroupCode":"23","ColorCode":"#190909","Status":1,"CreatedDate":"\/Date(1490093346130)\/"},{"GroupID":9,"InstanceID":1,"UserID":1,"GroupName":"sd","GroupCode":"23","ColorCode":"#2c1b1b","Status":1,"CreatedDate":"\/Date(1490095415087)\/"}]
2017-03-21 18:23:10.0122|DEBUG|IntegrationAPI.Helpers.LoggerFactory|Request End for : 0 Group Name :
2017-03-21 18:23:46.9645|DEBUG|IntegrationAPI.Helpers.LoggerFactory|Request Started for : 0 Group Name :
2017-03-21 18:23:46.9735|DEBUG|IntegrationAPI.Helpers.LoggerFactory|Response Value : [{"GroupID":1,"InstanceID":1,"UserID":1,"GroupName":"group1","GroupCode":"grop001","ColorCode":"#000000","Status":0,"CreatedDate":"\/Date(1489429800000)\/"},{"GroupID":2,"InstanceID":1,"UserID":1,"GroupName":"group2","GroupCode":"grp002","ColorCode":"#ffffff","Status":1,"CreatedDate":"\/Date(1489553346780)\/"},{"GroupID":4,"InstanceID":1,"UserID":1,"GroupName":"rr","GroupCode":"00","ColorCode":"11","Status":0,"CreatedDate":"\/Date(1490089615503)\/"},{"GroupID":5,"InstanceID":1,"UserID":1,"GroupName":"Group4","GroupCode":"grp004","ColorCode":"#ee8c8c","Status":0,"CreatedDate":"\/Date(1490089844640)\/"},{"GroupID":6,"InstanceID":1,"UserID":1,"GroupName":"Group5","GroupCode":"005","ColorCode":"#e06969","Status":0,"CreatedDate":"\/Date(1490090899593)\/"},{"GroupID":8,"InstanceID":1,"UserID":1,"GroupName":"sds","GroupCode":"23","ColorCode":"#190909","Status":1,"CreatedDate":"\/Date(1490093346130)\/"},{"GroupID":9,"InstanceID":1,"UserID":1,"GroupName":"sd","GroupCode":"23","ColorCode":"#2c1b1b","Status":1,"CreatedDate":"\/Date(1490095415087)\/"}]
2017-03-21 18:23:46.9735|DEBUG|IntegrationAPI.Helpers.LoggerFactory|Request End for : 0 Group Name :
2017-03-21 18:25:34.6765|DEBUG|IntegrationAPI.Helpers.LoggerFactory|Request Started for : 0 Group Name :
2017-03-21 18:25:35.1436|DEBUG|IntegrationAPI.Helpers.LoggerFactory|Response Value : [{"GroupID":1,"InstanceID":1,"UserID":1,"GroupName":"group1","GroupCode":"grop001","ColorCode":"#000000","Status":0,"CreatedDate":"\/Date(1489429800000)\/"},{"GroupID":2,"InstanceID":1,"UserID":1,"GroupName":"group2","GroupCode":"grp002","ColorCode":"#ffffff","Status":1,"CreatedDate":"\/Date(1489553346780)\/"},{"GroupID":4,"InstanceID":1,"UserID":1,"GroupName":"rr","GroupCode":"00","ColorCode":"11","Status":0,"CreatedDate":"\/Date(1490089615503)\/"},{"GroupID":5,"InstanceID":1,"UserID":1,"GroupName":"Group4","GroupCode":"grp004","ColorCode":"#ee8c8c","Status":0,"CreatedDate":"\/Date(1490089844640)\/"},{"GroupID":6,"InstanceID":1,"UserID":1,"GroupName":"Group5","GroupCode":"005","ColorCode":"#e06969","Status":0,"CreatedDate":"\/Date(1490090899593)\/"},{"GroupID":8,"InstanceID":1,"UserID":1,"GroupName":"sds","GroupCode":"23","ColorCode":"#190909","Status":1,"CreatedDate":"\/Date(1490093346130)\/"},{"GroupID":9,"InstanceID":1,"UserID":1,"GroupName":"sd","GroupCode":"23","ColorCode":"#2c1b1b","Status":1,"CreatedDate":"\/Date(1490095415087)\/"}]
2017-03-21 18:25:35.1436|DEBUG|IntegrationAPI.Helpers.LoggerFactory|Request End for : 0 Group Name :
2017-03-21 18:25:48.2196|DEBUG|IntegrationAPI.Helpers.LoggerFactory|Request Started for : 0 Group Name :
2017-03-21 18:25:48.2276|DEBUG|IntegrationAPI.Helpers.LoggerFactory|Response Value : [{"GroupID":1,"InstanceID":1,"UserID":1,"GroupName":"group1","GroupCode":"grop001","ColorCode":"#000000","Status":0,"CreatedDate":"\/Date(1489429800000)\/"},{"GroupID":2,"InstanceID":1,"UserID":1,"GroupName":"group2","GroupCode":"grp002","ColorCode":"#ffffff","Status":1,"CreatedDate":"\/Date(1489553346780)\/"},{"GroupID":4,"InstanceID":1,"UserID":1,"GroupName":"rr","GroupCode":"00","ColorCode":"11","Status":0,"CreatedDate":"\/Date(1490089615503)\/"},{"GroupID":5,"InstanceID":1,"UserID":1,"GroupName":"Group4","GroupCode":"grp004","ColorCode":"#ee8c8c","Status":0,"CreatedDate":"\/Date(1490089844640)\/"},{"GroupID":6,"InstanceID":1,"UserID":1,"GroupName":"Group5","GroupCode":"005","ColorCode":"#e06969","Status":0,"CreatedDate":"\/Date(1490090899593)\/"},{"GroupID":8,"InstanceID":1,"UserID":1,"GroupName":"sds","GroupCode":"23","ColorCode":"#190909","Status":1,"CreatedDate":"\/Date(1490093346130)\/"},{"GroupID":9,"InstanceID":1,"UserID":1,"GroupName":"sd","GroupCode":"23","ColorCode":"#2c1b1b","Status":1,"CreatedDate":"\/Date(1490095415087)\/"}]
2017-03-21 18:25:48.2276|DEBUG|IntegrationAPI.Helpers.LoggerFactory|Request End for : 0 Group Name :
2017-03-21 18:27:45.3047|DEBUG|IntegrationAPI.Helpers.LoggerFactory|Request Started for : 0 Group Name :
2017-03-21 18:27:45.3172|DEBUG|IntegrationAPI.Helpers.LoggerFactory|Response Value : [{"GroupID":1,"InstanceID":1,"UserID":1,"GroupName":"group1","GroupCode":"grop001","ColorCode":"#000000","Status":0,"CreatedDate":"\/Date(1489429800000)\/"},{"GroupID":2,"InstanceID":1,"UserID":1,"GroupName":"group2","GroupCode":"grp002","ColorCode":"#ffffff","Status":1,"CreatedDate":"\/Date(1489553346780)\/"},{"GroupID":4,"InstanceID":1,"UserID":1,"GroupName":"rr","GroupCode":"00","ColorCode":"11","Status":0,"CreatedDate":"\/Date(1490089615503)\/"},{"GroupID":5,"InstanceID":1,"UserID":1,"GroupName":"Group4","GroupCode":"grp004","ColorCode":"#ee8c8c","Status":0,"CreatedDate":"\/Date(1490089844640)\/"},{"GroupID":6,"InstanceID":1,"UserID":1,"GroupName":"Group5","GroupCode":"005","ColorCode":"#e06969","Status":0,"CreatedDate":"\/Date(1490090899593)\/"},{"GroupID":8,"InstanceID":1,"UserID":1,"GroupName":"sds","GroupCode":"23","ColorCode":"#190909","Status":1,"CreatedDate":"\/Date(1490093346130)\/"},{"GroupID":9,"InstanceID":1,"UserID":1,"GroupName":"sd","GroupCode":"23","ColorCode":"#2c1b1b","Status":1,"CreatedDate":"\/Date(1490095415087)\/"}]
2017-03-21 18:27:45.3172|DEBUG|IntegrationAPI.Helpers.LoggerFactory|Request End for : 0 Group Name :
2017-03-21 18:27:55.3509|DEBUG|IntegrationAPI.Helpers.LoggerFactory|Request Started for : 0 Group Name :
2017-03-21 18:27:55.3509|DEBUG|IntegrationAPI.Helpers.LoggerFactory|Response Value : [{"GroupID":1,"InstanceID":1,"UserID":1,"GroupName":"group1","GroupCode":"grop001","ColorCode":"#000000","Status":0,"CreatedDate":"\/Date(1489429800000)\/"},{"GroupID":2,"InstanceID":1,"UserID":1,"GroupName":"group2","GroupCode":"grp002","ColorCode":"#ffffff","Status":1,"CreatedDate":"\/Date(1489553346780)\/"},{"GroupID":4,"InstanceID":1,"UserID":1,"GroupName":"rr","GroupCode":"00","ColorCode":"11","Status":0,"CreatedDate":"\/Date(1490089615503)\/"},{"GroupID":5,"InstanceID":1,"UserID":1,"GroupName":"Group4","GroupCode":"grp004","ColorCode":"#ee8c8c","Status":0,"CreatedDate":"\/Date(1490089844640)\/"},{"GroupID":6,"InstanceID":1,"UserID":1,"GroupName":"Group5","GroupCode":"005","ColorCode":"#e06969","Status":0,"CreatedDate":"\/Date(1490090899593)\/"},{"GroupID":8,"InstanceID":1,"UserID":1,"GroupName":"sds","GroupCode":"23","ColorCode":"#190909","Status":1,"CreatedDate":"\/Date(1490093346130)\/"},{"GroupID":9,"InstanceID":1,"UserID":1,"GroupName":"sd","GroupCode":"23","ColorCode":"#2c1b1b","Status":1,"CreatedDate":"\/Date(1490095415087)\/"}]
2017-03-21 18:27:55.3509|DEBUG|IntegrationAPI.Helpers.LoggerFactory|Request End for : 0 Group Name :
2017-03-21 18:28:50.7777|DEBUG|IntegrationAPI.Helpers.LoggerFactory|Request Started for : 0 Group Name :
2017-03-21 18:28:50.7777|DEBUG|IntegrationAPI.Helpers.LoggerFactory|Response Value : [{"GroupID":1,"InstanceID":1,"UserID":1,"GroupName":"group1","GroupCode":"grop001","ColorCode":"#000000","Status":0,"CreatedDate":"\/Date(1489429800000)\/"},{"GroupID":2,"InstanceID":1,"UserID":1,"GroupName":"group2","GroupCode":"grp002","ColorCode":"#ffffff","Status":1,"CreatedDate":"\/Date(1489553346780)\/"},{"GroupID":4,"InstanceID":1,"UserID":1,"GroupName":"rr","GroupCode":"00","ColorCode":"11","Status":0,"CreatedDate":"\/Date(1490089615503)\/"},{"GroupID":5,"InstanceID":1,"UserID":1,"GroupName":"Group4","GroupCode":"grp004","ColorCode":"#ee8c8c","Status":0,"CreatedDate":"\/Date(1490089844640)\/"},{"GroupID":6,"InstanceID":1,"UserID":1,"GroupName":"Group5","GroupCode":"005","ColorCode":"#e06969","Status":0,"CreatedDate":"\/Date(1490090899593)\/"},{"GroupID":8,"InstanceID":1,"UserID":1,"GroupName":"sds","GroupCode":"23","ColorCode":"#190909","Status":1,"CreatedDate":"\/Date(1490093346130)\/"},{"GroupID":9,"InstanceID":1,"UserID":1,"GroupName":"sd","GroupCode":"23","ColorCode":"#2c1b1b","Status":1,"CreatedDate":"\/Date(1490095415087)\/"}]
2017-03-21 18:28:50.7777|DEBUG|IntegrationAPI.Helpers.LoggerFactory|Request End for : 0 Group Name :
2017-03-21 18:30:15.6784|DEBUG|IntegrationAPI.Helpers.LoggerFactory|Request Started for : 0 Group Name :
2017-03-21 18:30:15.6784|DEBUG|IntegrationAPI.Helpers.LoggerFactory|Response Value : [{"GroupID":1,"InstanceID":1,"UserID":1,"GroupName":"group1","GroupCode":"grop001","ColorCode":"#000000","Status":0,"CreatedDate":"\/Date(1489429800000)\/"},{"GroupID":2,"InstanceID":1,"UserID":1,"GroupName":"group2","GroupCode":"grp002","ColorCode":"#ffffff","Status":1,"CreatedDate":"\/Date(1489553346780)\/"},{"GroupID":4,"InstanceID":1,"UserID":1,"GroupName":"rr","GroupCode":"00","ColorCode":"11","Status":0,"CreatedDate":"\/Date(1490089615503)\/"},{"GroupID":5,"InstanceID":1,"UserID":1,"GroupName":"Group4","GroupCode":"grp004","ColorCode":"#ee8c8c","Status":0,"CreatedDate":"\/Date(1490089844640)\/"},{"GroupID":6,"InstanceID":1,"UserID":1,"GroupName":"Group5","GroupCode":"005","ColorCode":"#e06969","Status":0,"CreatedDate":"\/Date(1490090899593)\/"},{"GroupID":8,"InstanceID":1,"UserID":1,"GroupName":"sds","GroupCode":"23","ColorCode":"#190909","Status":1,"CreatedDate":"\/Date(1490093346130)\/"},{"GroupID":9,"InstanceID":1,"UserID":1,"GroupName":"sd","GroupCode":"23","ColorCode":"#2c1b1b","Status":1,"CreatedDate":"\/Date(1490095415087)\/"}]
2017-03-21 18:30:15.6784|DEBUG|IntegrationAPI.Helpers.LoggerFactory|Request End for : 0 Group Name :
2017-03-21 18:32:27.3793|DEBUG|IntegrationAPI.Helpers.LoggerFactory|Request Started for : 0 Group Name :
2017-03-21 18:32:27.3844|DEBUG|IntegrationAPI.Helpers.LoggerFactory|Response Value : [{"GroupID":1,"InstanceID":1,"UserID":1,"GroupName":"group1","GroupCode":"grop001","ColorCode":"#000000","Status":0,"CreatedDate":"\/Date(1489429800000)\/"},{"GroupID":2,"InstanceID":1,"UserID":1,"GroupName":"group2","GroupCode":"grp002","ColorCode":"#ffffff","Status":1,"CreatedDate":"\/Date(1489553346780)\/"},{"GroupID":4,"InstanceID":1,"UserID":1,"GroupName":"rr","GroupCode":"00","ColorCode":"11","Status":0,"CreatedDate":"\/Date(1490089615503)\/"},{"GroupID":5,"InstanceID":1,"UserID":1,"GroupName":"Group4","GroupCode":"grp004","ColorCode":"#ee8c8c","Status":0,"CreatedDate":"\/Date(1490089844640)\/"},{"GroupID":6,"InstanceID":1,"UserID":1,"GroupName":"Group5","GroupCode":"005","ColorCode":"#e06969","Status":0,"CreatedDate":"\/Date(1490090899593)\/"},{"GroupID":8,"InstanceID":1,"UserID":1,"GroupName":"sds","GroupCode":"23","ColorCode":"#190909","Status":1,"CreatedDate":"\/Date(1490093346130)\/"},{"GroupID":9,"InstanceID":1,"UserID":1,"GroupName":"sd","GroupCode":"23","ColorCode":"#2c1b1b","Status":1,"CreatedDate":"\/Date(1490095415087)\/"}]
2017-03-21 18:32:27.3844|DEBUG|IntegrationAPI.Helpers.LoggerFactory|Request End for : 0 Group Name :
2017-03-21 18:35:00.2264|DEBUG|IntegrationAPI.Helpers.LoggerFactory|Request Started for : 0 Group Name :
2017-03-21 18:35:00.2635|DEBUG|IntegrationAPI.Helpers.LoggerFactory|Response Value : [{"GroupID":1,"InstanceID":1,"UserID":1,"GroupName":"group1","GroupCode":"grop001","ColorCode":"#000000","Status":0,"CreatedDate":"\/Date(1489429800000)\/"},{"GroupID":2,"InstanceID":1,"UserID":1,"GroupName":"group2","GroupCode":"grp002","ColorCode":"#ffffff","Status":1,"CreatedDate":"\/Date(1489553346780)\/"},{"GroupID":4,"InstanceID":1,"UserID":1,"GroupName":"rr","GroupCode":"00","ColorCode":"11","Status":0,"CreatedDate":"\/Date(1490089615503)\/"},{"GroupID":5,"InstanceID":1,"UserID":1,"GroupName":"Group4","GroupCode":"grp004","ColorCode":"#ee8c8c","Status":0,"CreatedDate":"\/Date(1490089844640)\/"},{"GroupID":6,"InstanceID":1,"UserID":1,"GroupName":"Group5","GroupCode":"005","ColorCode":"#e06969","Status":0,"CreatedDate":"\/Date(1490090899593)\/"},{"GroupID":8,"InstanceID":1,"UserID":1,"GroupName":"sds","GroupCode":"23","ColorCode":"#190909","Status":1,"CreatedDate":"\/Date(1490093346130)\/"},{"GroupID":9,"InstanceID":1,"UserID":1,"GroupName":"sd","GroupCode":"23","ColorCode":"#2c1b1b","Status":1,"CreatedDate":"\/Date(1490095415087)\/"}]
2017-03-21 18:35:00.2635|DEBUG|IntegrationAPI.Helpers.LoggerFactory|Request End for : 0 Group Name :
2017-03-21 18:35:27.6767|DEBUG|IntegrationAPI.Helpers.LoggerFactory|Request Started for : 0 Group Name :
2017-03-21 18:35:27.6767|DEBUG|IntegrationAPI.Helpers.LoggerFactory|Response Value : [{"GroupID":1,"InstanceID":1,"UserID":1,"GroupName":"group1","GroupCode":"grop001","ColorCode":"#000000","Status":0,"CreatedDate":"\/Date(1489429800000)\/"},{"GroupID":2,"InstanceID":1,"UserID":1,"GroupName":"group2","GroupCode":"grp002","ColorCode":"#ffffff","Status":1,"CreatedDate":"\/Date(1489553346780)\/"},{"GroupID":4,"InstanceID":1,"UserID":1,"GroupName":"rr","GroupCode":"00","ColorCode":"11","Status":0,"CreatedDate":"\/Date(1490089615503)\/"},{"GroupID":5,"InstanceID":1,"UserID":1,"GroupName":"Group4","GroupCode":"grp004","ColorCode":"#ee8c8c","Status":0,"CreatedDate":"\/Date(1490089844640)\/"},{"GroupID":6,"InstanceID":1,"UserID":1,"GroupName":"Group5","GroupCode":"005","ColorCode":"#e06969","Status":0,"CreatedDate":"\/Date(1490090899593)\/"},{"GroupID":8,"InstanceID":1,"UserID":1,"GroupName":"sds","GroupCode":"23","ColorCode":"#190909","Status":1,"CreatedDate":"\/Date(1490093346130)\/"},{"GroupID":9,"InstanceID":1,"UserID":1,"GroupName":"sd","GroupCode":"23","ColorCode":"#2c1b1b","Status":1,"CreatedDate":"\/Date(1490095415087)\/"}]
2017-03-21 18:35:27.6767|DEBUG|IntegrationAPI.Helpers.LoggerFactory|Request End for : 0 Group Name :
2017-03-21 18:37:31.2006|DEBUG|IntegrationAPI.Helpers.LoggerFactory|Request Started for : 0 Group Name :
2017-03-21 18:37:31.2087|DEBUG|IntegrationAPI.Helpers.LoggerFactory|Response Value : [{"GroupID":1,"InstanceID":1,"UserID":1,"GroupName":"group1","GroupCode":"grop001","ColorCode":"#000000","Status":0,"CreatedDate":"\/Date(1489429800000)\/"},{"GroupID":2,"InstanceID":1,"UserID":1,"GroupName":"group2","GroupCode":"grp002","ColorCode":"#ffffff","Status":1,"CreatedDate":"\/Date(1489553346780)\/"},{"GroupID":4,"InstanceID":1,"UserID":1,"GroupName":"rr","GroupCode":"00","ColorCode":"11","Status":0,"CreatedDate":"\/Date(1490089615503)\/"},{"GroupID":5,"InstanceID":1,"UserID":1,"GroupName":"Group4","GroupCode":"grp004","ColorCode":"#ee8c8c","Status":0,"CreatedDate":"\/Date(1490089844640)\/"},{"GroupID":6,"InstanceID":1,"UserID":1,"GroupName":"Group5","GroupCode":"005","ColorCode":"#e06969","Status":0,"CreatedDate":"\/Date(1490090899593)\/"},{"GroupID":8,"InstanceID":1,"UserID":1,"GroupName":"sds","GroupCode":"23","ColorCode":"#190909","Status":1,"CreatedDate":"\/Date(1490093346130)\/"},{"GroupID":9,"InstanceID":1,"UserID":1,"GroupName":"sd","GroupCode":"23","ColorCode":"#2c1b1b","Status":1,"CreatedDate":"\/Date(1490095415087)\/"}]
2017-03-21 18:37:31.2087|DEBUG|IntegrationAPI.Helpers.LoggerFactory|Request End for : 0 Group Name :
2017-03-21 18:39:10.9066|DEBUG|IntegrationAPI.Helpers.LoggerFactory|Request Started for : 0 Group Name :
2017-03-21 18:39:10.9141|DEBUG|IntegrationAPI.Helpers.LoggerFactory|Response Value : [{"GroupID":1,"InstanceID":1,"UserID":1,"GroupName":"group1","GroupCode":"grop001","ColorCode":"#000000","Status":0,"CreatedDate":"\/Date(1489429800000)\/"},{"GroupID":2,"InstanceID":1,"UserID":1,"GroupName":"group2","GroupCode":"grp002","ColorCode":"#ffffff","Status":1,"CreatedDate":"\/Date(1489553346780)\/"},{"GroupID":4,"InstanceID":1,"UserID":1,"GroupName":"rr","GroupCode":"00","ColorCode":"11","Status":0,"CreatedDate":"\/Date(1490089615503)\/"},{"GroupID":5,"InstanceID":1,"UserID":1,"GroupName":"Group4","GroupCode":"grp004","ColorCode":"#ee8c8c","Status":0,"CreatedDate":"\/Date(1490089844640)\/"},{"GroupID":6,"InstanceID":1,"UserID":1,"GroupName":"Group5","GroupCode":"005","ColorCode":"#e06969","Status":0,"CreatedDate":"\/Date(1490090899593)\/"},{"GroupID":8,"InstanceID":1,"UserID":1,"GroupName":"sds","GroupCode":"23","ColorCode":"#190909","Status":1,"CreatedDate":"\/Date(1490093346130)\/"},{"GroupID":9,"InstanceID":1,"UserID":1,"GroupName":"sd","GroupCode":"23","ColorCode":"#2c1b1b","Status":1,"CreatedDate":"\/Date(1490095415087)\/"}]
2017-03-21 18:39:10.9141|DEBUG|IntegrationAPI.Helpers.LoggerFactory|Request End for : 0 Group Name :
2017-03-21 18:39:27.3719|DEBUG|IntegrationAPI.Helpers.LoggerFactory|Request Started for : 9 Group Name :
2017-03-21 18:40:22.1401|DEBUG|IntegrationAPI.Helpers.LoggerFactory|Response Value : [{"GroupID":9,"InstanceID":1,"UserID":1,"GroupName":"sd","GroupCode":"23","ColorCode":"#2c1b1b","Status":1,"CreatedDate":"\/Date(1490095415087)\/"}]
2017-03-21 18:40:22.1401|DEBUG|IntegrationAPI.Helpers.LoggerFactory|Request End for : 9 Group Name :
2017-03-21 18:42:25.9944|DEBUG|IntegrationAPI.Helpers.LoggerFactory|Request Started for : 0 Group Name :
2017-03-21 18:42:25.9944|DEBUG|IntegrationAPI.Helpers.LoggerFactory|Response Value : [{"GroupID":1,"InstanceID":1,"UserID":1,"GroupName":"group1","GroupCode":"grop001","ColorCode":"#000000","Status":0,"CreatedDate":"\/Date(1489429800000)\/"},{"GroupID":2,"InstanceID":1,"UserID":1,"GroupName":"group2","GroupCode":"grp002","ColorCode":"#ffffff","Status":1,"CreatedDate":"\/Date(1489553346780)\/"},{"GroupID":4,"InstanceID":1,"UserID":1,"GroupName":"rr","GroupCode":"00","ColorCode":"11","Status":0,"CreatedDate":"\/Date(1490089615503)\/"},{"GroupID":5,"InstanceID":1,"UserID":1,"GroupName":"Group4","GroupCode":"grp004","ColorCode":"#ee8c8c","Status":0,"CreatedDate":"\/Date(1490089844640)\/"},{"GroupID":6,"InstanceID":1,"UserID":1,"GroupName":"Group5","GroupCode":"005","ColorCode":"#e06969","Status":0,"CreatedDate":"\/Date(1490090899593)\/"},{"GroupID":8,"InstanceID":1,"UserID":1,"GroupName":"sds","GroupCode":"23","ColorCode":"#190909","Status":1,"CreatedDate":"\/Date(1490093346130)\/"},{"GroupID":9,"InstanceID":1,"UserID":1,"GroupName":"sd","GroupCode":"23","ColorCode":"#2c1b1b","Status":1,"CreatedDate":"\/Date(1490095415087)\/"}]
2017-03-21 18:42:25.9944|DEBUG|IntegrationAPI.Helpers.LoggerFactory|Request End for : 0 Group Name :
