2017-03-23 10:17:01.9035|DEBUG|IntegrationAPI.Helpers.LoggerFactory|Request Started for : 0 Group Name :
2017-03-23 10:17:01.9035|DEBUG|IntegrationAPI.Helpers.LoggerFactory|Request Started for : 0 Group Name :
2017-03-23 10:17:01.9035|DEBUG|IntegrationAPI.Helpers.LoggerFactory|Request Started for : 0 Group Name :
2017-03-23 10:17:09.2293|DEBUG|IntegrationAPI.Helpers.LoggerFactory|Request Started for : 0 Group Name :
2017-03-23 10:17:10.5110|DEBUG|IntegrationAPI.Helpers.LoggerFactory|Response Value : [{"GroupID":1,"InstanceID":1,"UserID":1,"GroupName":"group1","GroupCode":"grop001","ColorCode":"#000000","Status":0,"CreatedDate":"\/Date(1489429800000)\/"},{"GroupID":2,"InstanceID":1,"UserID":1,"GroupName":"group2","GroupCode":"grp002","ColorCode":"#ffffff","Status":1,"CreatedDate":"\/Date(1489553346780)\/"},{"GroupID":12,"InstanceID":1,"UserID":1,"GroupName":"Group6","GroupCode":"group00","ColorCode":"#ee6565","Status":1,"CreatedDate":"\/Date(1490179408687)\/"},{"GroupID":13,"InstanceID":1,"UserID":1,"GroupName":"Group6","GroupCode":"group00","ColorCode":"#ee6565","Status":1,"CreatedDate":"\/Date(1490179408880)\/"},{"GroupID":18,"InstanceID":1,"UserID":1,"GroupName":"Group6","GroupCode":"grp0023","ColorCode":"#f58181","Status":1,"CreatedDate":"\/Date(1490179465053)\/"},{"GroupID":19,"InstanceID":1,"UserID":1,"GroupName":"grp789","GroupCode":"grp789","ColorCode":"#b96666","Status":2,"CreatedDate":"\/Date(1490179509857)\/"},{"GroupID":20,"InstanceID":1,"UserID":1,"GroupName":"sds","GroupCode":"23","ColorCode":"#dd9d9d","Status":1,"CreatedDate":"\/Date(1490179665490)\/"}]
2017-03-23 10:17:10.5110|DEBUG|IntegrationAPI.Helpers.LoggerFactory|Response Value : [{"GroupID":1,"InstanceID":1,"UserID":1,"GroupName":"group1","GroupCode":"grop001","ColorCode":"#000000","Status":0,"CreatedDate":"\/Date(1489429800000)\/"},{"GroupID":2,"InstanceID":1,"UserID":1,"GroupName":"group2","GroupCode":"grp002","ColorCode":"#ffffff","Status":1,"CreatedDate":"\/Date(1489553346780)\/"},{"GroupID":12,"InstanceID":1,"UserID":1,"GroupName":"Group6","GroupCode":"group00","ColorCode":"#ee6565","Status":1,"CreatedDate":"\/Date(1490179408687)\/"},{"GroupID":13,"InstanceID":1,"UserID":1,"GroupName":"Group6","GroupCode":"group00","ColorCode":"#ee6565","Status":1,"CreatedDate":"\/Date(1490179408880)\/"},{"GroupID":18,"InstanceID":1,"UserID":1,"GroupName":"Group6","GroupCode":"grp0023","ColorCode":"#f58181","Status":1,"CreatedDate":"\/Date(1490179465053)\/"},{"GroupID":19,"InstanceID":1,"UserID":1,"GroupName":"grp789","GroupCode":"grp789","ColorCode":"#b96666","Status":2,"CreatedDate":"\/Date(1490179509857)\/"},{"GroupID":20,"InstanceID":1,"UserID":1,"GroupName":"sds","GroupCode":"23","ColorCode":"#dd9d9d","Status":1,"CreatedDate":"\/Date(1490179665490)\/"}]
2017-03-23 10:17:10.5110|DEBUG|IntegrationAPI.Helpers.LoggerFactory|Response Value : [{"GroupID":1,"InstanceID":1,"UserID":1,"GroupName":"group1","GroupCode":"grop001","ColorCode":"#000000","Status":0,"CreatedDate":"\/Date(1489429800000)\/"},{"GroupID":2,"InstanceID":1,"UserID":1,"GroupName":"group2","GroupCode":"grp002","ColorCode":"#ffffff","Status":1,"CreatedDate":"\/Date(1489553346780)\/"},{"GroupID":12,"InstanceID":1,"UserID":1,"GroupName":"Group6","GroupCode":"group00","ColorCode":"#ee6565","Status":1,"CreatedDate":"\/Date(1490179408687)\/"},{"GroupID":13,"InstanceID":1,"UserID":1,"GroupName":"Group6","GroupCode":"group00","ColorCode":"#ee6565","Status":1,"CreatedDate":"\/Date(1490179408880)\/"},{"GroupID":18,"InstanceID":1,"UserID":1,"GroupName":"Group6","GroupCode":"grp0023","ColorCode":"#f58181","Status":1,"CreatedDate":"\/Date(1490179465053)\/"},{"GroupID":19,"InstanceID":1,"UserID":1,"GroupName":"grp789","GroupCode":"grp789","ColorCode":"#b96666","Status":2,"CreatedDate":"\/Date(1490179509857)\/"},{"GroupID":20,"InstanceID":1,"UserID":1,"GroupName":"sds","GroupCode":"23","ColorCode":"#dd9d9d","Status":1,"CreatedDate":"\/Date(1490179665490)\/"}]
2017-03-23 10:17:10.5211|DEBUG|IntegrationAPI.Helpers.LoggerFactory|Response Value : [{"GroupID":1,"InstanceID":1,"UserID":1,"GroupName":"group1","GroupCode":"grop001","ColorCode":"#000000","Status":0,"CreatedDate":"\/Date(1489429800000)\/"},{"GroupID":2,"InstanceID":1,"UserID":1,"GroupName":"group2","GroupCode":"grp002","ColorCode":"#ffffff","Status":1,"CreatedDate":"\/Date(1489553346780)\/"},{"GroupID":12,"InstanceID":1,"UserID":1,"GroupName":"Group6","GroupCode":"group00","ColorCode":"#ee6565","Status":1,"CreatedDate":"\/Date(1490179408687)\/"},{"GroupID":13,"InstanceID":1,"UserID":1,"GroupName":"Group6","GroupCode":"group00","ColorCode":"#ee6565","Status":1,"CreatedDate":"\/Date(1490179408880)\/"},{"GroupID":18,"InstanceID":1,"UserID":1,"GroupName":"Group6","GroupCode":"grp0023","ColorCode":"#f58181","Status":1,"CreatedDate":"\/Date(1490179465053)\/"},{"GroupID":19,"InstanceID":1,"UserID":1,"GroupName":"grp789","GroupCode":"grp789","ColorCode":"#b96666","Status":2,"CreatedDate":"\/Date(1490179509857)\/"},{"GroupID":20,"InstanceID":1,"UserID":1,"GroupName":"sds","GroupCode":"23","ColorCode":"#dd9d9d","Status":1,"CreatedDate":"\/Date(1490179665490)\/"}]
2017-03-23 10:17:10.6233|DEBUG|IntegrationAPI.Helpers.LoggerFactory|Request End for : 0 Group Name :
2017-03-23 10:17:10.6233|DEBUG|IntegrationAPI.Helpers.LoggerFactory|Request End for : 0 Group Name :
2017-03-23 10:17:10.6304|DEBUG|IntegrationAPI.Helpers.LoggerFactory|Request End for : 0 Group Name :
2017-03-23 10:17:10.6304|DEBUG|IntegrationAPI.Helpers.LoggerFactory|Request End for : 0 Group Name :
2017-03-23 10:17:12.5644|DEBUG|IntegrationAPI.Helpers.LoggerFactory|Request Started for : 0 Group Name :
2017-03-23 10:17:12.5704|DEBUG|IntegrationAPI.Helpers.LoggerFactory|Response Value : [{"GroupID":1,"InstanceID":1,"UserID":1,"GroupName":"group1","GroupCode":"grop001","ColorCode":"#000000","Status":0,"CreatedDate":"\/Date(1489429800000)\/"},{"GroupID":2,"InstanceID":1,"UserID":1,"GroupName":"group2","GroupCode":"grp002","ColorCode":"#ffffff","Status":1,"CreatedDate":"\/Date(1489553346780)\/"},{"GroupID":12,"InstanceID":1,"UserID":1,"GroupName":"Group6","GroupCode":"group00","ColorCode":"#ee6565","Status":1,"CreatedDate":"\/Date(1490179408687)\/"},{"GroupID":13,"InstanceID":1,"UserID":1,"GroupName":"Group6","GroupCode":"group00","ColorCode":"#ee6565","Status":1,"CreatedDate":"\/Date(1490179408880)\/"},{"GroupID":18,"InstanceID":1,"UserID":1,"GroupName":"Group6","GroupCode":"grp0023","ColorCode":"#f58181","Status":1,"CreatedDate":"\/Date(1490179465053)\/"},{"GroupID":19,"InstanceID":1,"UserID":1,"GroupName":"grp789","GroupCode":"grp789","ColorCode":"#b96666","Status":2,"CreatedDate":"\/Date(1490179509857)\/"},{"GroupID":20,"InstanceID":1,"UserID":1,"GroupName":"sds","GroupCode":"23","ColorCode":"#dd9d9d","Status":1,"CreatedDate":"\/Date(1490179665490)\/"}]
2017-03-23 10:17:12.5704|DEBUG|IntegrationAPI.Helpers.LoggerFactory|Request End for : 0 Group Name :
2017-03-23 10:17:29.7381|DEBUG|IntegrationAPI.Helpers.LoggerFactory|Request Started for : 13 Group Name :
2017-03-23 10:17:29.7831|DEBUG|IntegrationAPI.Helpers.LoggerFactory|Response Value : [{"GroupID":13,"InstanceID":1,"UserID":1,"GroupName":"Group6","GroupCode":"group00","ColorCode":"#ee6565","Status":1,"CreatedDate":"\/Date(1490179408880)\/"}]
2017-03-23 10:17:29.7831|DEBUG|IntegrationAPI.Helpers.LoggerFactory|Request End for : 13 Group Name :
2017-03-23 10:32:07.4117|DEBUG|IntegrationAPI.Helpers.LoggerFactory|Request Started for : 0 Group Name :
2017-03-23 10:32:07.6146|DEBUG|IntegrationAPI.Helpers.LoggerFactory|Response Value : [{"GroupID":1,"InstanceID":1,"UserID":1,"GroupName":"group1","GroupCode":"grop001","ColorCode":"#000000","Status":0,"CreatedDate":"\/Date(1489429800000)\/"},{"GroupID":2,"InstanceID":1,"UserID":1,"GroupName":"group2","GroupCode":"grp002","ColorCode":"#ffffff","Status":1,"CreatedDate":"\/Date(1489553346780)\/"},{"GroupID":12,"InstanceID":1,"UserID":1,"GroupName":"Group6","GroupCode":"group00","ColorCode":"#ee6565","Status":1,"CreatedDate":"\/Date(1490179408687)\/"},{"GroupID":13,"InstanceID":1,"UserID":1,"GroupName":"Group6","GroupCode":"group00","ColorCode":"#ee6565","Status":1,"CreatedDate":"\/Date(1490179408880)\/"},{"GroupID":18,"InstanceID":1,"UserID":1,"GroupName":"Group6","GroupCode":"grp0023","ColorCode":"#f58181","Status":1,"CreatedDate":"\/Date(1490179465053)\/"},{"GroupID":19,"InstanceID":1,"UserID":1,"GroupName":"grp789","GroupCode":"grp789","ColorCode":"#b96666","Status":2,"CreatedDate":"\/Date(1490179509857)\/"},{"GroupID":20,"InstanceID":1,"UserID":1,"GroupName":"sds","GroupCode":"23","ColorCode":"#dd9d9d","Status":1,"CreatedDate":"\/Date(1490179665490)\/"}]
2017-03-23 10:32:07.6146|DEBUG|IntegrationAPI.Helpers.LoggerFactory|Request End for : 0 Group Name :
2017-03-23 10:32:20.7786|DEBUG|IntegrationAPI.Helpers.LoggerFactory|Request Started for : 12 Group Name :
2017-03-23 10:32:20.7956|DEBUG|IntegrationAPI.Helpers.LoggerFactory|Response Value : [{"GroupID":12,"InstanceID":1,"UserID":1,"GroupName":"Group6","GroupCode":"group00","ColorCode":"#ee6565","Status":1,"CreatedDate":"\/Date(1490179408687)\/"}]
2017-03-23 10:32:20.7956|DEBUG|IntegrationAPI.Helpers.LoggerFactory|Request End for : 12 Group Name :
2017-03-23 11:04:48.9688|DEBUG|IntegrationAPI.Helpers.LoggerFactory|Request Started for : 0 Customer name :Chaitali
2017-03-23 11:04:49.5494|DEBUG|IntegrationAPI.Helpers.LoggerFactory|Response Value : 0
2017-03-23 11:04:49.5494|DEBUG|IntegrationAPI.Helpers.LoggerFactory|Request Started for : 0 Customer name :Chaitali
2017-03-23 11:09:59.7990|DEBUG|IntegrationAPI.Helpers.LoggerFactory|Request Started for : 0 Customer name :Rikul
2017-03-23 11:09:59.8541|DEBUG|IntegrationAPI.Helpers.LoggerFactory|Response Value : 0
2017-03-23 11:09:59.8541|DEBUG|IntegrationAPI.Helpers.LoggerFactory|Request Started for : 0 Customer name :Rikul
2017-03-23 11:16:03.5423|DEBUG|IntegrationAPI.Helpers.LoggerFactory|Request Started for : 0 Customer name :Dharmik
2017-03-23 11:16:03.5606|DEBUG|IntegrationAPI.Helpers.LoggerFactory|Response Value : 0
2017-03-23 11:16:03.5606|DEBUG|IntegrationAPI.Helpers.LoggerFactory|Request Started for : 0 Customer name :Dharmik
2017-03-23 11:17:04.2227|DEBUG|IntegrationAPI.Helpers.LoggerFactory|Request Started for : 0 Customer name :sd
2017-03-23 11:17:04.2408|DEBUG|IntegrationAPI.Helpers.LoggerFactory|Response Value : 0
2017-03-23 11:17:04.2408|DEBUG|IntegrationAPI.Helpers.LoggerFactory|Request Started for : 0 Customer name :sd
2017-03-23 11:25:00.4862|DEBUG|IntegrationAPI.Helpers.LoggerFactory|Request Started for : 0 Customer Name :
2017-03-23 11:25:03.3402|ERROR|LoggerFactory|Unable to cast object of type 'SingleResult`1[Integration_Repository.SP_customers_SelectAllResult]' to type 'Integration_Repository.SP_customers_SelectAllResult'. - Unable to cast object of type 'SingleResult`1[Integration_Repository.SP_customers_SelectAllResult]' to type 'Integration_Repository.SP_customers_SelectAllResult'. -    at IntegrationAPI.Partial.customers_Entity.GetCustomeryDetails(customerRequest obj) in D:\@Chaitali's Work\LaundryManagement\Laundry\Laundry\IntegrationAPI\IntegrationAPI\Partial\customers_Entity.cs:line 29
2017-03-23 11:25:03.3690|ERROR|LoggerFactory|Unable to cast object of type 'SingleResult`1[Integration_Repository.SP_customers_SelectAllResult]' to type 'Integration_Repository.SP_customers_SelectAllResult'. - Unable to cast object of type 'SingleResult`1[Integration_Repository.SP_customers_SelectAllResult]' to type 'Integration_Repository.SP_customers_SelectAllResult'. -    at IntegrationAPI.Partial.customers_Entity.GetCustomeryDetails(customerRequest obj) in D:\@Chaitali's Work\LaundryManagement\Laundry\Laundry\IntegrationAPI\IntegrationAPI\Partial\customers_Entity.cs:line 34
   at IntegrationAPI.Services.customersService.getCustomerDetail(customerRequest obj) in D:\@Chaitali's Work\LaundryManagement\Laundry\Laundry\IntegrationAPI\IntegrationAPI\Services\customersService.cs:line 27
2017-03-23 11:25:03.3690|DEBUG|IntegrationAPI.Helpers.LoggerFactory|Response Value : 
2017-03-23 11:25:05.1064|DEBUG|IntegrationAPI.Helpers.LoggerFactory|Request Started for : 0 Customer Name :
2017-03-23 11:25:05.1857|ERROR|LoggerFactory|Unable to cast object of type 'SingleResult`1[Integration_Repository.SP_customers_SelectAllResult]' to type 'Integration_Repository.SP_customers_SelectAllResult'. - Unable to cast object of type 'SingleResult`1[Integration_Repository.SP_customers_SelectAllResult]' to type 'Integration_Repository.SP_customers_SelectAllResult'. -    at IntegrationAPI.Partial.customers_Entity.GetCustomeryDetails(customerRequest obj) in D:\@Chaitali's Work\LaundryManagement\Laundry\Laundry\IntegrationAPI\IntegrationAPI\Partial\customers_Entity.cs:line 29
2017-03-23 11:25:05.2087|ERROR|LoggerFactory|Unable to cast object of type 'SingleResult`1[Integration_Repository.SP_customers_SelectAllResult]' to type 'Integration_Repository.SP_customers_SelectAllResult'. - Unable to cast object of type 'SingleResult`1[Integration_Repository.SP_customers_SelectAllResult]' to type 'Integration_Repository.SP_customers_SelectAllResult'. -    at IntegrationAPI.Partial.customers_Entity.GetCustomeryDetails(customerRequest obj) in D:\@Chaitali's Work\LaundryManagement\Laundry\Laundry\IntegrationAPI\IntegrationAPI\Partial\customers_Entity.cs:line 34
   at IntegrationAPI.Services.customersService.getCustomerDetail(customerRequest obj) in D:\@Chaitali's Work\LaundryManagement\Laundry\Laundry\IntegrationAPI\IntegrationAPI\Services\customersService.cs:line 27
2017-03-23 11:25:05.2087|DEBUG|IntegrationAPI.Helpers.LoggerFactory|Response Value : 
2017-03-23 11:26:01.4522|DEBUG|IntegrationAPI.Helpers.LoggerFactory|Request Started for : 0 Customer Name :
2017-03-23 11:26:01.4773|ERROR|LoggerFactory|Unable to cast object of type 'SingleResult`1[Integration_Repository.SP_customers_SelectAllResult]' to type 'Integration_Repository.SP_customers_SelectAllResult'. - Unable to cast object of type 'SingleResult`1[Integration_Repository.SP_customers_SelectAllResult]' to type 'Integration_Repository.SP_customers_SelectAllResult'. -    at IntegrationAPI.Partial.customers_Entity.GetCustomeryDetails(customerRequest obj) in D:\@Chaitali's Work\LaundryManagement\Laundry\Laundry\IntegrationAPI\IntegrationAPI\Partial\customers_Entity.cs:line 29
2017-03-23 11:26:01.4919|ERROR|LoggerFactory|Unable to cast object of type 'SingleResult`1[Integration_Repository.SP_customers_SelectAllResult]' to type 'Integration_Repository.SP_customers_SelectAllResult'. - Unable to cast object of type 'SingleResult`1[Integration_Repository.SP_customers_SelectAllResult]' to type 'Integration_Repository.SP_customers_SelectAllResult'. -    at IntegrationAPI.Partial.customers_Entity.GetCustomeryDetails(customerRequest obj) in D:\@Chaitali's Work\LaundryManagement\Laundry\Laundry\IntegrationAPI\IntegrationAPI\Partial\customers_Entity.cs:line 34
   at IntegrationAPI.Services.customersService.getCustomerDetail(customerRequest obj) in D:\@Chaitali's Work\LaundryManagement\Laundry\Laundry\IntegrationAPI\IntegrationAPI\Services\customersService.cs:line 27
2017-03-23 11:26:01.4919|DEBUG|IntegrationAPI.Helpers.LoggerFactory|Response Value : 
2017-03-23 11:26:39.7776|DEBUG|IntegrationAPI.Helpers.LoggerFactory|Request Started for : 0 Customer Name :
2017-03-23 11:26:56.3205|ERROR|LoggerFactory|Unable to cast object of type 'SingleResult`1[Integration_Repository.SP_customers_SelectAllResult]' to type 'Integration_Repository.SP_customers_SelectAllResult'. - Unable to cast object of type 'SingleResult`1[Integration_Repository.SP_customers_SelectAllResult]' to type 'Integration_Repository.SP_customers_SelectAllResult'. -    at IntegrationAPI.Partial.customers_Entity.GetCustomeryDetails(customerRequest obj) in D:\@Chaitali's Work\LaundryManagement\Laundry\Laundry\IntegrationAPI\IntegrationAPI\Partial\customers_Entity.cs:line 29
2017-03-23 11:32:08.8327|DEBUG|IntegrationAPI.Helpers.LoggerFactory|Request Started for : 0 Customer Name :
2017-03-23 11:35:54.1864|DEBUG|IntegrationAPI.Helpers.LoggerFactory|Request Started for : 0 Customer Name :
2017-03-23 11:44:21.7118|DEBUG|IntegrationAPI.Helpers.LoggerFactory|Request Started for : 0 Customer Name :
2017-03-23 11:44:29.1056|DEBUG|IntegrationAPI.Helpers.LoggerFactory|Response Value : [{"CustomerID":1,"InstanceID":1,"UserID":1,"CustomerName":"Chaitali","CivilNumber":"52","Email":"chaitali@gmail.com","Address":"Prahladnagar","Balance":2.000,"Contact":"7896541232","Status":1,"CreatedDate":"\/Date(1490247274010)\/"},{"CustomerID":2,"InstanceID":1,"UserID":1,"CustomerName":"Rikul","CivilNumber":"58","Email":"rikul@gmail.com","Address":"Sola Bridge","Balance":50.000,"Contact":"7563214521","Status":1,"CreatedDate":"\/Date(1490247599613)\/"},{"CustomerID":3,"InstanceID":1,"UserID":1,"CustomerName":"Dharmik","CivilNumber":"56","Email":"dharmik@gmail.com","Address":"Science City","Balance":500.000,"Contact":"7865321023","Status":2,"CreatedDate":"\/Date(1490247963463)\/"},{"CustomerID":4,"InstanceID":1,"UserID":1,"CustomerName":"sd","CivilNumber":"3","Email":"dfdf","Address":"zzxz","Balance":600.230,"Contact":"78653214","Status":1,"CreatedDate":"\/Date(1490248024137)\/"}]
2017-03-23 11:44:29.1559|DEBUG|IntegrationAPI.Helpers.LoggerFactory|Request End for : 0 Customer Name :
2017-03-23 11:49:11.0428|DEBUG|IntegrationAPI.Helpers.LoggerFactory|Request Started for : 0 Customer Name :
2017-03-23 11:49:12.8181|DEBUG|IntegrationAPI.Helpers.LoggerFactory|Response Value : [{"CustomerID":1,"InstanceID":1,"UserID":1,"CustomerName":"Chaitali","CivilNumber":"52","Email":"chaitali@gmail.com","Address":"Prahladnagar","Balance":2.000,"Contact":"7896541232","Status":1,"CreatedDate":"\/Date(1490247274010)\/"},{"CustomerID":2,"InstanceID":1,"UserID":1,"CustomerName":"Rikul","CivilNumber":"58","Email":"rikul@gmail.com","Address":"Sola Bridge","Balance":50.000,"Contact":"7563214521","Status":1,"CreatedDate":"\/Date(1490247599613)\/"},{"CustomerID":3,"InstanceID":1,"UserID":1,"CustomerName":"Dharmik","CivilNumber":"56","Email":"dharmik@gmail.com","Address":"Science City","Balance":500.000,"Contact":"7865321023","Status":2,"CreatedDate":"\/Date(1490247963463)\/"},{"CustomerID":4,"InstanceID":1,"UserID":1,"CustomerName":"sd","CivilNumber":"3","Email":"dfdf","Address":"zzxz","Balance":600.230,"Contact":"78653214","Status":1,"CreatedDate":"\/Date(1490248024137)\/"}]
2017-03-23 11:49:12.8181|DEBUG|IntegrationAPI.Helpers.LoggerFactory|Request End for : 0 Customer Name :
2017-03-23 11:49:54.1787|DEBUG|IntegrationAPI.Helpers.LoggerFactory|Request Started for : 0 Customer Name :
2017-03-23 11:50:03.6401|DEBUG|IntegrationAPI.Helpers.LoggerFactory|Response Value : [{"CustomerID":1,"InstanceID":1,"UserID":1,"CustomerName":"Chaitali","CivilNumber":"52","Email":"chaitali@gmail.com","Address":"Prahladnagar","Balance":2.000,"Contact":"7896541232","Status":1,"CreatedDate":"\/Date(1490247274010)\/"},{"CustomerID":2,"InstanceID":1,"UserID":1,"CustomerName":"Rikul","CivilNumber":"58","Email":"rikul@gmail.com","Address":"Sola Bridge","Balance":50.000,"Contact":"7563214521","Status":1,"CreatedDate":"\/Date(1490247599613)\/"},{"CustomerID":3,"InstanceID":1,"UserID":1,"CustomerName":"Dharmik","CivilNumber":"56","Email":"dharmik@gmail.com","Address":"Science City","Balance":500.000,"Contact":"7865321023","Status":2,"CreatedDate":"\/Date(1490247963463)\/"},{"CustomerID":4,"InstanceID":1,"UserID":1,"CustomerName":"sd","CivilNumber":"3","Email":"dfdf","Address":"zzxz","Balance":600.230,"Contact":"78653214","Status":1,"CreatedDate":"\/Date(1490248024137)\/"}]
2017-03-23 11:50:03.6401|DEBUG|IntegrationAPI.Helpers.LoggerFactory|Request End for : 0 Customer Name :
2017-03-23 11:50:03.6401|DEBUG|IntegrationAPI.Helpers.LoggerFactory|Request Started for : 0 Customer Name :
2017-03-23 11:50:03.6456|DEBUG|IntegrationAPI.Helpers.LoggerFactory|Response Value : [{"CustomerID":1,"InstanceID":1,"UserID":1,"CustomerName":"Chaitali","CivilNumber":"52","Email":"chaitali@gmail.com","Address":"Prahladnagar","Balance":2.000,"Contact":"7896541232","Status":1,"CreatedDate":"\/Date(1490247274010)\/"},{"CustomerID":2,"InstanceID":1,"UserID":1,"CustomerName":"Rikul","CivilNumber":"58","Email":"rikul@gmail.com","Address":"Sola Bridge","Balance":50.000,"Contact":"7563214521","Status":1,"CreatedDate":"\/Date(1490247599613)\/"},{"CustomerID":3,"InstanceID":1,"UserID":1,"CustomerName":"Dharmik","CivilNumber":"56","Email":"dharmik@gmail.com","Address":"Science City","Balance":500.000,"Contact":"7865321023","Status":2,"CreatedDate":"\/Date(1490247963463)\/"},{"CustomerID":4,"InstanceID":1,"UserID":1,"CustomerName":"sd","CivilNumber":"3","Email":"dfdf","Address":"zzxz","Balance":600.230,"Contact":"78653214","Status":1,"CreatedDate":"\/Date(1490248024137)\/"}]
2017-03-23 11:50:03.6456|DEBUG|IntegrationAPI.Helpers.LoggerFactory|Request End for : 0 Customer Name :
2017-03-23 11:50:09.2728|DEBUG|IntegrationAPI.Helpers.LoggerFactory|Request Started for : 4 Customer name :
2017-03-23 11:50:09.7759|DEBUG|IntegrationAPI.Helpers.LoggerFactory|Response Value : 0
2017-03-23 11:50:09.7759|DEBUG|IntegrationAPI.Helpers.LoggerFactory|Request Started for : 4 Customer name :
2017-03-23 11:50:10.2100|DEBUG|IntegrationAPI.Helpers.LoggerFactory|Request Started for : 0 Customer Name :
2017-03-23 11:50:10.2100|DEBUG|IntegrationAPI.Helpers.LoggerFactory|Response Value : [{"CustomerID":1,"InstanceID":1,"UserID":1,"CustomerName":"Chaitali","CivilNumber":"52","Email":"chaitali@gmail.com","Address":"Prahladnagar","Balance":2.000,"Contact":"7896541232","Status":1,"CreatedDate":"\/Date(1490247274010)\/"},{"CustomerID":2,"InstanceID":1,"UserID":1,"CustomerName":"Rikul","CivilNumber":"58","Email":"rikul@gmail.com","Address":"Sola Bridge","Balance":50.000,"Contact":"7563214521","Status":1,"CreatedDate":"\/Date(1490247599613)\/"},{"CustomerID":3,"InstanceID":1,"UserID":1,"CustomerName":"Dharmik","CivilNumber":"56","Email":"dharmik@gmail.com","Address":"Science City","Balance":500.000,"Contact":"7865321023","Status":2,"CreatedDate":"\/Date(1490247963463)\/"}]
2017-03-23 11:50:10.2100|DEBUG|IntegrationAPI.Helpers.LoggerFactory|Request End for : 0 Customer Name :
2017-03-23 12:19:52.0170|DEBUG|IntegrationAPI.Helpers.LoggerFactory|Request Started for : 0 Party name :
2017-03-23 12:19:54.0960|DEBUG|IntegrationAPI.Helpers.LoggerFactory|Request Started for : 0 Party name :
2017-03-23 12:19:54.7757|DEBUG|IntegrationAPI.Helpers.LoggerFactory|Response Value : []
2017-03-23 12:19:54.7757|DEBUG|IntegrationAPI.Helpers.LoggerFactory|Response Value : []
2017-03-23 12:19:54.8383|DEBUG|IntegrationAPI.Helpers.LoggerFactory|Request End for : 0   Party name :
2017-03-23 12:19:54.8383|DEBUG|IntegrationAPI.Helpers.LoggerFactory|Request End for : 0   Party name :
2017-03-23 12:19:56.9003|DEBUG|IntegrationAPI.Helpers.LoggerFactory|Request Started for : 0 Party name :
2017-03-23 12:19:56.9003|DEBUG|IntegrationAPI.Helpers.LoggerFactory|Response Value : []
2017-03-23 12:19:56.9003|DEBUG|IntegrationAPI.Helpers.LoggerFactory|Request End for : 0   Party name :
2017-03-23 12:20:49.8747|DEBUG|IntegrationAPI.Helpers.LoggerFactory|Request Started for : 0 Party name :
2017-03-23 12:20:49.8837|DEBUG|IntegrationAPI.Helpers.LoggerFactory|Response Value : []
2017-03-23 12:20:49.8837|DEBUG|IntegrationAPI.Helpers.LoggerFactory|Request End for : 0   Party name :
2017-03-23 12:21:30.1368|DEBUG|IntegrationAPI.Helpers.LoggerFactory|Request Started for : 0 Party name :
2017-03-23 12:21:30.1368|DEBUG|IntegrationAPI.Helpers.LoggerFactory|Response Value : []
2017-03-23 12:21:30.1368|DEBUG|IntegrationAPI.Helpers.LoggerFactory|Request End for : 0   Party name :
2017-03-23 12:23:33.8926|DEBUG|IntegrationAPI.Helpers.LoggerFactory|Request Started for : 0 Party name :
2017-03-23 12:23:33.9176|DEBUG|IntegrationAPI.Helpers.LoggerFactory|Response Value : []
2017-03-23 12:23:33.9176|DEBUG|IntegrationAPI.Helpers.LoggerFactory|Request End for : 0   Party name :
2017-03-23 12:23:57.3909|DEBUG|IntegrationAPI.Helpers.LoggerFactory|Request Started for : 0 Party name :Yukti
2017-03-23 12:23:57.7816|DEBUG|IntegrationAPI.Helpers.LoggerFactory|Response Value : 0
2017-03-23 12:23:57.7816|DEBUG|IntegrationAPI.Helpers.LoggerFactory|Request End for : 0   Party name :Yukti
2017-03-23 12:24:18.4426|DEBUG|IntegrationAPI.Helpers.LoggerFactory|Request Started for : 0 Party name :
2017-03-23 12:24:18.9579|DEBUG|IntegrationAPI.Helpers.LoggerFactory|Response Value : [{"SupplierID":1,"InstanceID":1,"UserID":1,"SupplierName":"Yukti","CivilNumber":"45","Email":"yukti@gmail.com","Address":"Maninagar","Balance":600.230,"Contact":"6326541210","Status":1,"CreatedDate":"\/Date(1490252037370)\/"}]
2017-03-23 12:24:18.9579|DEBUG|IntegrationAPI.Helpers.LoggerFactory|Request End for : 0   Party name :
2017-03-23 12:24:48.7803|DEBUG|IntegrationAPI.Helpers.LoggerFactory|Request Started for : 0 Party name :Meena
2017-03-23 12:24:48.7983|DEBUG|IntegrationAPI.Helpers.LoggerFactory|Response Value : 0
2017-03-23 12:24:48.7983|DEBUG|IntegrationAPI.Helpers.LoggerFactory|Request End for : 0   Party name :Meena
2017-03-23 12:25:08.3207|DEBUG|IntegrationAPI.Helpers.LoggerFactory|Request Started for : 0 Party name :
2017-03-23 12:25:08.3207|DEBUG|IntegrationAPI.Helpers.LoggerFactory|Response Value : [{"SupplierID":1,"InstanceID":1,"UserID":1,"SupplierName":"Yukti","CivilNumber":"45","Email":"yukti@gmail.com","Address":"Maninagar","Balance":600.230,"Contact":"6326541210","Status":1,"CreatedDate":"\/Date(1490252037370)\/"},{"SupplierID":2,"InstanceID":1,"UserID":1,"SupplierName":"Meena","CivilNumber":"78","Email":"meena@gmail.com","Address":"Nirnaynagar","Balance":1000.000,"Contact":"7896532145","Status":2,"CreatedDate":"\/Date(1490252088760)\/"}]
2017-03-23 12:25:08.3207|DEBUG|IntegrationAPI.Helpers.LoggerFactory|Request End for : 0   Party name :
2017-03-23 12:25:42.4564|DEBUG|IntegrationAPI.Helpers.LoggerFactory|Request Started for : 0 Party name :Krupali
2017-03-23 12:25:42.4674|DEBUG|IntegrationAPI.Helpers.LoggerFactory|Response Value : 0
2017-03-23 12:25:42.4674|DEBUG|IntegrationAPI.Helpers.LoggerFactory|Request End for : 0   Party name :Krupali
2017-03-23 12:25:45.5438|DEBUG|IntegrationAPI.Helpers.LoggerFactory|Request Started for : 0 Party name :
2017-03-23 12:25:45.5438|DEBUG|IntegrationAPI.Helpers.LoggerFactory|Response Value : [{"SupplierID":1,"InstanceID":1,"UserID":1,"SupplierName":"Yukti","CivilNumber":"45","Email":"yukti@gmail.com","Address":"Maninagar","Balance":600.230,"Contact":"6326541210","Status":1,"CreatedDate":"\/Date(1490252037370)\/"},{"SupplierID":2,"InstanceID":1,"UserID":1,"SupplierName":"Meena","CivilNumber":"78","Email":"meena@gmail.com","Address":"Nirnaynagar","Balance":1000.000,"Contact":"7896532145","Status":2,"CreatedDate":"\/Date(1490252088760)\/"},{"SupplierID":3,"InstanceID":1,"UserID":1,"SupplierName":"Krupali","CivilNumber":"89","Email":"krupali@gmail.com","Address":"Gota Chokdi","Balance":800.000,"Contact":"7563214510","Status":1,"CreatedDate":"\/Date(1490252142440)\/"}]
2017-03-23 12:25:45.5438|DEBUG|IntegrationAPI.Helpers.LoggerFactory|Request End for : 0   Party name :
2017-03-23 12:27:49.2860|DEBUG|IntegrationAPI.Helpers.LoggerFactory|Request Started for : 0 Party name :
2017-03-23 12:27:49.2860|DEBUG|IntegrationAPI.Helpers.LoggerFactory|Response Value : [{"SupplierID":1,"InstanceID":1,"UserID":1,"SupplierName":"Yukti","CivilNumber":"45","Email":"yukti@gmail.com","Address":"Maninagar","Balance":600.230,"Contact":"6326541210","Status":1,"CreatedDate":"\/Date(1490252037370)\/"},{"SupplierID":2,"InstanceID":1,"UserID":1,"SupplierName":"Meena","CivilNumber":"78","Email":"meena@gmail.com","Address":"Nirnaynagar","Balance":1000.000,"Contact":"7896532145","Status":2,"CreatedDate":"\/Date(1490252088760)\/"},{"SupplierID":3,"InstanceID":1,"UserID":1,"SupplierName":"Krupali","CivilNumber":"89","Email":"krupali@gmail.com","Address":"Gota Chokdi","Balance":800.000,"Contact":"7563214510","Status":1,"CreatedDate":"\/Date(1490252142440)\/"}]
2017-03-23 12:27:49.3014|DEBUG|IntegrationAPI.Helpers.LoggerFactory|Request End for : 0   Party name :
2017-03-23 12:27:59.2652|DEBUG|IntegrationAPI.Helpers.LoggerFactory|Request Started for : 2 Party name :
2017-03-23 12:27:59.3225|DEBUG|IntegrationAPI.Helpers.LoggerFactory|Response Value : 0
2017-03-23 12:27:59.3225|DEBUG|IntegrationAPI.Helpers.LoggerFactory|Request End for : 2   Party name :
2017-03-23 12:27:59.6985|DEBUG|IntegrationAPI.Helpers.LoggerFactory|Request Started for : 0 Party name :
2017-03-23 12:27:59.6985|DEBUG|IntegrationAPI.Helpers.LoggerFactory|Response Value : [{"SupplierID":1,"InstanceID":1,"UserID":1,"SupplierName":"Yukti","CivilNumber":"45","Email":"yukti@gmail.com","Address":"Maninagar","Balance":600.230,"Contact":"6326541210","Status":1,"CreatedDate":"\/Date(1490252037370)\/"},{"SupplierID":3,"InstanceID":1,"UserID":1,"SupplierName":"Krupali","CivilNumber":"89","Email":"krupali@gmail.com","Address":"Gota Chokdi","Balance":800.000,"Contact":"7563214510","Status":1,"CreatedDate":"\/Date(1490252142440)\/"}]
2017-03-23 12:27:59.6985|DEBUG|IntegrationAPI.Helpers.LoggerFactory|Request End for : 0   Party name :
2017-03-23 12:29:18.1805|DEBUG|IntegrationAPI.Helpers.LoggerFactory|Request Started for : 0 Party name :
2017-03-23 12:29:18.1805|DEBUG|IntegrationAPI.Helpers.LoggerFactory|Response Value : [{"SupplierID":1,"InstanceID":1,"UserID":1,"SupplierName":"Yukti","CivilNumber":"45","Email":"yukti@gmail.com","Address":"Maninagar","Balance":600.230,"Contact":"6326541210","Status":1,"CreatedDate":"\/Date(1490252037370)\/"},{"SupplierID":3,"InstanceID":1,"UserID":1,"SupplierName":"Krupali","CivilNumber":"89","Email":"krupali@gmail.com","Address":"Gota Chokdi","Balance":800.000,"Contact":"7563214510","Status":1,"CreatedDate":"\/Date(1490252142440)\/"}]
2017-03-23 12:29:18.1805|DEBUG|IntegrationAPI.Helpers.LoggerFactory|Request End for : 0   Party name :
2017-03-23 12:29:48.1142|DEBUG|IntegrationAPI.Helpers.LoggerFactory|Request Started for : 0 Party name :Maya
2017-03-23 12:29:48.1142|DEBUG|IntegrationAPI.Helpers.LoggerFactory|Response Value : 0
2017-03-23 12:29:48.1142|DEBUG|IntegrationAPI.Helpers.LoggerFactory|Request End for : 0   Party name :Maya
2017-03-23 12:29:50.0316|DEBUG|IntegrationAPI.Helpers.LoggerFactory|Request Started for : 0 Party name :
2017-03-23 12:29:50.0411|DEBUG|IntegrationAPI.Helpers.LoggerFactory|Response Value : [{"SupplierID":1,"InstanceID":1,"UserID":1,"SupplierName":"Yukti","CivilNumber":"45","Email":"yukti@gmail.com","Address":"Maninagar","Balance":600.230,"Contact":"6326541210","Status":1,"CreatedDate":"\/Date(1490252037370)\/"},{"SupplierID":3,"InstanceID":1,"UserID":1,"SupplierName":"Krupali","CivilNumber":"89","Email":"krupali@gmail.com","Address":"Gota Chokdi","Balance":800.000,"Contact":"7563214510","Status":1,"CreatedDate":"\/Date(1490252142440)\/"},{"SupplierID":4,"InstanceID":1,"UserID":1,"SupplierName":"Maya","CivilNumber":"89","Email":"maya@gmail.com","Address":"GeetaMandir","Balance":900.000,"Contact":"7563214521","Status":1,"CreatedDate":"\/Date(1490252388103)\/"}]
2017-03-23 12:29:50.0411|DEBUG|IntegrationAPI.Helpers.LoggerFactory|Request End for : 0   Party name :
2017-03-23 12:30:43.5806|DEBUG|IntegrationAPI.Helpers.LoggerFactory|Request Started for : 0 Party name :
2017-03-23 12:30:43.5846|DEBUG|IntegrationAPI.Helpers.LoggerFactory|Response Value : [{"SupplierID":1,"InstanceID":1,"UserID":1,"SupplierName":"Yukti","CivilNumber":"45","Email":"yukti@gmail.com","Address":"Maninagar","Balance":600.230,"Contact":"6326541210","Status":1,"CreatedDate":"\/Date(1490252037370)\/"},{"SupplierID":3,"InstanceID":1,"UserID":1,"SupplierName":"Krupali","CivilNumber":"89","Email":"krupali@gmail.com","Address":"Gota Chokdi","Balance":800.000,"Contact":"7563214510","Status":1,"CreatedDate":"\/Date(1490252142440)\/"},{"SupplierID":4,"InstanceID":1,"UserID":1,"SupplierName":"Maya","CivilNumber":"89","Email":"maya@gmail.com","Address":"GeetaMandir","Balance":900.000,"Contact":"7563214521","Status":1,"CreatedDate":"\/Date(1490252388103)\/"}]
2017-03-23 12:30:43.5846|DEBUG|IntegrationAPI.Helpers.LoggerFactory|Request End for : 0   Party name :
2017-03-23 12:33:07.8045|DEBUG|IntegrationAPI.Helpers.LoggerFactory|Request Started for : 0 Customer Name :
2017-03-23 12:33:07.9977|DEBUG|IntegrationAPI.Helpers.LoggerFactory|Response Value : [{"CustomerID":1,"InstanceID":1,"UserID":1,"CustomerName":"Chaitali","CivilNumber":"52","Email":"chaitali@gmail.com","Address":"Prahladnagar","Balance":2.000,"Contact":"7896541232","Status":1,"CreatedDate":"\/Date(1490247274010)\/"},{"CustomerID":2,"InstanceID":1,"UserID":1,"CustomerName":"Rikul","CivilNumber":"58","Email":"rikul@gmail.com","Address":"Sola Bridge","Balance":50.000,"Contact":"7563214521","Status":1,"CreatedDate":"\/Date(1490247599613)\/"},{"CustomerID":3,"InstanceID":1,"UserID":1,"CustomerName":"Dharmik","CivilNumber":"56","Email":"dharmik@gmail.com","Address":"Science City","Balance":500.000,"Contact":"7865321023","Status":2,"CreatedDate":"\/Date(1490247963463)\/"}]
2017-03-23 12:33:08.0087|DEBUG|IntegrationAPI.Helpers.LoggerFactory|Request End for : 0 Customer Name :
2017-03-23 12:35:15.5482|DEBUG|IntegrationAPI.Helpers.LoggerFactory|Request Started for : 0 Customer Name :
2017-03-23 12:35:15.5573|DEBUG|IntegrationAPI.Helpers.LoggerFactory|Response Value : [{"CustomerID":1,"InstanceID":1,"UserID":1,"CustomerName":"Chaitali","CivilNumber":"52","Email":"chaitali@gmail.com","Address":"Prahladnagar","Balance":2.000,"Contact":"7896541232","Status":1,"CreatedDate":"\/Date(1490247274010)\/"},{"CustomerID":2,"InstanceID":1,"UserID":1,"CustomerName":"Rikul","CivilNumber":"58","Email":"rikul@gmail.com","Address":"Sola Bridge","Balance":50.000,"Contact":"7563214521","Status":1,"CreatedDate":"\/Date(1490247599613)\/"},{"CustomerID":3,"InstanceID":1,"UserID":1,"CustomerName":"Dharmik","CivilNumber":"56","Email":"dharmik@gmail.com","Address":"Science City","Balance":500.000,"Contact":"7865321023","Status":2,"CreatedDate":"\/Date(1490247963463)\/"}]
2017-03-23 12:35:15.5573|DEBUG|IntegrationAPI.Helpers.LoggerFactory|Request End for : 0 Customer Name :
2017-03-23 12:47:48.3240|DEBUG|IntegrationAPI.Helpers.LoggerFactory|Request Started for : 0
2017-03-23 12:47:48.9306|DEBUG|IntegrationAPI.Helpers.LoggerFactory|Response Value : []
2017-03-23 12:47:48.9306|DEBUG|IntegrationAPI.Helpers.LoggerFactory|Request End for : 0
2017-03-23 12:49:59.6633|DEBUG|IntegrationAPI.Helpers.LoggerFactory|Request Started for : 0
2017-03-23 12:49:59.6803|DEBUG|IntegrationAPI.Helpers.LoggerFactory|Response Value : []
2017-03-23 12:49:59.6803|DEBUG|IntegrationAPI.Helpers.LoggerFactory|Request End for : 0
2017-03-23 12:51:26.3538|DEBUG|IntegrationAPI.Helpers.LoggerFactory|Request Started for : 0
2017-03-23 12:51:26.3638|DEBUG|IntegrationAPI.Helpers.LoggerFactory|Response Value : []
2017-03-23 12:51:26.3638|DEBUG|IntegrationAPI.Helpers.LoggerFactory|Request End for : 0
2017-03-23 12:51:43.6039|DEBUG|IntegrationAPI.Helpers.LoggerFactory|Request Started for : 0
2017-03-23 12:51:43.6440|DEBUG|IntegrationAPI.Helpers.LoggerFactory|Response Value : 0
2017-03-23 12:51:43.6440|DEBUG|IntegrationAPI.Helpers.LoggerFactory|Request End for : 0
2017-03-23 12:51:47.8771|DEBUG|IntegrationAPI.Helpers.LoggerFactory|Request Started for : 0
2017-03-23 12:51:47.9081|DEBUG|IntegrationAPI.Helpers.LoggerFactory|Response Value : [{"PurchaseItemID":1,"InstanceID":1,"UserID":1,"ItemName":"Item1","Status":1,"CreatedDate":"\/Date(1490253703590)\/"}]
2017-03-23 12:51:47.9081|DEBUG|IntegrationAPI.Helpers.LoggerFactory|Request End for : 0
2017-03-23 12:51:56.5101|DEBUG|IntegrationAPI.Helpers.LoggerFactory|Request Started for : 0
2017-03-23 12:51:56.8942|DEBUG|IntegrationAPI.Helpers.LoggerFactory|Response Value : 0
2017-03-23 12:51:56.8952|DEBUG|IntegrationAPI.Helpers.LoggerFactory|Request End for : 0
2017-03-23 12:51:59.4729|DEBUG|IntegrationAPI.Helpers.LoggerFactory|Request Started for : 0
2017-03-23 12:51:59.4773|DEBUG|IntegrationAPI.Helpers.LoggerFactory|Response Value : [{"PurchaseItemID":1,"InstanceID":1,"UserID":1,"ItemName":"Item1","Status":1,"CreatedDate":"\/Date(1490253703590)\/"},{"PurchaseItemID":2,"InstanceID":1,"UserID":1,"ItemName":"Item2","Status":2,"CreatedDate":"\/Date(1490253716503)\/"}]
2017-03-23 12:51:59.4773|DEBUG|IntegrationAPI.Helpers.LoggerFactory|Request End for : 0
2017-03-23 12:52:06.0018|DEBUG|IntegrationAPI.Helpers.LoggerFactory|Request Started for : 0
2017-03-23 12:52:06.0078|DEBUG|IntegrationAPI.Helpers.LoggerFactory|Response Value : 0
2017-03-23 12:52:06.0078|DEBUG|IntegrationAPI.Helpers.LoggerFactory|Request End for : 0
2017-03-23 12:52:08.7489|DEBUG|IntegrationAPI.Helpers.LoggerFactory|Request Started for : 0
2017-03-23 12:52:08.7830|DEBUG|IntegrationAPI.Helpers.LoggerFactory|Response Value : [{"PurchaseItemID":1,"InstanceID":1,"UserID":1,"ItemName":"Item1","Status":1,"CreatedDate":"\/Date(1490253703590)\/"},{"PurchaseItemID":2,"InstanceID":1,"UserID":1,"ItemName":"Item2","Status":2,"CreatedDate":"\/Date(1490253716503)\/"},{"PurchaseItemID":3,"InstanceID":1,"UserID":1,"ItemName":"Item3","Status":1,"CreatedDate":"\/Date(1490253725993)\/"}]
2017-03-23 12:52:08.7830|DEBUG|IntegrationAPI.Helpers.LoggerFactory|Request End for : 0
2017-03-23 12:52:10.2470|DEBUG|IntegrationAPI.Helpers.LoggerFactory|Request Started for : 0
2017-03-23 12:52:10.2847|DEBUG|IntegrationAPI.Helpers.LoggerFactory|Response Value : 0
2017-03-23 12:52:10.2857|DEBUG|IntegrationAPI.Helpers.LoggerFactory|Request End for : 0
2017-03-23 12:52:10.5412|DEBUG|IntegrationAPI.Helpers.LoggerFactory|Request Started for : 0
2017-03-23 12:52:10.5412|DEBUG|IntegrationAPI.Helpers.LoggerFactory|Response Value : [{"PurchaseItemID":1,"InstanceID":1,"UserID":1,"ItemName":"Item1","Status":1,"CreatedDate":"\/Date(1490253703590)\/"},{"PurchaseItemID":2,"InstanceID":1,"UserID":1,"ItemName":"Item2","Status":2,"CreatedDate":"\/Date(1490253716503)\/"},{"PurchaseItemID":3,"InstanceID":1,"UserID":1,"ItemName":"Item3","Status":1,"CreatedDate":"\/Date(1490253725993)\/"}]
2017-03-23 12:52:10.5412|DEBUG|IntegrationAPI.Helpers.LoggerFactory|Request End for : 0
2017-03-23 12:52:12.7874|DEBUG|IntegrationAPI.Helpers.LoggerFactory|Request Started for : 0
2017-03-23 12:52:12.7874|DEBUG|IntegrationAPI.Helpers.LoggerFactory|Response Value : 0
2017-03-23 12:52:12.7874|DEBUG|IntegrationAPI.Helpers.LoggerFactory|Request End for : 0
2017-03-23 12:52:13.0396|DEBUG|IntegrationAPI.Helpers.LoggerFactory|Request Started for : 0
2017-03-23 12:52:13.0396|DEBUG|IntegrationAPI.Helpers.LoggerFactory|Response Value : [{"PurchaseItemID":1,"InstanceID":1,"UserID":1,"ItemName":"Item1","Status":1,"CreatedDate":"\/Date(1490253703590)\/"},{"PurchaseItemID":2,"InstanceID":1,"UserID":1,"ItemName":"Item2","Status":2,"CreatedDate":"\/Date(1490253716503)\/"},{"PurchaseItemID":3,"InstanceID":1,"UserID":1,"ItemName":"Item3","Status":1,"CreatedDate":"\/Date(1490253725993)\/"}]
2017-03-23 12:52:13.0396|DEBUG|IntegrationAPI.Helpers.LoggerFactory|Request End for : 0
2017-03-23 12:54:05.4239|DEBUG|IntegrationAPI.Helpers.LoggerFactory|Request Started for : 0
2017-03-23 12:54:05.4470|DEBUG|IntegrationAPI.Helpers.LoggerFactory|Response Value : [{"PurchaseItemID":1,"InstanceID":1,"UserID":1,"ItemName":"Item1","Status":1,"CreatedDate":"\/Date(1490253703590)\/"},{"PurchaseItemID":2,"InstanceID":1,"UserID":1,"ItemName":"Item2","Status":2,"CreatedDate":"\/Date(1490253716503)\/"},{"PurchaseItemID":3,"InstanceID":1,"UserID":1,"ItemName":"Item3","Status":1,"CreatedDate":"\/Date(1490253725993)\/"}]
2017-03-23 12:54:05.4470|DEBUG|IntegrationAPI.Helpers.LoggerFactory|Request End for : 0
2017-03-23 12:54:07.5141|DEBUG|IntegrationAPI.Helpers.LoggerFactory|Request Started for : 3
2017-03-23 12:54:07.5141|DEBUG|IntegrationAPI.Helpers.LoggerFactory|Response Value : 0
2017-03-23 12:54:07.5141|DEBUG|IntegrationAPI.Helpers.LoggerFactory|Request End for : 3
2017-03-23 12:54:07.7590|DEBUG|IntegrationAPI.Helpers.LoggerFactory|Request Started for : 0
2017-03-23 12:54:07.7590|DEBUG|IntegrationAPI.Helpers.LoggerFactory|Response Value : [{"PurchaseItemID":1,"InstanceID":1,"UserID":1,"ItemName":"Item1","Status":1,"CreatedDate":"\/Date(1490253703590)\/"},{"PurchaseItemID":2,"InstanceID":1,"UserID":1,"ItemName":"Item2","Status":2,"CreatedDate":"\/Date(1490253716503)\/"}]
2017-03-23 12:54:07.7590|DEBUG|IntegrationAPI.Helpers.LoggerFactory|Request End for : 0
2017-03-23 14:03:09.9725|DEBUG|IntegrationAPI.Helpers.LoggerFactory|Request Started for : 0
2017-03-23 14:03:09.9771|DEBUG|IntegrationAPI.Helpers.LoggerFactory|Request Started for : 0
2017-03-23 14:03:11.3624|DEBUG|IntegrationAPI.Helpers.LoggerFactory|Request Started for : 0
2017-03-23 14:03:16.1252|DEBUG|IntegrationAPI.Helpers.LoggerFactory|Response Value : [{"PurchaseItemID":1,"InstanceID":1,"UserID":1,"ItemName":"Item1","Status":1,"CreatedDate":"\/Date(1490253703590)\/"},{"PurchaseItemID":2,"InstanceID":1,"UserID":1,"ItemName":"Item2","Status":2,"CreatedDate":"\/Date(1490253716503)\/"}]
2017-03-23 14:03:16.1252|DEBUG|IntegrationAPI.Helpers.LoggerFactory|Response Value : [{"PurchaseItemID":1,"InstanceID":1,"UserID":1,"ItemName":"Item1","Status":1,"CreatedDate":"\/Date(1490253703590)\/"},{"PurchaseItemID":2,"InstanceID":1,"UserID":1,"ItemName":"Item2","Status":2,"CreatedDate":"\/Date(1490253716503)\/"}]
2017-03-23 14:03:16.3748|DEBUG|IntegrationAPI.Helpers.LoggerFactory|Response Value : [{"PurchaseItemID":1,"InstanceID":1,"UserID":1,"ItemName":"Item1","Status":1,"CreatedDate":"\/Date(1490253703590)\/"},{"PurchaseItemID":2,"InstanceID":1,"UserID":1,"ItemName":"Item2","Status":2,"CreatedDate":"\/Date(1490253716503)\/"}]
2017-03-23 14:03:16.3863|DEBUG|IntegrationAPI.Helpers.LoggerFactory|Request End for : 0
2017-03-23 14:03:16.3863|DEBUG|IntegrationAPI.Helpers.LoggerFactory|Request End for : 0
2017-03-23 14:03:16.3863|DEBUG|IntegrationAPI.Helpers.LoggerFactory|Request End for : 0
2017-03-23 14:20:08.8534|DEBUG|IntegrationAPI.Helpers.LoggerFactory|Request Started for : 0 Item Name :
2017-03-23 14:20:23.9731|DEBUG|IntegrationAPI.Helpers.LoggerFactory|Response Value : []
2017-03-23 14:20:24.1301|DEBUG|IntegrationAPI.Helpers.LoggerFactory|Request End for : 0 Item Name :
2017-03-23 14:23:16.5940|DEBUG|IntegrationAPI.Helpers.LoggerFactory|Request Started for : 0 Item Name :
2017-03-23 14:23:16.6000|DEBUG|IntegrationAPI.Helpers.LoggerFactory|Response Value : []
2017-03-23 14:23:16.6000|DEBUG|IntegrationAPI.Helpers.LoggerFactory|Request End for : 0 Item Name :
2017-03-23 14:24:33.0100|DEBUG|IntegrationAPI.Helpers.LoggerFactory|Request Started for : 0 Item Name :
2017-03-23 14:24:33.0271|DEBUG|IntegrationAPI.Helpers.LoggerFactory|Response Value : []
2017-03-23 14:24:33.0271|DEBUG|IntegrationAPI.Helpers.LoggerFactory|Request End for : 0 Item Name :
2017-03-23 14:24:40.7918|DEBUG|IntegrationAPI.Helpers.LoggerFactory|Request Started for : 0 Item Name :Expense1
2017-03-23 14:24:41.0797|DEBUG|IntegrationAPI.Helpers.LoggerFactory|Response Value : 0
2017-03-23 14:24:41.0797|DEBUG|IntegrationAPI.Helpers.LoggerFactory|Request End for : 0 Item Name :Expense1
2017-03-23 14:24:46.1359|DEBUG|IntegrationAPI.Helpers.LoggerFactory|Request Started for : 0 Item Name :
2017-03-23 14:24:46.2906|DEBUG|IntegrationAPI.Helpers.LoggerFactory|Response Value : [{"ExpenseItemID":1,"InstanceID":1,"ItemName":"Expense1","Status":1,"CreatedDate":"\/Date(1490259280777)\/"}]
2017-03-23 14:24:46.2906|DEBUG|IntegrationAPI.Helpers.LoggerFactory|Request End for : 0 Item Name :
2017-03-23 14:25:02.5334|DEBUG|IntegrationAPI.Helpers.LoggerFactory|Request Started for : 0 Item Name :
2017-03-23 14:25:02.5374|DEBUG|IntegrationAPI.Helpers.LoggerFactory|Response Value : [{"ExpenseItemID":1,"InstanceID":1,"ItemName":"Expense1","Status":1,"CreatedDate":"\/Date(1490259280777)\/"}]
2017-03-23 14:25:02.5374|DEBUG|IntegrationAPI.Helpers.LoggerFactory|Request End for : 0 Item Name :
2017-03-23 14:25:17.4337|DEBUG|IntegrationAPI.Helpers.LoggerFactory|Request Started for : 0 Item Name :
2017-03-23 14:25:17.4337|DEBUG|IntegrationAPI.Helpers.LoggerFactory|Response Value : [{"ExpenseItemID":1,"InstanceID":1,"ItemName":"Expense1","Status":1,"CreatedDate":"\/Date(1490259280777)\/"}]
2017-03-23 14:25:17.4337|DEBUG|IntegrationAPI.Helpers.LoggerFactory|Request End for : 0 Item Name :
2017-03-23 14:25:25.1550|DEBUG|IntegrationAPI.Helpers.LoggerFactory|Request Started for : 0 Item Name :Expense2
2017-03-23 14:25:25.1611|DEBUG|IntegrationAPI.Helpers.LoggerFactory|Response Value : 0
2017-03-23 14:25:25.1611|DEBUG|IntegrationAPI.Helpers.LoggerFactory|Request End for : 0 Item Name :Expense2
2017-03-23 14:25:33.3159|DEBUG|IntegrationAPI.Helpers.LoggerFactory|Request Started for : 0 Item Name :
2017-03-23 14:25:33.3260|DEBUG|IntegrationAPI.Helpers.LoggerFactory|Response Value : [{"ExpenseItemID":1,"InstanceID":1,"ItemName":"Expense1","Status":1,"CreatedDate":"\/Date(1490259280777)\/"},{"ExpenseItemID":2,"InstanceID":1,"ItemName":"Expense2","Status":2,"CreatedDate":"\/Date(1490259325137)\/"}]
2017-03-23 14:25:33.3260|DEBUG|IntegrationAPI.Helpers.LoggerFactory|Request End for : 0 Item Name :
2017-03-23 14:25:42.3457|DEBUG|IntegrationAPI.Helpers.LoggerFactory|Request Started for : 0 Item Name :Expense3
2017-03-23 14:25:42.4247|DEBUG|IntegrationAPI.Helpers.LoggerFactory|Response Value : 0
2017-03-23 14:25:42.4247|DEBUG|IntegrationAPI.Helpers.LoggerFactory|Request End for : 0 Item Name :Expense3
2017-03-23 14:25:45.7792|DEBUG|IntegrationAPI.Helpers.LoggerFactory|Request Started for : 0 Item Name :
2017-03-23 14:25:45.7792|DEBUG|IntegrationAPI.Helpers.LoggerFactory|Response Value : [{"ExpenseItemID":1,"InstanceID":1,"ItemName":"Expense1","Status":1,"CreatedDate":"\/Date(1490259280777)\/"},{"ExpenseItemID":2,"InstanceID":1,"ItemName":"Expense2","Status":2,"CreatedDate":"\/Date(1490259325137)\/"},{"ExpenseItemID":3,"InstanceID":1,"ItemName":"Expense3","Status":1,"CreatedDate":"\/Date(1490259342317)\/"}]
2017-03-23 14:25:45.7792|DEBUG|IntegrationAPI.Helpers.LoggerFactory|Request End for : 0 Item Name :
2017-03-23 14:27:19.9807|DEBUG|IntegrationAPI.Helpers.LoggerFactory|Request Started for : 0 Item Name :
2017-03-23 14:27:19.9974|DEBUG|IntegrationAPI.Helpers.LoggerFactory|Response Value : [{"ExpenseItemID":1,"InstanceID":1,"ItemName":"Expense1","Status":1,"CreatedDate":"\/Date(1490259280777)\/"},{"ExpenseItemID":2,"InstanceID":1,"ItemName":"Expense2","Status":2,"CreatedDate":"\/Date(1490259325137)\/"},{"ExpenseItemID":3,"InstanceID":1,"ItemName":"Expense3","Status":1,"CreatedDate":"\/Date(1490259342317)\/"}]
2017-03-23 14:27:19.9974|DEBUG|IntegrationAPI.Helpers.LoggerFactory|Request End for : 0 Item Name :
2017-03-23 14:27:22.7025|DEBUG|IntegrationAPI.Helpers.LoggerFactory|Request Started for : 2 Item Name :
2017-03-23 14:27:22.8106|DEBUG|IntegrationAPI.Helpers.LoggerFactory|Response Value : 0
2017-03-23 14:27:22.8106|DEBUG|IntegrationAPI.Helpers.LoggerFactory|Request End for : 2 Item Name :
2017-03-23 14:27:23.1320|DEBUG|IntegrationAPI.Helpers.LoggerFactory|Request Started for : 0 Item Name :
2017-03-23 14:27:23.1320|DEBUG|IntegrationAPI.Helpers.LoggerFactory|Response Value : [{"ExpenseItemID":1,"InstanceID":1,"ItemName":"Expense1","Status":1,"CreatedDate":"\/Date(1490259280777)\/"},{"ExpenseItemID":3,"InstanceID":1,"ItemName":"Expense3","Status":1,"CreatedDate":"\/Date(1490259342317)\/"}]
2017-03-23 14:27:23.1320|DEBUG|IntegrationAPI.Helpers.LoggerFactory|Request End for : 0 Item Name :
2017-03-23 14:47:22.6274|DEBUG|IntegrationAPI.Helpers.LoggerFactory|Request Started for : 0  Branch Name :
2017-03-23 14:47:27.4764|DEBUG|IntegrationAPI.Helpers.LoggerFactory|Response Value : []
2017-03-23 14:47:27.5317|DEBUG|IntegrationAPI.Helpers.LoggerFactory|Request End for : 0  Branch Name :
2017-03-23 14:47:54.6528|DEBUG|IntegrationAPI.Helpers.LoggerFactory|Request Started for : 0  Branch Name :offic1
2017-03-23 14:47:54.8516|DEBUG|IntegrationAPI.Helpers.LoggerFactory|Response Value : 0
2017-03-23 14:47:54.8516|DEBUG|IntegrationAPI.Helpers.LoggerFactory|Request End for : 0  Branch Name :offic1
2017-03-23 14:47:59.0387|DEBUG|IntegrationAPI.Helpers.LoggerFactory|Request Started for : 0  Branch Name :
2017-03-23 14:47:59.2657|DEBUG|IntegrationAPI.Helpers.LoggerFactory|Response Value : [{"OfficeBranchID":1,"InstanceID":1,"UserID":1,"BranchName":"offic1","CivilNumber":"89","Email":"office@gmail.com","Address":"Manipur","Contact":"896325414","CreatedDate":"\/Date(1490260674633)\/"}]
2017-03-23 14:47:59.2657|DEBUG|IntegrationAPI.Helpers.LoggerFactory|Request End for : 0  Branch Name :
2017-03-23 14:48:27.3726|DEBUG|IntegrationAPI.Helpers.LoggerFactory|Request Started for : 0  Branch Name :office2
2017-03-23 14:48:27.4332|DEBUG|IntegrationAPI.Helpers.LoggerFactory|Response Value : 0
2017-03-23 14:48:27.4332|DEBUG|IntegrationAPI.Helpers.LoggerFactory|Request End for : 0  Branch Name :office2
2017-03-23 14:48:31.2886|DEBUG|IntegrationAPI.Helpers.LoggerFactory|Request Started for : 0  Branch Name :
2017-03-23 14:48:31.3042|DEBUG|IntegrationAPI.Helpers.LoggerFactory|Response Value : [{"OfficeBranchID":1,"InstanceID":1,"UserID":1,"BranchName":"offic1","CivilNumber":"89","Email":"office@gmail.com","Address":"Manipur","Contact":"896325414","CreatedDate":"\/Date(1490260674633)\/"},{"OfficeBranchID":2,"InstanceID":1,"UserID":1,"BranchName":"office2","CivilNumber":"89","Email":"office2@gmail.com","Address":"Vatva","Contact":"896321456","CreatedDate":"\/Date(1490260707363)\/"}]
2017-03-23 14:48:31.3042|DEBUG|IntegrationAPI.Helpers.LoggerFactory|Request End for : 0  Branch Name :
2017-03-23 14:49:10.6450|DEBUG|IntegrationAPI.Helpers.LoggerFactory|Request Started for : 0  Branch Name :office3
2017-03-23 14:49:10.6676|DEBUG|IntegrationAPI.Helpers.LoggerFactory|Response Value : 0
2017-03-23 14:49:10.6676|DEBUG|IntegrationAPI.Helpers.LoggerFactory|Request End for : 0  Branch Name :office3
2017-03-23 14:49:14.0710|DEBUG|IntegrationAPI.Helpers.LoggerFactory|Request Started for : 0  Branch Name :
2017-03-23 14:49:14.0710|DEBUG|IntegrationAPI.Helpers.LoggerFactory|Response Value : [{"OfficeBranchID":1,"InstanceID":1,"UserID":1,"BranchName":"offic1","CivilNumber":"89","Email":"office@gmail.com","Address":"Manipur","Contact":"896325414","CreatedDate":"\/Date(1490260674633)\/"},{"OfficeBranchID":2,"InstanceID":1,"UserID":1,"BranchName":"office2","CivilNumber":"89","Email":"office2@gmail.com","Address":"Vatva","Contact":"896321456","CreatedDate":"\/Date(1490260707363)\/"},{"OfficeBranchID":3,"InstanceID":1,"UserID":1,"BranchName":"office3","CivilNumber":"73","Email":"office3@gmail.com","Address":"Jeelal","Contact":"9653214541","CreatedDate":"\/Date(1490260750633)\/"}]
2017-03-23 14:49:14.0710|DEBUG|IntegrationAPI.Helpers.LoggerFactory|Request End for : 0  Branch Name :
2017-03-23 14:49:16.2847|DEBUG|IntegrationAPI.Helpers.LoggerFactory|Request Started for : 2  Branch Name :
2017-03-23 14:49:16.3362|DEBUG|IntegrationAPI.Helpers.LoggerFactory|Response Value : 0
2017-03-23 14:49:16.3362|DEBUG|IntegrationAPI.Helpers.LoggerFactory|Request End for : 2  Branch Name :
2017-03-23 14:49:16.6325|DEBUG|IntegrationAPI.Helpers.LoggerFactory|Request Started for : 0  Branch Name :
2017-03-23 14:49:16.6325|DEBUG|IntegrationAPI.Helpers.LoggerFactory|Response Value : [{"OfficeBranchID":1,"InstanceID":1,"UserID":1,"BranchName":"offic1","CivilNumber":"89","Email":"office@gmail.com","Address":"Manipur","Contact":"896325414","CreatedDate":"\/Date(1490260674633)\/"},{"OfficeBranchID":3,"InstanceID":1,"UserID":1,"BranchName":"office3","CivilNumber":"73","Email":"office3@gmail.com","Address":"Jeelal","Contact":"9653214541","CreatedDate":"\/Date(1490260750633)\/"}]
2017-03-23 14:49:16.6325|DEBUG|IntegrationAPI.Helpers.LoggerFactory|Request End for : 0  Branch Name :
2017-03-23 15:06:58.6774|DEBUG|IntegrationAPI.Helpers.LoggerFactory|Request Started for : 0 Template name :
2017-03-23 15:06:59.2408|DEBUG|IntegrationAPI.Helpers.LoggerFactory|Response Value : []
2017-03-23 15:06:59.2642|DEBUG|IntegrationAPI.Helpers.LoggerFactory|Request End for : 0   Template name :
2017-03-23 15:07:12.7612|DEBUG|IntegrationAPI.Helpers.LoggerFactory|Request Started for : 0 Template name :Template1
2017-03-23 15:07:12.8598|DEBUG|IntegrationAPI.Helpers.LoggerFactory|Response Value : 0
2017-03-23 15:07:12.8768|DEBUG|IntegrationAPI.Helpers.LoggerFactory|Request End for : 0   Template name :Template1
2017-03-23 15:07:15.9272|DEBUG|IntegrationAPI.Helpers.LoggerFactory|Request Started for : 0 Template name :
2017-03-23 15:07:16.0210|DEBUG|IntegrationAPI.Helpers.LoggerFactory|Response Value : [{"SmsID":1,"InstanceID":1,"UserID":1,"TemplateName":"Template1","Details":"Test Template","ismart_sms_language":1}]
2017-03-23 15:07:16.0210|DEBUG|IntegrationAPI.Helpers.LoggerFactory|Request End for : 0   Template name :
2017-03-23 15:07:36.9774|DEBUG|IntegrationAPI.Helpers.LoggerFactory|Request Started for : 0 Template name :Template2
2017-03-23 15:07:37.0012|DEBUG|IntegrationAPI.Helpers.LoggerFactory|Response Value : 0
2017-03-23 15:07:37.0012|DEBUG|IntegrationAPI.Helpers.LoggerFactory|Request End for : 0   Template name :Template2
2017-03-23 15:07:41.2267|DEBUG|IntegrationAPI.Helpers.LoggerFactory|Request Started for : 0 Template name :
2017-03-23 15:07:41.2267|DEBUG|IntegrationAPI.Helpers.LoggerFactory|Response Value : [{"SmsID":1,"InstanceID":1,"UserID":1,"TemplateName":"Template1","Details":"Test Template","ismart_sms_language":1},{"SmsID":2,"InstanceID":1,"UserID":1,"TemplateName":"Template2","Details":"Test Template","ismart_sms_language":2}]
2017-03-23 15:07:41.2267|DEBUG|IntegrationAPI.Helpers.LoggerFactory|Request End for : 0   Template name :
2017-03-23 15:07:57.8772|DEBUG|IntegrationAPI.Helpers.LoggerFactory|Request Started for : 0 Template name :Template3
2017-03-23 15:07:57.9123|DEBUG|IntegrationAPI.Helpers.LoggerFactory|Response Value : 0
2017-03-23 15:07:57.9123|DEBUG|IntegrationAPI.Helpers.LoggerFactory|Request End for : 0   Template name :Template3
2017-03-23 15:08:00.6199|DEBUG|IntegrationAPI.Helpers.LoggerFactory|Request Started for : 0 Template name :
2017-03-23 15:08:00.6469|DEBUG|IntegrationAPI.Helpers.LoggerFactory|Response Value : [{"SmsID":1,"InstanceID":1,"UserID":1,"TemplateName":"Template1","Details":"Test Template","ismart_sms_language":1},{"SmsID":2,"InstanceID":1,"UserID":1,"TemplateName":"Template2","Details":"Test Template","ismart_sms_language":2},{"SmsID":3,"InstanceID":1,"UserID":1,"TemplateName":"Template3","Details":"Test Template","ismart_sms_language":1}]
2017-03-23 15:08:00.6469|DEBUG|IntegrationAPI.Helpers.LoggerFactory|Request End for : 0   Template name :
2017-03-23 15:08:02.1451|DEBUG|IntegrationAPI.Helpers.LoggerFactory|Request Started for : 3 Template name :
2017-03-23 15:08:02.1451|DEBUG|IntegrationAPI.Helpers.LoggerFactory|Response Value : 0
2017-03-23 15:08:02.1451|DEBUG|IntegrationAPI.Helpers.LoggerFactory|Request End for : 3   Template name :
2017-03-23 15:08:02.4907|DEBUG|IntegrationAPI.Helpers.LoggerFactory|Request Started for : 0 Template name :
2017-03-23 15:08:02.4907|DEBUG|IntegrationAPI.Helpers.LoggerFactory|Response Value : [{"SmsID":1,"InstanceID":1,"UserID":1,"TemplateName":"Template1","Details":"Test Template","ismart_sms_language":1},{"SmsID":2,"InstanceID":1,"UserID":1,"TemplateName":"Template2","Details":"Test Template","ismart_sms_language":2}]
2017-03-23 15:08:02.4907|DEBUG|IntegrationAPI.Helpers.LoggerFactory|Request End for : 0   Template name :
2017-03-23 15:09:02.2178|DEBUG|IntegrationAPI.Helpers.LoggerFactory|Request Started for : 0 Template name :
2017-03-23 15:09:02.2233|DEBUG|IntegrationAPI.Helpers.LoggerFactory|Response Value : [{"SmsID":1,"InstanceID":1,"UserID":1,"TemplateName":"Template1","Details":"Test Template","ismart_sms_language":1},{"SmsID":2,"InstanceID":1,"UserID":1,"TemplateName":"Template2","Details":"Test Template","ismart_sms_language":2}]
2017-03-23 15:09:02.2233|DEBUG|IntegrationAPI.Helpers.LoggerFactory|Request End for : 0   Template name :
2017-03-23 15:20:22.6991|DEBUG|IntegrationAPI.Helpers.LoggerFactory|Request Started for : 0 Template name :
2017-03-23 15:20:22.9950|DEBUG|IntegrationAPI.Helpers.LoggerFactory|Response Value : [{"SmsID":1,"InstanceID":1,"UserID":1,"TemplateName":"Template1","Details":"Test Template","ismart_sms_language":1},{"SmsID":2,"InstanceID":1,"UserID":1,"TemplateName":"Template2","Details":"Test Template","ismart_sms_language":2}]
2017-03-23 15:20:22.9950|DEBUG|IntegrationAPI.Helpers.LoggerFactory|Request End for : 0   Template name :
2017-03-23 15:21:15.1305|DEBUG|IntegrationAPI.Helpers.LoggerFactory|Request Started for : 0 Customer Name :
2017-03-23 15:21:15.4228|DEBUG|IntegrationAPI.Helpers.LoggerFactory|Response Value : [{"CustomerID":1,"InstanceID":1,"UserID":1,"CustomerName":"Chaitali","CivilNumber":"52","Email":"chaitali@gmail.com","Address":"Prahladnagar","Balance":2.000,"Contact":"7896541232","Status":1,"CreatedDate":"\/Date(1490247274010)\/"},{"CustomerID":2,"InstanceID":1,"UserID":1,"CustomerName":"Rikul","CivilNumber":"58","Email":"rikul@gmail.com","Address":"Sola Bridge","Balance":50.000,"Contact":"7563214521","Status":1,"CreatedDate":"\/Date(1490247599613)\/"},{"CustomerID":3,"InstanceID":1,"UserID":1,"CustomerName":"Dharmik","CivilNumber":"56","Email":"dharmik@gmail.com","Address":"Science City","Balance":500.000,"Contact":"7865321023","Status":2,"CreatedDate":"\/Date(1490247963463)\/"}]
2017-03-23 15:21:15.4228|DEBUG|IntegrationAPI.Helpers.LoggerFactory|Request End for : 0 Customer Name :
2017-03-23 15:21:18.5117|DEBUG|IntegrationAPI.Helpers.LoggerFactory|Request Started for : 0 Customer Name :
2017-03-23 15:21:18.5117|DEBUG|IntegrationAPI.Helpers.LoggerFactory|Response Value : [{"CustomerID":1,"InstanceID":1,"UserID":1,"CustomerName":"Chaitali","CivilNumber":"52","Email":"chaitali@gmail.com","Address":"Prahladnagar","Balance":2.000,"Contact":"7896541232","Status":1,"CreatedDate":"\/Date(1490247274010)\/"},{"CustomerID":2,"InstanceID":1,"UserID":1,"CustomerName":"Rikul","CivilNumber":"58","Email":"rikul@gmail.com","Address":"Sola Bridge","Balance":50.000,"Contact":"7563214521","Status":1,"CreatedDate":"\/Date(1490247599613)\/"},{"CustomerID":3,"InstanceID":1,"UserID":1,"CustomerName":"Dharmik","CivilNumber":"56","Email":"dharmik@gmail.com","Address":"Science City","Balance":500.000,"Contact":"7865321023","Status":2,"CreatedDate":"\/Date(1490247963463)\/"}]
2017-03-23 15:21:18.5207|DEBUG|IntegrationAPI.Helpers.LoggerFactory|Request End for : 0 Customer Name :
2017-03-23 15:21:33.3402|DEBUG|IntegrationAPI.Helpers.LoggerFactory|Request Started for : 0 Customer Name :
2017-03-23 15:21:33.3402|DEBUG|IntegrationAPI.Helpers.LoggerFactory|Response Value : [{"CustomerID":1,"InstanceID":1,"UserID":1,"CustomerName":"Chaitali","CivilNumber":"52","Email":"chaitali@gmail.com","Address":"Prahladnagar","Balance":2.000,"Contact":"7896541232","Status":1,"CreatedDate":"\/Date(1490247274010)\/"},{"CustomerID":2,"InstanceID":1,"UserID":1,"CustomerName":"Rikul","CivilNumber":"58","Email":"rikul@gmail.com","Address":"Sola Bridge","Balance":50.000,"Contact":"7563214521","Status":1,"CreatedDate":"\/Date(1490247599613)\/"},{"CustomerID":3,"InstanceID":1,"UserID":1,"CustomerName":"Dharmik","CivilNumber":"56","Email":"dharmik@gmail.com","Address":"Science City","Balance":500.000,"Contact":"7865321023","Status":2,"CreatedDate":"\/Date(1490247963463)\/"}]
2017-03-23 15:21:33.3523|DEBUG|IntegrationAPI.Helpers.LoggerFactory|Request End for : 0 Customer Name :
2017-03-23 15:23:36.9687|DEBUG|IntegrationAPI.Helpers.LoggerFactory|Request Started for : 0 Template name :
2017-03-23 15:23:36.9848|DEBUG|IntegrationAPI.Helpers.LoggerFactory|Response Value : [{"SmsID":1,"InstanceID":1,"UserID":1,"TemplateName":"Template1","Details":"Test Template","ismart_sms_language":1},{"SmsID":2,"InstanceID":1,"UserID":1,"TemplateName":"Template2","Details":"Test Template","ismart_sms_language":2}]
2017-03-23 15:23:36.9848|DEBUG|IntegrationAPI.Helpers.LoggerFactory|Request End for : 0   Template name :
2017-03-23 15:24:45.6186|DEBUG|IntegrationAPI.Helpers.LoggerFactory|Request Started for : 0 Template name :
2017-03-23 15:24:45.6186|DEBUG|IntegrationAPI.Helpers.LoggerFactory|Response Value : [{"SmsID":1,"InstanceID":1,"UserID":1,"TemplateName":"Template1","Details":"Test Template","ismart_sms_language":1},{"SmsID":2,"InstanceID":1,"UserID":1,"TemplateName":"Template2","Details":"Test Template","ismart_sms_language":2}]
2017-03-23 15:24:45.6186|DEBUG|IntegrationAPI.Helpers.LoggerFactory|Request End for : 0   Template name :
2017-03-23 15:24:48.8023|DEBUG|IntegrationAPI.Helpers.LoggerFactory|Request Started for : 0 Template name :
2017-03-23 15:24:48.8023|DEBUG|IntegrationAPI.Helpers.LoggerFactory|Response Value : [{"SmsID":1,"InstanceID":1,"UserID":1,"TemplateName":"Template1","Details":"Test Template","ismart_sms_language":1},{"SmsID":2,"InstanceID":1,"UserID":1,"TemplateName":"Template2","Details":"Test Template","ismart_sms_language":2}]
2017-03-23 15:24:48.8023|DEBUG|IntegrationAPI.Helpers.LoggerFactory|Request End for : 0   Template name :
2017-03-23 15:26:15.8705|DEBUG|IntegrationAPI.Helpers.LoggerFactory|Request Started for : 0 Template name :
2017-03-23 15:26:15.8871|DEBUG|IntegrationAPI.Helpers.LoggerFactory|Response Value : [{"SmsID":1,"InstanceID":1,"UserID":1,"TemplateName":"Template1","Details":"Test Template","ismart_sms_language":1},{"SmsID":2,"InstanceID":1,"UserID":1,"TemplateName":"Template2","Details":"Test Template","ismart_sms_language":2}]
2017-03-23 15:26:15.8871|DEBUG|IntegrationAPI.Helpers.LoggerFactory|Request End for : 0   Template name :
2017-03-23 15:27:32.3773|DEBUG|IntegrationAPI.Helpers.LoggerFactory|Request Started for : 0 Template name :
2017-03-23 15:27:32.3833|DEBUG|IntegrationAPI.Helpers.LoggerFactory|Response Value : [{"SmsID":1,"InstanceID":1,"UserID":1,"TemplateName":"Template1","Details":"Test Template","ismart_sms_language":1},{"SmsID":2,"InstanceID":1,"UserID":1,"TemplateName":"Template2","Details":"Test Template","ismart_sms_language":2}]
2017-03-23 15:27:32.3833|DEBUG|IntegrationAPI.Helpers.LoggerFactory|Request End for : 0   Template name :
2017-03-23 15:31:01.6535|DEBUG|IntegrationAPI.Helpers.LoggerFactory|Request Started for : 0 Template name :
2017-03-23 15:31:01.6650|DEBUG|IntegrationAPI.Helpers.LoggerFactory|Response Value : [{"SmsID":1,"InstanceID":1,"UserID":1,"TemplateName":"Template1","Details":"Test Template","ismart_sms_language":1},{"SmsID":2,"InstanceID":1,"UserID":1,"TemplateName":"Template2","Details":"Test Template","ismart_sms_language":2}]
2017-03-23 15:31:01.6650|DEBUG|IntegrationAPI.Helpers.LoggerFactory|Request End for : 0   Template name :
2017-03-23 15:31:04.3162|DEBUG|IntegrationAPI.Helpers.LoggerFactory|Request Started for : 1 Template name :
2017-03-23 15:31:04.3218|DEBUG|IntegrationAPI.Helpers.LoggerFactory|Response Value : 0
2017-03-23 15:31:04.3218|DEBUG|IntegrationAPI.Helpers.LoggerFactory|Request End for : 1   Template name :
2017-03-23 15:31:04.5794|DEBUG|IntegrationAPI.Helpers.LoggerFactory|Request Started for : 0 Template name :
2017-03-23 15:31:04.5905|DEBUG|IntegrationAPI.Helpers.LoggerFactory|Response Value : [{"SmsID":2,"InstanceID":1,"UserID":1,"TemplateName":"Template2","Details":"Test Template","ismart_sms_language":2}]
2017-03-23 15:31:04.5905|DEBUG|IntegrationAPI.Helpers.LoggerFactory|Request End for : 0   Template name :
2017-03-23 15:32:58.7273|DEBUG|IntegrationAPI.Helpers.LoggerFactory|Request Started for : 0 Template name :
2017-03-23 15:32:58.7273|DEBUG|IntegrationAPI.Helpers.LoggerFactory|Response Value : [{"SmsID":2,"InstanceID":1,"UserID":1,"TemplateName":"Template2","Details":"Test Template","ismart_sms_language":2}]
2017-03-23 15:32:58.7273|DEBUG|IntegrationAPI.Helpers.LoggerFactory|Request End for : 0   Template name :
2017-03-23 15:34:05.9459|DEBUG|IntegrationAPI.Helpers.LoggerFactory|Request Started for : 0 Template name :
2017-03-23 15:34:05.9459|DEBUG|IntegrationAPI.Helpers.LoggerFactory|Response Value : [{"SmsID":2,"InstanceID":1,"UserID":1,"TemplateName":"Template2","Details":"Test Template","ismart_sms_language":2}]
2017-03-23 15:34:05.9459|DEBUG|IntegrationAPI.Helpers.LoggerFactory|Request End for : 0   Template name :
2017-03-23 15:34:12.5353|DEBUG|IntegrationAPI.Helpers.LoggerFactory|Request Started for : 2 Template name :
2017-03-23 15:34:12.5398|DEBUG|IntegrationAPI.Helpers.LoggerFactory|Response Value : 0
2017-03-23 15:34:12.5398|DEBUG|IntegrationAPI.Helpers.LoggerFactory|Request End for : 2   Template name :
2017-03-23 15:34:12.8618|DEBUG|IntegrationAPI.Helpers.LoggerFactory|Request Started for : 0 Template name :
2017-03-23 15:34:12.8698|DEBUG|IntegrationAPI.Helpers.LoggerFactory|Response Value : []
2017-03-23 15:34:12.8698|DEBUG|IntegrationAPI.Helpers.LoggerFactory|Request End for : 0   Template name :
2017-03-23 15:34:21.4763|DEBUG|IntegrationAPI.Helpers.LoggerFactory|Request Started for : 0 Template name :Template
2017-03-23 15:34:21.5274|DEBUG|IntegrationAPI.Helpers.LoggerFactory|Response Value : 0
2017-03-23 15:34:21.5274|DEBUG|IntegrationAPI.Helpers.LoggerFactory|Request End for : 0   Template name :Template
2017-03-23 15:34:24.4641|DEBUG|IntegrationAPI.Helpers.LoggerFactory|Request Started for : 0 Template name :
2017-03-23 15:34:24.4641|DEBUG|IntegrationAPI.Helpers.LoggerFactory|Response Value : [{"SmsID":4,"InstanceID":1,"UserID":1,"TemplateName":"Template","Details":"zdzx","ismart_sms_language":1}]
2017-03-23 15:34:24.4641|DEBUG|IntegrationAPI.Helpers.LoggerFactory|Request End for : 0   Template name :
2017-03-23 15:38:27.0510|DEBUG|IntegrationAPI.Helpers.LoggerFactory|Request Started for : 0 Template name :
2017-03-23 15:38:27.0861|DEBUG|IntegrationAPI.Helpers.LoggerFactory|Response Value : [{"SmsID":4,"InstanceID":1,"UserID":1,"TemplateName":"Template","Details":"zdzx","ismart_sms_language":1}]
2017-03-23 15:38:27.0861|DEBUG|IntegrationAPI.Helpers.LoggerFactory|Request End for : 0   Template name :
2017-03-23 15:39:28.9596|DEBUG|IntegrationAPI.Helpers.LoggerFactory|Request Started for : 0 Template name :
2017-03-23 15:39:28.9596|DEBUG|IntegrationAPI.Helpers.LoggerFactory|Response Value : [{"SmsID":4,"InstanceID":1,"UserID":1,"TemplateName":"Template","Details":"zdzx","ismart_sms_language":1}]
2017-03-23 15:39:28.9596|DEBUG|IntegrationAPI.Helpers.LoggerFactory|Request End for : 0   Template name :
2017-03-23 16:15:48.7636|DEBUG|IntegrationAPI.Helpers.LoggerFactory|Request Started for : 0 Customer Name :
2017-03-23 16:15:49.4243|DEBUG|IntegrationAPI.Helpers.LoggerFactory|Request Started for : 0 Customer Name :
2017-03-23 16:18:52.5634|DEBUG|IntegrationAPI.Helpers.LoggerFactory|Request Started for : 0 Customer Name :
2017-03-23 16:18:52.5634|DEBUG|IntegrationAPI.Helpers.LoggerFactory|Request Started for : 0 Customer Name :
2017-03-23 16:18:52.5850|DEBUG|IntegrationAPI.Helpers.LoggerFactory|Request Started for : 0 Customer Name :
2017-03-23 16:19:00.2692|DEBUG|IntegrationAPI.Helpers.LoggerFactory|Request Started for : 0 Customer Name :
2017-03-23 16:19:02.8725|DEBUG|IntegrationAPI.Helpers.LoggerFactory|Response Value : [{"CustomerID":1,"InstanceID":1,"UserID":1,"CustomerName":"Chaitali","CivilNumber":"52","Email":"chaitali@gmail.com","Address":"Prahladnagar","Balance":2.000,"Contact":"7896541232","Status":1,"CreatedDate":"\/Date(1490247274010)\/"},{"CustomerID":2,"InstanceID":1,"UserID":1,"CustomerName":"Rikul","CivilNumber":"58","Email":"rikul@gmail.com","Address":"Sola Bridge","Balance":50.000,"Contact":"7563214521","Status":1,"CreatedDate":"\/Date(1490247599613)\/"},{"CustomerID":3,"InstanceID":1,"UserID":1,"CustomerName":"Dharmik","CivilNumber":"56","Email":"dharmik@gmail.com","Address":"Science City","Balance":500.000,"Contact":"7865321023","Status":2,"CreatedDate":"\/Date(1490247963463)\/"}]
2017-03-23 16:19:02.8725|DEBUG|IntegrationAPI.Helpers.LoggerFactory|Response Value : [{"CustomerID":1,"InstanceID":1,"UserID":1,"CustomerName":"Chaitali","CivilNumber":"52","Email":"chaitali@gmail.com","Address":"Prahladnagar","Balance":2.000,"Contact":"7896541232","Status":1,"CreatedDate":"\/Date(1490247274010)\/"},{"CustomerID":2,"InstanceID":1,"UserID":1,"CustomerName":"Rikul","CivilNumber":"58","Email":"rikul@gmail.com","Address":"Sola Bridge","Balance":50.000,"Contact":"7563214521","Status":1,"CreatedDate":"\/Date(1490247599613)\/"},{"CustomerID":3,"InstanceID":1,"UserID":1,"CustomerName":"Dharmik","CivilNumber":"56","Email":"dharmik@gmail.com","Address":"Science City","Balance":500.000,"Contact":"7865321023","Status":2,"CreatedDate":"\/Date(1490247963463)\/"}]
2017-03-23 16:19:02.8725|DEBUG|IntegrationAPI.Helpers.LoggerFactory|Response Value : [{"CustomerID":1,"InstanceID":1,"UserID":1,"CustomerName":"Chaitali","CivilNumber":"52","Email":"chaitali@gmail.com","Address":"Prahladnagar","Balance":2.000,"Contact":"7896541232","Status":1,"CreatedDate":"\/Date(1490247274010)\/"},{"CustomerID":2,"InstanceID":1,"UserID":1,"CustomerName":"Rikul","CivilNumber":"58","Email":"rikul@gmail.com","Address":"Sola Bridge","Balance":50.000,"Contact":"7563214521","Status":1,"CreatedDate":"\/Date(1490247599613)\/"},{"CustomerID":3,"InstanceID":1,"UserID":1,"CustomerName":"Dharmik","CivilNumber":"56","Email":"dharmik@gmail.com","Address":"Science City","Balance":500.000,"Contact":"7865321023","Status":2,"CreatedDate":"\/Date(1490247963463)\/"}]
2017-03-23 16:19:02.8725|DEBUG|IntegrationAPI.Helpers.LoggerFactory|Response Value : [{"CustomerID":1,"InstanceID":1,"UserID":1,"CustomerName":"Chaitali","CivilNumber":"52","Email":"chaitali@gmail.com","Address":"Prahladnagar","Balance":2.000,"Contact":"7896541232","Status":1,"CreatedDate":"\/Date(1490247274010)\/"},{"CustomerID":2,"InstanceID":1,"UserID":1,"CustomerName":"Rikul","CivilNumber":"58","Email":"rikul@gmail.com","Address":"Sola Bridge","Balance":50.000,"Contact":"7563214521","Status":1,"CreatedDate":"\/Date(1490247599613)\/"},{"CustomerID":3,"InstanceID":1,"UserID":1,"CustomerName":"Dharmik","CivilNumber":"56","Email":"dharmik@gmail.com","Address":"Science City","Balance":500.000,"Contact":"7865321023","Status":2,"CreatedDate":"\/Date(1490247963463)\/"}]
2017-03-23 16:19:02.8795|DEBUG|IntegrationAPI.Helpers.LoggerFactory|Response Value : [{"CustomerID":1,"InstanceID":1,"UserID":1,"CustomerName":"Chaitali","CivilNumber":"52","Email":"chaitali@gmail.com","Address":"Prahladnagar","Balance":2.000,"Contact":"7896541232","Status":1,"CreatedDate":"\/Date(1490247274010)\/"},{"CustomerID":2,"InstanceID":1,"UserID":1,"CustomerName":"Rikul","CivilNumber":"58","Email":"rikul@gmail.com","Address":"Sola Bridge","Balance":50.000,"Contact":"7563214521","Status":1,"CreatedDate":"\/Date(1490247599613)\/"},{"CustomerID":3,"InstanceID":1,"UserID":1,"CustomerName":"Dharmik","CivilNumber":"56","Email":"dharmik@gmail.com","Address":"Science City","Balance":500.000,"Contact":"7865321023","Status":2,"CreatedDate":"\/Date(1490247963463)\/"}]
2017-03-23 16:19:02.8795|DEBUG|IntegrationAPI.Helpers.LoggerFactory|Response Value : [{"CustomerID":1,"InstanceID":1,"UserID":1,"CustomerName":"Chaitali","CivilNumber":"52","Email":"chaitali@gmail.com","Address":"Prahladnagar","Balance":2.000,"Contact":"7896541232","Status":1,"CreatedDate":"\/Date(1490247274010)\/"},{"CustomerID":2,"InstanceID":1,"UserID":1,"CustomerName":"Rikul","CivilNumber":"58","Email":"rikul@gmail.com","Address":"Sola Bridge","Balance":50.000,"Contact":"7563214521","Status":1,"CreatedDate":"\/Date(1490247599613)\/"},{"CustomerID":3,"InstanceID":1,"UserID":1,"CustomerName":"Dharmik","CivilNumber":"56","Email":"dharmik@gmail.com","Address":"Science City","Balance":500.000,"Contact":"7865321023","Status":2,"CreatedDate":"\/Date(1490247963463)\/"}]
2017-03-23 16:19:03.0038|DEBUG|IntegrationAPI.Helpers.LoggerFactory|Request End for : 0 Customer Name :
2017-03-23 16:19:03.0048|DEBUG|IntegrationAPI.Helpers.LoggerFactory|Request End for : 0 Customer Name :
2017-03-23 16:19:03.0048|DEBUG|IntegrationAPI.Helpers.LoggerFactory|Request End for : 0 Customer Name :
2017-03-23 16:19:03.0038|DEBUG|IntegrationAPI.Helpers.LoggerFactory|Request End for : 0 Customer Name :
2017-03-23 16:19:03.0048|DEBUG|IntegrationAPI.Helpers.LoggerFactory|Request End for : 0 Customer Name :
2017-03-23 16:19:03.0048|DEBUG|IntegrationAPI.Helpers.LoggerFactory|Request End for : 0 Customer Name :
2017-03-23 16:21:12.5941|DEBUG|IntegrationAPI.Helpers.LoggerFactory|Request Started for : 0 Customer Name :
2017-03-23 16:21:24.3803|DEBUG|IntegrationAPI.Helpers.LoggerFactory|Response Value : [{"CustomerID":1,"InstanceID":1,"UserID":1,"CustomerName":"Chaitali","CivilNumber":"52","Email":"chaitali@gmail.com","Address":"Prahladnagar","Balance":2.000,"Contact":"7896541232","Status":1,"CreatedDate":"\/Date(1490247274010)\/"},{"CustomerID":2,"InstanceID":1,"UserID":1,"CustomerName":"Rikul","CivilNumber":"58","Email":"rikul@gmail.com","Address":"Sola Bridge","Balance":50.000,"Contact":"7563214521","Status":1,"CreatedDate":"\/Date(1490247599613)\/"},{"CustomerID":3,"InstanceID":1,"UserID":1,"CustomerName":"Dharmik","CivilNumber":"56","Email":"dharmik@gmail.com","Address":"Science City","Balance":500.000,"Contact":"7865321023","Status":2,"CreatedDate":"\/Date(1490247963463)\/"}]
2017-03-23 16:21:28.9079|DEBUG|IntegrationAPI.Helpers.LoggerFactory|Request End for : 0 Customer Name :
2017-03-23 16:22:18.9252|DEBUG|IntegrationAPI.Helpers.LoggerFactory|Request Started for : 0 Customer Name :
2017-03-23 16:22:20.1583|DEBUG|IntegrationAPI.Helpers.LoggerFactory|Response Value : [{"CustomerID":1,"InstanceID":1,"UserID":1,"CustomerName":"Chaitali","CivilNumber":"52","Email":"chaitali@gmail.com","Address":"Prahladnagar","Balance":2.000,"Contact":"7896541232","Status":1,"CreatedDate":"\/Date(1490247274010)\/"},{"CustomerID":2,"InstanceID":1,"UserID":1,"CustomerName":"Rikul","CivilNumber":"58","Email":"rikul@gmail.com","Address":"Sola Bridge","Balance":50.000,"Contact":"7563214521","Status":1,"CreatedDate":"\/Date(1490247599613)\/"},{"CustomerID":3,"InstanceID":1,"UserID":1,"CustomerName":"Dharmik","CivilNumber":"56","Email":"dharmik@gmail.com","Address":"Science City","Balance":500.000,"Contact":"7865321023","Status":2,"CreatedDate":"\/Date(1490247963463)\/"}]
2017-03-23 16:22:20.1583|DEBUG|IntegrationAPI.Helpers.LoggerFactory|Request End for : 0 Customer Name :
2017-03-23 16:22:55.8067|DEBUG|IntegrationAPI.Helpers.LoggerFactory|Request Started for : 0 Customer Name :
2017-03-23 16:22:57.1283|DEBUG|IntegrationAPI.Helpers.LoggerFactory|Response Value : [{"CustomerID":1,"InstanceID":1,"UserID":1,"CustomerName":"Chaitali","CivilNumber":"52","Email":"chaitali@gmail.com","Address":"Prahladnagar","Balance":2.000,"Contact":"7896541232","Status":1,"CreatedDate":"\/Date(1490247274010)\/"},{"CustomerID":2,"InstanceID":1,"UserID":1,"CustomerName":"Rikul","CivilNumber":"58","Email":"rikul@gmail.com","Address":"Sola Bridge","Balance":50.000,"Contact":"7563214521","Status":1,"CreatedDate":"\/Date(1490247599613)\/"},{"CustomerID":3,"InstanceID":1,"UserID":1,"CustomerName":"Dharmik","CivilNumber":"56","Email":"dharmik@gmail.com","Address":"Science City","Balance":500.000,"Contact":"7865321023","Status":2,"CreatedDate":"\/Date(1490247963463)\/"}]
2017-03-23 16:22:57.1283|DEBUG|IntegrationAPI.Helpers.LoggerFactory|Request End for : 0 Customer Name :
2017-03-23 16:23:36.2617|DEBUG|IntegrationAPI.Helpers.LoggerFactory|Request Started for : 0 Customer Name :
2017-03-23 16:23:37.4042|DEBUG|IntegrationAPI.Helpers.LoggerFactory|Response Value : [{"CustomerID":1,"InstanceID":1,"UserID":1,"CustomerName":"Chaitali","CivilNumber":"52","Email":"chaitali@gmail.com","Address":"Prahladnagar","Balance":2.000,"Contact":"7896541232","Status":1,"CreatedDate":"\/Date(1490247274010)\/"},{"CustomerID":2,"InstanceID":1,"UserID":1,"CustomerName":"Rikul","CivilNumber":"58","Email":"rikul@gmail.com","Address":"Sola Bridge","Balance":50.000,"Contact":"7563214521","Status":1,"CreatedDate":"\/Date(1490247599613)\/"},{"CustomerID":3,"InstanceID":1,"UserID":1,"CustomerName":"Dharmik","CivilNumber":"56","Email":"dharmik@gmail.com","Address":"Science City","Balance":500.000,"Contact":"7865321023","Status":2,"CreatedDate":"\/Date(1490247963463)\/"}]
2017-03-23 16:23:37.4042|DEBUG|IntegrationAPI.Helpers.LoggerFactory|Request End for : 0 Customer Name :
2017-03-23 16:24:17.8973|DEBUG|IntegrationAPI.Helpers.LoggerFactory|Request Started for : 0 Customer Name :
2017-03-23 16:24:18.6075|DEBUG|IntegrationAPI.Helpers.LoggerFactory|Response Value : [{"CustomerID":1,"InstanceID":1,"UserID":1,"CustomerName":"Chaitali","CivilNumber":"52","Email":"chaitali@gmail.com","Address":"Prahladnagar","Balance":2.000,"Contact":"7896541232","Status":1,"CreatedDate":"\/Date(1490247274010)\/"},{"CustomerID":2,"InstanceID":1,"UserID":1,"CustomerName":"Rikul","CivilNumber":"58","Email":"rikul@gmail.com","Address":"Sola Bridge","Balance":50.000,"Contact":"7563214521","Status":1,"CreatedDate":"\/Date(1490247599613)\/"},{"CustomerID":3,"InstanceID":1,"UserID":1,"CustomerName":"Dharmik","CivilNumber":"56","Email":"dharmik@gmail.com","Address":"Science City","Balance":500.000,"Contact":"7865321023","Status":2,"CreatedDate":"\/Date(1490247963463)\/"}]
2017-03-23 16:24:18.6075|DEBUG|IntegrationAPI.Helpers.LoggerFactory|Request End for : 0 Customer Name :
2017-03-23 16:33:55.5806|DEBUG|IntegrationAPI.Helpers.LoggerFactory|Request Started for : 0 Customer Name :
2017-03-23 16:33:58.9628|DEBUG|IntegrationAPI.Helpers.LoggerFactory|Response Value : [{"CustomerID":1,"InstanceID":1,"UserID":1,"CustomerName":"Chaitali","CivilNumber":"52","Email":"chaitali@gmail.com","Address":"Prahladnagar","Balance":2.000,"Contact":"7896541232","Status":1,"CreatedDate":"\/Date(1490247274010)\/"},{"CustomerID":2,"InstanceID":1,"UserID":1,"CustomerName":"Rikul","CivilNumber":"58","Email":"rikul@gmail.com","Address":"Sola Bridge","Balance":50.000,"Contact":"7563214521","Status":1,"CreatedDate":"\/Date(1490247599613)\/"},{"CustomerID":3,"InstanceID":1,"UserID":1,"CustomerName":"Dharmik","CivilNumber":"56","Email":"dharmik@gmail.com","Address":"Science City","Balance":500.000,"Contact":"7865321023","Status":2,"CreatedDate":"\/Date(1490247963463)\/"}]
2017-03-23 16:33:58.9628|DEBUG|IntegrationAPI.Helpers.LoggerFactory|Request End for : 0 Customer Name :
2017-03-23 16:40:16.6758|DEBUG|IntegrationAPI.Helpers.LoggerFactory|Request Started for : 0 Customer Name :
2017-03-23 16:40:31.4774|DEBUG|IntegrationAPI.Helpers.LoggerFactory|Response Value : [{"CustomerID":1,"InstanceID":1,"UserID":1,"CustomerName":"Chaitali","CivilNumber":"52","Email":"chaitali@gmail.com","Address":"Prahladnagar","Balance":2.000,"Contact":"7896541232","Status":1,"CreatedDate":"\/Date(1490247274010)\/"},{"CustomerID":2,"InstanceID":1,"UserID":1,"CustomerName":"Rikul","CivilNumber":"58","Email":"rikul@gmail.com","Address":"Sola Bridge","Balance":50.000,"Contact":"7563214521","Status":1,"CreatedDate":"\/Date(1490247599613)\/"},{"CustomerID":3,"InstanceID":1,"UserID":1,"CustomerName":"Dharmik","CivilNumber":"56","Email":"dharmik@gmail.com","Address":"Science City","Balance":500.000,"Contact":"7865321023","Status":2,"CreatedDate":"\/Date(1490247963463)\/"}]
2017-03-23 16:40:37.6944|DEBUG|IntegrationAPI.Helpers.LoggerFactory|Request End for : 0 Customer Name :
2017-03-23 17:10:40.5800|DEBUG|IntegrationAPI.Helpers.LoggerFactory|Request Started for : 0 Customer Name :
2017-03-23 17:10:46.8138|DEBUG|IntegrationAPI.Helpers.LoggerFactory|Response Value : [{"CustomerID":1,"InstanceID":1,"UserID":1,"CustomerName":"Chaitali","CivilNumber":"52","Email":"chaitali@gmail.com","Address":"Prahladnagar","Balance":2.000,"Contact":"7896541232","Status":1,"CreatedDate":"\/Date(1490247274010)\/"},{"CustomerID":2,"InstanceID":1,"UserID":1,"CustomerName":"Rikul","CivilNumber":"58","Email":"rikul@gmail.com","Address":"Sola Bridge","Balance":50.000,"Contact":"7563214521","Status":1,"CreatedDate":"\/Date(1490247599613)\/"},{"CustomerID":3,"InstanceID":1,"UserID":1,"CustomerName":"Dharmik","CivilNumber":"56","Email":"dharmik@gmail.com","Address":"Science City","Balance":500.000,"Contact":"7865321023","Status":2,"CreatedDate":"\/Date(1490247963463)\/"}]
2017-03-23 17:10:46.8138|DEBUG|IntegrationAPI.Helpers.LoggerFactory|Request End for : 0 Customer Name :
2017-03-23 17:10:47.4256|DEBUG|IntegrationAPI.Helpers.LoggerFactory|Request Started for : 0 Branch Name :
2017-03-23 17:10:47.6901|DEBUG|IntegrationAPI.Helpers.LoggerFactory|Response Value : []
2017-03-23 17:10:47.6901|DEBUG|IntegrationAPI.Helpers.LoggerFactory|Request End for : 0 Branch Name :
