2017-03-09 10:14:08.5134|DEBUG|IntegrationAPI.Helpers.LoggerFactory|Request Started for : 10 Group Name :
2017-03-09 10:15:28.1855|DEBUG|IntegrationAPI.Helpers.LoggerFactory|Request Started for : 10 Group Name :
2017-03-09 10:15:43.5750|ERROR|LoggerFactory|Timeout expired.  The timeout period elapsed prior to obtaining a connection from the pool.  This may have occurred because all pooled connections were in use and max pool size was reached. - Timeout expired.  The timeout period elapsed prior to obtaining a connection from the pool.  This may have occurred because all pooled connections were in use and max pool size was reached. -    at System.Data.ProviderBase.DbConnectionFactory.TryGetConnection(DbConnection owningConnection, TaskCompletionSource`1 retry, DbConnectionOptions userOptions, DbConnectionInternal oldConnection, DbConnectionInternal& connection)
   at System.Data.ProviderBase.DbConnectionInternal.TryOpenConnectionInternal(DbConnection outerConnection, DbConnectionFactory connectionFactory, TaskCompletionSource`1 retry, DbConnectionOptions userOptions)
   at System.Data.ProviderBase.DbConnectionClosed.TryOpenConnection(DbConnection outerConnection, DbConnectionFactory connectionFactory, TaskCompletionSource`1 retry, DbConnectionOptions userOptions)
   at System.Data.SqlClient.SqlConnection.TryOpenInner(TaskCompletionSource`1 retry)
   at System.Data.SqlClient.SqlConnection.TryOpen(TaskCompletionSource`1 retry)
   at System.Data.SqlClient.SqlConnection.Open()
   at System.Data.Linq.SqlClient.SqlConnectionManager.UseConnection(IConnectionUser user)
   at System.Data.Linq.SqlClient.SqlProvider.get_IsSqlCe()
   at System.Data.Linq.SqlClient.SqlProvider.InitializeProviderMode()
   at System.Data.Linq.SqlClient.SqlProvider.System.Data.Linq.Provider.IProvider.Execute(Expression query)
   at System.Data.Linq.DataContext.ExecuteMethodCall(Object instance, MethodInfo methodInfo, Object[] parameters)
   at Integration_Repository.LaundryDataContext.SP_groups_SelectAll() in E:\@Jupiter\@Product\Laundry Mgmt\Laundry\Laundry\IntegrationAPI\Integration_Repository\Laundry.designer.cs:line 518
   at IntegrationAPI.Partial.laundry_Entities.GetgroupsDetail(clsgroups obj) in D:\Kandarpsir\WebApiDataProject\Laundry\Laundry\IntegrationAPI\IntegrationAPI\Partial\Customer_Entity.cs:line 461
2017-03-09 10:15:43.5980|ERROR|LoggerFactory|Timeout expired.  The timeout period elapsed prior to obtaining a connection from the pool.  This may have occurred because all pooled connections were in use and max pool size was reached. - Timeout expired.  The timeout period elapsed prior to obtaining a connection from the pool.  This may have occurred because all pooled connections were in use and max pool size was reached. -    at IntegrationAPI.Partial.laundry_Entities.GetgroupsDetail(clsgroups obj) in D:\Kandarpsir\WebApiDataProject\Laundry\Laundry\IntegrationAPI\IntegrationAPI\Partial\Customer_Entity.cs:line 466
   at IntegrationAPI.Services.CustomerService.GetgroupsDetail(clsgroups obj) in D:\Kandarpsir\WebApiDataProject\Laundry\Laundry\IntegrationAPI\IntegrationAPI\Services\CompanyService.cs:line 612
2017-03-09 10:15:43.5980|DEBUG|IntegrationAPI.Helpers.LoggerFactory|Response Value : 
2017-03-09 10:15:43.7013|ERROR|LoggerFactory|A network-related or instance-specific error occurred while establishing a connection to SQL Server. The server was not found or was not accessible. Verify that the instance name is correct and that SQL Server is configured to allow remote connections. (provider: Named Pipes Provider, error: 40 - Could not open a connection to SQL Server) - A network-related or instance-specific error occurred while establishing a connection to SQL Server. The server was not found or was not accessible. Verify that the instance name is correct and that SQL Server is configured to allow remote connections. (provider: Named Pipes Provider, error: 40 - Could not open a connection to SQL Server) -    at System.Data.SqlClient.SqlInternalConnectionTds..ctor(DbConnectionPoolIdentity identity, SqlConnectionString connectionOptions, SqlCredential credential, Object providerInfo, String newPassword, SecureString newSecurePassword, Boolean redirectedUserInstance, SqlConnectionString userConnectionOptions, SessionData reconnectSessionData, DbConnectionPool pool, String accessToken, Boolean applyTransientFaultHandling)
   at System.Data.SqlClient.SqlConnectionFactory.CreateConnection(DbConnectionOptions options, DbConnectionPoolKey poolKey, Object poolGroupProviderInfo, DbConnectionPool pool, DbConnection owningConnection, DbConnectionOptions userOptions)
   at System.Data.ProviderBase.DbConnectionFactory.CreatePooledConnection(DbConnectionPool pool, DbConnection owningObject, DbConnectionOptions options, DbConnectionPoolKey poolKey, DbConnectionOptions userOptions)
   at System.Data.ProviderBase.DbConnectionPool.CreateObject(DbConnection owningObject, DbConnectionOptions userOptions, DbConnectionInternal oldConnection)
   at System.Data.ProviderBase.DbConnectionPool.UserCreateRequest(DbConnection owningObject, DbConnectionOptions userOptions, DbConnectionInternal oldConnection)
   at System.Data.ProviderBase.DbConnectionPool.TryGetConnection(DbConnection owningObject, UInt32 waitForMultipleObjectsTimeout, Boolean allowCreate, Boolean onlyOneCheckConnection, DbConnectionOptions userOptions, DbConnectionInternal& connection)
   at System.Data.ProviderBase.DbConnectionPool.TryGetConnection(DbConnection owningObject, TaskCompletionSource`1 retry, DbConnectionOptions userOptions, DbConnectionInternal& connection)
   at System.Data.ProviderBase.DbConnectionFactory.TryGetConnection(DbConnection owningConnection, TaskCompletionSource`1 retry, DbConnectionOptions userOptions, DbConnectionInternal oldConnection, DbConnectionInternal& connection)
   at System.Data.ProviderBase.DbConnectionInternal.TryOpenConnectionInternal(DbConnection outerConnection, DbConnectionFactory connectionFactory, TaskCompletionSource`1 retry, DbConnectionOptions userOptions)
   at System.Data.ProviderBase.DbConnectionClosed.TryOpenConnection(DbConnection outerConnection, DbConnectionFactory connectionFactory, TaskCompletionSource`1 retry, DbConnectionOptions userOptions)
   at System.Data.SqlClient.SqlConnection.TryOpenInner(TaskCompletionSource`1 retry)
   at System.Data.SqlClient.SqlConnection.TryOpen(TaskCompletionSource`1 retry)
   at System.Data.SqlClient.SqlConnection.Open()
   at System.Data.Linq.SqlClient.SqlConnectionManager.UseConnection(IConnectionUser user)
   at System.Data.Linq.SqlClient.SqlProvider.get_IsSqlCe()
   at System.Data.Linq.SqlClient.SqlProvider.InitializeProviderMode()
   at System.Data.Linq.SqlClient.SqlProvider.System.Data.Linq.Provider.IProvider.Execute(Expression query)
   at System.Data.Linq.DataContext.ExecuteMethodCall(Object instance, MethodInfo methodInfo, Object[] parameters)
   at Integration_Repository.LaundryDataContext.SP_groups_SelectAll() in E:\@Jupiter\@Product\Laundry Mgmt\Laundry\Laundry\IntegrationAPI\Integration_Repository\Laundry.designer.cs:line 518
   at IntegrationAPI.Partial.laundry_Entities.GetgroupsDetail(clsgroups obj) in D:\Kandarpsir\WebApiDataProject\Laundry\Laundry\IntegrationAPI\IntegrationAPI\Partial\Customer_Entity.cs:line 461
2017-03-09 10:15:43.7203|ERROR|LoggerFactory|A network-related or instance-specific error occurred while establishing a connection to SQL Server. The server was not found or was not accessible. Verify that the instance name is correct and that SQL Server is configured to allow remote connections. (provider: Named Pipes Provider, error: 40 - Could not open a connection to SQL Server) - A network-related or instance-specific error occurred while establishing a connection to SQL Server. The server was not found or was not accessible. Verify that the instance name is correct and that SQL Server is configured to allow remote connections. (provider: Named Pipes Provider, error: 40 - Could not open a connection to SQL Server) -    at IntegrationAPI.Partial.laundry_Entities.GetgroupsDetail(clsgroups obj) in D:\Kandarpsir\WebApiDataProject\Laundry\Laundry\IntegrationAPI\IntegrationAPI\Partial\Customer_Entity.cs:line 466
   at IntegrationAPI.Services.CustomerService.GetgroupsDetail(clsgroups obj) in D:\Kandarpsir\WebApiDataProject\Laundry\Laundry\IntegrationAPI\IntegrationAPI\Services\CompanyService.cs:line 612
2017-03-09 10:15:43.7203|DEBUG|IntegrationAPI.Helpers.LoggerFactory|Response Value : 
2017-03-09 10:16:49.7489|DEBUG|IntegrationAPI.Helpers.LoggerFactory|Request Started for : 10 Group Name :
2017-03-09 10:26:19.2616|ERROR|LoggerFactory|A network-related or instance-specific error occurred while establishing a connection to SQL Server. The server was not found or was not accessible. Verify that the instance name is correct and that SQL Server is configured to allow remote connections. (provider: Named Pipes Provider, error: 40 - Could not open a connection to SQL Server) - A network-related or instance-specific error occurred while establishing a connection to SQL Server. The server was not found or was not accessible. Verify that the instance name is correct and that SQL Server is configured to allow remote connections. (provider: Named Pipes Provider, error: 40 - Could not open a connection to SQL Server) -    at System.Data.SqlClient.SqlInternalConnectionTds..ctor(DbConnectionPoolIdentity identity, SqlConnectionString connectionOptions, SqlCredential credential, Object providerInfo, String newPassword, SecureString newSecurePassword, Boolean redirectedUserInstance, SqlConnectionString userConnectionOptions, SessionData reconnectSessionData, DbConnectionPool pool, String accessToken, Boolean applyTransientFaultHandling)
   at System.Data.SqlClient.SqlConnectionFactory.CreateConnection(DbConnectionOptions options, DbConnectionPoolKey poolKey, Object poolGroupProviderInfo, DbConnectionPool pool, DbConnection owningConnection, DbConnectionOptions userOptions)
   at System.Data.ProviderBase.DbConnectionFactory.CreatePooledConnection(DbConnectionPool pool, DbConnection owningObject, DbConnectionOptions options, DbConnectionPoolKey poolKey, DbConnectionOptions userOptions)
   at System.Data.ProviderBase.DbConnectionPool.CreateObject(DbConnection owningObject, DbConnectionOptions userOptions, DbConnectionInternal oldConnection)
   at System.Data.ProviderBase.DbConnectionPool.UserCreateRequest(DbConnection owningObject, DbConnectionOptions userOptions, DbConnectionInternal oldConnection)
   at System.Data.ProviderBase.DbConnectionPool.TryGetConnection(DbConnection owningObject, UInt32 waitForMultipleObjectsTimeout, Boolean allowCreate, Boolean onlyOneCheckConnection, DbConnectionOptions userOptions, DbConnectionInternal& connection)
   at System.Data.ProviderBase.DbConnectionPool.TryGetConnection(DbConnection owningObject, TaskCompletionSource`1 retry, DbConnectionOptions userOptions, DbConnectionInternal& connection)
   at System.Data.ProviderBase.DbConnectionFactory.TryGetConnection(DbConnection owningConnection, TaskCompletionSource`1 retry, DbConnectionOptions userOptions, DbConnectionInternal oldConnection, DbConnectionInternal& connection)
   at System.Data.ProviderBase.DbConnectionInternal.TryOpenConnectionInternal(DbConnection outerConnection, DbConnectionFactory connectionFactory, TaskCompletionSource`1 retry, DbConnectionOptions userOptions)
   at System.Data.ProviderBase.DbConnectionClosed.TryOpenConnection(DbConnection outerConnection, DbConnectionFactory connectionFactory, TaskCompletionSource`1 retry, DbConnectionOptions userOptions)
   at System.Data.SqlClient.SqlConnection.TryOpenInner(TaskCompletionSource`1 retry)
   at System.Data.SqlClient.SqlConnection.TryOpen(TaskCompletionSource`1 retry)
   at System.Data.SqlClient.SqlConnection.Open()
   at System.Data.Linq.SqlClient.SqlConnectionManager.UseConnection(IConnectionUser user)
   at System.Data.Linq.SqlClient.SqlProvider.get_IsSqlCe()
   at System.Data.Linq.SqlClient.SqlProvider.InitializeProviderMode()
   at System.Data.Linq.SqlClient.SqlProvider.System.Data.Linq.Provider.IProvider.Execute(Expression query)
   at System.Data.Linq.DataContext.ExecuteMethodCall(Object instance, MethodInfo methodInfo, Object[] parameters)
   at Integration_Repository.LaundryDataContext.SP_groups_SelectAll() in E:\@Jupiter\@Product\Laundry Mgmt\Laundry\Laundry\IntegrationAPI\Integration_Repository\Laundry.designer.cs:line 518
   at IntegrationAPI.Partial.laundry_Entities.GetgroupsDetail(clsgroups obj) in D:\Kandarpsir\WebApiDataProject\Laundry\Laundry\IntegrationAPI\IntegrationAPI\Partial\Customer_Entity.cs:line 461
2017-03-09 10:32:01.3620|DEBUG|IntegrationAPI.Helpers.LoggerFactory|Request Started for : 10 Group Name :
2017-03-09 10:41:24.7897|DEBUG|IntegrationAPI.Helpers.LoggerFactory|Request Started for : 10 Group Name :
2017-03-09 10:43:05.9383|ERROR|LoggerFactory|A network-related or instance-specific error occurred while establishing a connection to SQL Server. The server was not found or was not accessible. Verify that the instance name is correct and that SQL Server is configured to allow remote connections. (provider: Named Pipes Provider, error: 40 - Could not open a connection to SQL Server) - A network-related or instance-specific error occurred while establishing a connection to SQL Server. The server was not found or was not accessible. Verify that the instance name is correct and that SQL Server is configured to allow remote connections. (provider: Named Pipes Provider, error: 40 - Could not open a connection to SQL Server) -    at System.Data.SqlClient.SqlInternalConnectionTds..ctor(DbConnectionPoolIdentity identity, SqlConnectionString connectionOptions, SqlCredential credential, Object providerInfo, String newPassword, SecureString newSecurePassword, Boolean redirectedUserInstance, SqlConnectionString userConnectionOptions, SessionData reconnectSessionData, DbConnectionPool pool, String accessToken, Boolean applyTransientFaultHandling)
   at System.Data.SqlClient.SqlConnectionFactory.CreateConnection(DbConnectionOptions options, DbConnectionPoolKey poolKey, Object poolGroupProviderInfo, DbConnectionPool pool, DbConnection owningConnection, DbConnectionOptions userOptions)
   at System.Data.ProviderBase.DbConnectionFactory.CreatePooledConnection(DbConnectionPool pool, DbConnection owningObject, DbConnectionOptions options, DbConnectionPoolKey poolKey, DbConnectionOptions userOptions)
   at System.Data.ProviderBase.DbConnectionPool.CreateObject(DbConnection owningObject, DbConnectionOptions userOptions, DbConnectionInternal oldConnection)
   at System.Data.ProviderBase.DbConnectionPool.UserCreateRequest(DbConnection owningObject, DbConnectionOptions userOptions, DbConnectionInternal oldConnection)
   at System.Data.ProviderBase.DbConnectionPool.TryGetConnection(DbConnection owningObject, UInt32 waitForMultipleObjectsTimeout, Boolean allowCreate, Boolean onlyOneCheckConnection, DbConnectionOptions userOptions, DbConnectionInternal& connection)
   at System.Data.ProviderBase.DbConnectionPool.TryGetConnection(DbConnection owningObject, TaskCompletionSource`1 retry, DbConnectionOptions userOptions, DbConnectionInternal& connection)
   at System.Data.ProviderBase.DbConnectionFactory.TryGetConnection(DbConnection owningConnection, TaskCompletionSource`1 retry, DbConnectionOptions userOptions, DbConnectionInternal oldConnection, DbConnectionInternal& connection)
   at System.Data.ProviderBase.DbConnectionInternal.TryOpenConnectionInternal(DbConnection outerConnection, DbConnectionFactory connectionFactory, TaskCompletionSource`1 retry, DbConnectionOptions userOptions)
   at System.Data.ProviderBase.DbConnectionClosed.TryOpenConnection(DbConnection outerConnection, DbConnectionFactory connectionFactory, TaskCompletionSource`1 retry, DbConnectionOptions userOptions)
   at System.Data.SqlClient.SqlConnection.TryOpenInner(TaskCompletionSource`1 retry)
   at System.Data.SqlClient.SqlConnection.TryOpen(TaskCompletionSource`1 retry)
   at System.Data.SqlClient.SqlConnection.Open()
   at System.Data.Linq.SqlClient.SqlConnectionManager.UseConnection(IConnectionUser user)
   at System.Data.Linq.SqlClient.SqlProvider.get_IsSqlCe()
   at System.Data.Linq.SqlClient.SqlProvider.InitializeProviderMode()
   at System.Data.Linq.SqlClient.SqlProvider.System.Data.Linq.Provider.IProvider.Execute(Expression query)
   at System.Data.Linq.DataContext.ExecuteMethodCall(Object instance, MethodInfo methodInfo, Object[] parameters)
   at Integration_Repository.LaundryDataContext.SP_groups_SelectAll() in E:\@Jupiter\@Product\Laundry Mgmt\Laundry\Laundry\IntegrationAPI\Integration_Repository\Laundry.designer.cs:line 518
   at IntegrationAPI.Partial.laundry_Entities.GetgroupsDetail(clsgroups obj) in D:\Kandarpsir\WebApiDataProject\Laundry\Laundry\IntegrationAPI\IntegrationAPI\Partial\Customer_Entity.cs:line 461
2017-03-09 10:47:58.9292|ERROR|LoggerFactory|A network-related or instance-specific error occurred while establishing a connection to SQL Server. The server was not found or was not accessible. Verify that the instance name is correct and that SQL Server is configured to allow remote connections. (provider: Named Pipes Provider, error: 40 - Could not open a connection to SQL Server) - A network-related or instance-specific error occurred while establishing a connection to SQL Server. The server was not found or was not accessible. Verify that the instance name is correct and that SQL Server is configured to allow remote connections. (provider: Named Pipes Provider, error: 40 - Could not open a connection to SQL Server) -    at IntegrationAPI.Partial.laundry_Entities.GetgroupsDetail(clsgroups obj) in D:\Kandarpsir\WebApiDataProject\Laundry\Laundry\IntegrationAPI\IntegrationAPI\Partial\Customer_Entity.cs:line 466
   at IntegrationAPI.Services.CustomerService.GetgroupsDetail(clsgroups obj) in D:\Kandarpsir\WebApiDataProject\Laundry\Laundry\IntegrationAPI\IntegrationAPI\Services\CompanyService.cs:line 612
2017-03-09 10:47:58.9292|DEBUG|IntegrationAPI.Helpers.LoggerFactory|Response Value : 
2017-03-09 10:51:06.9975|DEBUG|IntegrationAPI.Helpers.LoggerFactory|Request Started for : 10 Group Name :
2017-03-09 10:54:44.1413|DEBUG|IntegrationAPI.Helpers.LoggerFactory|Request Started for : 10 Group Name :
2017-03-09 11:08:44.4806|DEBUG|IntegrationAPI.Helpers.LoggerFactory|Request Started for : 10 Group Name :
2017-03-09 11:13:01.9991|DEBUG|IntegrationAPI.Helpers.LoggerFactory|Request Started for : 10 Group Name :
2017-03-09 11:21:56.3985|DEBUG|IntegrationAPI.Helpers.LoggerFactory|Request Started for : 10 Group Name :
2017-03-09 11:25:53.9228|DEBUG|IntegrationAPI.Helpers.LoggerFactory|Request Started for : 10 Group Name :
2017-03-09 11:34:04.0959|DEBUG|IntegrationAPI.Helpers.LoggerFactory|Request Started for : 10 Group Name :
2017-03-09 11:38:07.7876|ERROR|LoggerFactory|A network-related or instance-specific error occurred while establishing a connection to SQL Server. The server was not found or was not accessible. Verify that the instance name is correct and that SQL Server is configured to allow remote connections. (provider: Named Pipes Provider, error: 40 - Could not open a connection to SQL Server) - A network-related or instance-specific error occurred while establishing a connection to SQL Server. The server was not found or was not accessible. Verify that the instance name is correct and that SQL Server is configured to allow remote connections. (provider: Named Pipes Provider, error: 40 - Could not open a connection to SQL Server) -    at System.Data.SqlClient.SqlInternalConnectionTds..ctor(DbConnectionPoolIdentity identity, SqlConnectionString connectionOptions, SqlCredential credential, Object providerInfo, String newPassword, SecureString newSecurePassword, Boolean redirectedUserInstance, SqlConnectionString userConnectionOptions, SessionData reconnectSessionData, DbConnectionPool pool, String accessToken, Boolean applyTransientFaultHandling)
   at System.Data.SqlClient.SqlConnectionFactory.CreateConnection(DbConnectionOptions options, DbConnectionPoolKey poolKey, Object poolGroupProviderInfo, DbConnectionPool pool, DbConnection owningConnection, DbConnectionOptions userOptions)
   at System.Data.ProviderBase.DbConnectionFactory.CreatePooledConnection(DbConnectionPool pool, DbConnection owningObject, DbConnectionOptions options, DbConnectionPoolKey poolKey, DbConnectionOptions userOptions)
   at System.Data.ProviderBase.DbConnectionPool.CreateObject(DbConnection owningObject, DbConnectionOptions userOptions, DbConnectionInternal oldConnection)
   at System.Data.ProviderBase.DbConnectionPool.UserCreateRequest(DbConnection owningObject, DbConnectionOptions userOptions, DbConnectionInternal oldConnection)
   at System.Data.ProviderBase.DbConnectionPool.TryGetConnection(DbConnection owningObject, UInt32 waitForMultipleObjectsTimeout, Boolean allowCreate, Boolean onlyOneCheckConnection, DbConnectionOptions userOptions, DbConnectionInternal& connection)
   at System.Data.ProviderBase.DbConnectionPool.TryGetConnection(DbConnection owningObject, TaskCompletionSource`1 retry, DbConnectionOptions userOptions, DbConnectionInternal& connection)
   at System.Data.ProviderBase.DbConnectionFactory.TryGetConnection(DbConnection owningConnection, TaskCompletionSource`1 retry, DbConnectionOptions userOptions, DbConnectionInternal oldConnection, DbConnectionInternal& connection)
   at System.Data.ProviderBase.DbConnectionInternal.TryOpenConnectionInternal(DbConnection outerConnection, DbConnectionFactory connectionFactory, TaskCompletionSource`1 retry, DbConnectionOptions userOptions)
   at System.Data.ProviderBase.DbConnectionClosed.TryOpenConnection(DbConnection outerConnection, DbConnectionFactory connectionFactory, TaskCompletionSource`1 retry, DbConnectionOptions userOptions)
   at System.Data.SqlClient.SqlConnection.TryOpenInner(TaskCompletionSource`1 retry)
   at System.Data.SqlClient.SqlConnection.TryOpen(TaskCompletionSource`1 retry)
   at System.Data.SqlClient.SqlConnection.Open()
   at System.Data.Linq.SqlClient.SqlConnectionManager.UseConnection(IConnectionUser user)
   at System.Data.Linq.SqlClient.SqlProvider.get_IsSqlCe()
   at System.Data.Linq.SqlClient.SqlProvider.InitializeProviderMode()
   at System.Data.Linq.SqlClient.SqlProvider.System.Data.Linq.Provider.IProvider.Execute(Expression query)
   at System.Data.Linq.DataContext.ExecuteMethodCall(Object instance, MethodInfo methodInfo, Object[] parameters)
   at Integration_Repository.LaundryDataContext.SP_groups_SelectAll() in E:\@Jupiter\@Product\Laundry Mgmt\Laundry\Laundry\IntegrationAPI\Integration_Repository\Laundry.designer.cs:line 518
   at IntegrationAPI.Partial.laundry_Entities.GetgroupsDetail(clsgroups obj) in D:\Kandarpsir\WebApiDataProject\Laundry\Laundry\IntegrationAPI\IntegrationAPI\Partial\Customer_Entity.cs:line 461
2017-03-09 11:38:07.8047|ERROR|LoggerFactory|A network-related or instance-specific error occurred while establishing a connection to SQL Server. The server was not found or was not accessible. Verify that the instance name is correct and that SQL Server is configured to allow remote connections. (provider: Named Pipes Provider, error: 40 - Could not open a connection to SQL Server) - A network-related or instance-specific error occurred while establishing a connection to SQL Server. The server was not found or was not accessible. Verify that the instance name is correct and that SQL Server is configured to allow remote connections. (provider: Named Pipes Provider, error: 40 - Could not open a connection to SQL Server) -    at IntegrationAPI.Partial.laundry_Entities.GetgroupsDetail(clsgroups obj) in D:\Kandarpsir\WebApiDataProject\Laundry\Laundry\IntegrationAPI\IntegrationAPI\Partial\Customer_Entity.cs:line 466
   at IntegrationAPI.Services.CustomerService.GetgroupsDetail(clsgroups obj) in D:\Kandarpsir\WebApiDataProject\Laundry\Laundry\IntegrationAPI\IntegrationAPI\Services\CompanyService.cs:line 612
2017-03-09 11:38:07.8047|DEBUG|IntegrationAPI.Helpers.LoggerFactory|Response Value : 
2017-03-09 11:41:39.0662|DEBUG|IntegrationAPI.Helpers.LoggerFactory|Request Started for : 10 Group Name :
2017-03-09 11:50:42.3581|DEBUG|IntegrationAPI.Helpers.LoggerFactory|Request Started for : 10 Group Name :
2017-03-09 12:02:53.4400|ERROR|LoggerFactory|A network-related or instance-specific error occurred while establishing a connection to SQL Server. The server was not found or was not accessible. Verify that the instance name is correct and that SQL Server is configured to allow remote connections. (provider: Named Pipes Provider, error: 40 - Could not open a connection to SQL Server) - A network-related or instance-specific error occurred while establishing a connection to SQL Server. The server was not found or was not accessible. Verify that the instance name is correct and that SQL Server is configured to allow remote connections. (provider: Named Pipes Provider, error: 40 - Could not open a connection to SQL Server) -    at System.Data.SqlClient.SqlInternalConnectionTds..ctor(DbConnectionPoolIdentity identity, SqlConnectionString connectionOptions, SqlCredential credential, Object providerInfo, String newPassword, SecureString newSecurePassword, Boolean redirectedUserInstance, SqlConnectionString userConnectionOptions, SessionData reconnectSessionData, DbConnectionPool pool, String accessToken, Boolean applyTransientFaultHandling)
   at System.Data.SqlClient.SqlConnectionFactory.CreateConnection(DbConnectionOptions options, DbConnectionPoolKey poolKey, Object poolGroupProviderInfo, DbConnectionPool pool, DbConnection owningConnection, DbConnectionOptions userOptions)
   at System.Data.ProviderBase.DbConnectionFactory.CreatePooledConnection(DbConnectionPool pool, DbConnection owningObject, DbConnectionOptions options, DbConnectionPoolKey poolKey, DbConnectionOptions userOptions)
   at System.Data.ProviderBase.DbConnectionPool.CreateObject(DbConnection owningObject, DbConnectionOptions userOptions, DbConnectionInternal oldConnection)
   at System.Data.ProviderBase.DbConnectionPool.UserCreateRequest(DbConnection owningObject, DbConnectionOptions userOptions, DbConnectionInternal oldConnection)
   at System.Data.ProviderBase.DbConnectionPool.TryGetConnection(DbConnection owningObject, UInt32 waitForMultipleObjectsTimeout, Boolean allowCreate, Boolean onlyOneCheckConnection, DbConnectionOptions userOptions, DbConnectionInternal& connection)
   at System.Data.ProviderBase.DbConnectionPool.TryGetConnection(DbConnection owningObject, TaskCompletionSource`1 retry, DbConnectionOptions userOptions, DbConnectionInternal& connection)
   at System.Data.ProviderBase.DbConnectionFactory.TryGetConnection(DbConnection owningConnection, TaskCompletionSource`1 retry, DbConnectionOptions userOptions, DbConnectionInternal oldConnection, DbConnectionInternal& connection)
   at System.Data.ProviderBase.DbConnectionInternal.TryOpenConnectionInternal(DbConnection outerConnection, DbConnectionFactory connectionFactory, TaskCompletionSource`1 retry, DbConnectionOptions userOptions)
   at System.Data.ProviderBase.DbConnectionClosed.TryOpenConnection(DbConnection outerConnection, DbConnectionFactory connectionFactory, TaskCompletionSource`1 retry, DbConnectionOptions userOptions)
   at System.Data.SqlClient.SqlConnection.TryOpenInner(TaskCompletionSource`1 retry)
   at System.Data.SqlClient.SqlConnection.TryOpen(TaskCompletionSource`1 retry)
   at System.Data.SqlClient.SqlConnection.Open()
   at System.Data.Linq.SqlClient.SqlConnectionManager.UseConnection(IConnectionUser user)
   at System.Data.Linq.SqlClient.SqlProvider.get_IsSqlCe()
   at System.Data.Linq.SqlClient.SqlProvider.InitializeProviderMode()
   at System.Data.Linq.SqlClient.SqlProvider.System.Data.Linq.Provider.IProvider.Execute(Expression query)
   at System.Data.Linq.DataContext.ExecuteMethodCall(Object instance, MethodInfo methodInfo, Object[] parameters)
   at Integration_Repository.LaundryDataContext.SP_groups_SelectAll() in E:\@Jupiter\@Product\Laundry Mgmt\Laundry\Laundry\IntegrationAPI\Integration_Repository\Laundry.designer.cs:line 518
   at IntegrationAPI.Partial.laundry_Entities.GetgroupsDetail(clsgroups obj) in D:\Kandarpsir\WebApiDataProject\Laundry\Laundry\IntegrationAPI\IntegrationAPI\Partial\Customer_Entity.cs:line 461
2017-03-09 12:02:56.6581|ERROR|LoggerFactory|A network-related or instance-specific error occurred while establishing a connection to SQL Server. The server was not found or was not accessible. Verify that the instance name is correct and that SQL Server is configured to allow remote connections. (provider: Named Pipes Provider, error: 40 - Could not open a connection to SQL Server) - A network-related or instance-specific error occurred while establishing a connection to SQL Server. The server was not found or was not accessible. Verify that the instance name is correct and that SQL Server is configured to allow remote connections. (provider: Named Pipes Provider, error: 40 - Could not open a connection to SQL Server) -    at IntegrationAPI.Partial.laundry_Entities.GetgroupsDetail(clsgroups obj) in D:\Kandarpsir\WebApiDataProject\Laundry\Laundry\IntegrationAPI\IntegrationAPI\Partial\Customer_Entity.cs:line 466
   at IntegrationAPI.Services.CustomerService.GetgroupsDetail(clsgroups obj) in D:\Kandarpsir\WebApiDataProject\Laundry\Laundry\IntegrationAPI\IntegrationAPI\Services\CompanyService.cs:line 612
2017-03-09 12:02:56.6581|DEBUG|IntegrationAPI.Helpers.LoggerFactory|Response Value : 
2017-03-09 12:03:27.7317|DEBUG|IntegrationAPI.Helpers.LoggerFactory|Request Started for : 10 Group Name :
2017-03-09 12:03:45.4960|ERROR|LoggerFactory|A network-related or instance-specific error occurred while establishing a connection to SQL Server. The server was not found or was not accessible. Verify that the instance name is correct and that SQL Server is configured to allow remote connections. (provider: Named Pipes Provider, error: 40 - Could not open a connection to SQL Server) - A network-related or instance-specific error occurred while establishing a connection to SQL Server. The server was not found or was not accessible. Verify that the instance name is correct and that SQL Server is configured to allow remote connections. (provider: Named Pipes Provider, error: 40 - Could not open a connection to SQL Server) -    at System.Data.SqlClient.SqlInternalConnectionTds..ctor(DbConnectionPoolIdentity identity, SqlConnectionString connectionOptions, SqlCredential credential, Object providerInfo, String newPassword, SecureString newSecurePassword, Boolean redirectedUserInstance, SqlConnectionString userConnectionOptions, SessionData reconnectSessionData, DbConnectionPool pool, String accessToken, Boolean applyTransientFaultHandling)
   at System.Data.SqlClient.SqlConnectionFactory.CreateConnection(DbConnectionOptions options, DbConnectionPoolKey poolKey, Object poolGroupProviderInfo, DbConnectionPool pool, DbConnection owningConnection, DbConnectionOptions userOptions)
   at System.Data.ProviderBase.DbConnectionFactory.CreatePooledConnection(DbConnectionPool pool, DbConnection owningObject, DbConnectionOptions options, DbConnectionPoolKey poolKey, DbConnectionOptions userOptions)
   at System.Data.ProviderBase.DbConnectionPool.CreateObject(DbConnection owningObject, DbConnectionOptions userOptions, DbConnectionInternal oldConnection)
   at System.Data.ProviderBase.DbConnectionPool.UserCreateRequest(DbConnection owningObject, DbConnectionOptions userOptions, DbConnectionInternal oldConnection)
   at System.Data.ProviderBase.DbConnectionPool.TryGetConnection(DbConnection owningObject, UInt32 waitForMultipleObjectsTimeout, Boolean allowCreate, Boolean onlyOneCheckConnection, DbConnectionOptions userOptions, DbConnectionInternal& connection)
   at System.Data.ProviderBase.DbConnectionPool.TryGetConnection(DbConnection owningObject, TaskCompletionSource`1 retry, DbConnectionOptions userOptions, DbConnectionInternal& connection)
   at System.Data.ProviderBase.DbConnectionFactory.TryGetConnection(DbConnection owningConnection, TaskCompletionSource`1 retry, DbConnectionOptions userOptions, DbConnectionInternal oldConnection, DbConnectionInternal& connection)
   at System.Data.ProviderBase.DbConnectionInternal.TryOpenConnectionInternal(DbConnection outerConnection, DbConnectionFactory connectionFactory, TaskCompletionSource`1 retry, DbConnectionOptions userOptions)
   at System.Data.ProviderBase.DbConnectionClosed.TryOpenConnection(DbConnection outerConnection, DbConnectionFactory connectionFactory, TaskCompletionSource`1 retry, DbConnectionOptions userOptions)
   at System.Data.SqlClient.SqlConnection.TryOpenInner(TaskCompletionSource`1 retry)
   at System.Data.SqlClient.SqlConnection.TryOpen(TaskCompletionSource`1 retry)
   at System.Data.SqlClient.SqlConnection.Open()
   at System.Data.Linq.SqlClient.SqlConnectionManager.UseConnection(IConnectionUser user)
   at System.Data.Linq.SqlClient.SqlProvider.get_IsSqlCe()
   at System.Data.Linq.SqlClient.SqlProvider.InitializeProviderMode()
   at System.Data.Linq.SqlClient.SqlProvider.System.Data.Linq.Provider.IProvider.Execute(Expression query)
   at System.Data.Linq.DataContext.ExecuteMethodCall(Object instance, MethodInfo methodInfo, Object[] parameters)
   at Integration_Repository.LaundryDataContext.SP_groups_SelectAll() in E:\@Jupiter\@Product\Laundry Mgmt\Laundry\Laundry\IntegrationAPI\Integration_Repository\Laundry.designer.cs:line 518
   at IntegrationAPI.Partial.laundry_Entities.GetgroupsDetail(clsgroups obj) in D:\Kandarpsir\WebApiDataProject\Laundry\Laundry\IntegrationAPI\IntegrationAPI\Partial\Customer_Entity.cs:line 461
2017-03-09 12:03:45.5104|ERROR|LoggerFactory|A network-related or instance-specific error occurred while establishing a connection to SQL Server. The server was not found or was not accessible. Verify that the instance name is correct and that SQL Server is configured to allow remote connections. (provider: Named Pipes Provider, error: 40 - Could not open a connection to SQL Server) - A network-related or instance-specific error occurred while establishing a connection to SQL Server. The server was not found or was not accessible. Verify that the instance name is correct and that SQL Server is configured to allow remote connections. (provider: Named Pipes Provider, error: 40 - Could not open a connection to SQL Server) -    at IntegrationAPI.Partial.laundry_Entities.GetgroupsDetail(clsgroups obj) in D:\Kandarpsir\WebApiDataProject\Laundry\Laundry\IntegrationAPI\IntegrationAPI\Partial\Customer_Entity.cs:line 466
   at IntegrationAPI.Services.CustomerService.GetgroupsDetail(clsgroups obj) in D:\Kandarpsir\WebApiDataProject\Laundry\Laundry\IntegrationAPI\IntegrationAPI\Services\CompanyService.cs:line 612
2017-03-09 12:03:45.5104|DEBUG|IntegrationAPI.Helpers.LoggerFactory|Response Value : 
2017-03-09 12:06:28.1965|DEBUG|IntegrationAPI.Helpers.LoggerFactory|Request Started for : 10 Group Name :
2017-03-09 12:19:59.5452|DEBUG|IntegrationAPI.Helpers.LoggerFactory|Request Started for : 10 Group Name :
2017-03-09 12:21:46.1209|ERROR|LoggerFactory|A network-related or instance-specific error occurred while establishing a connection to SQL Server. The server was not found or was not accessible. Verify that the instance name is correct and that SQL Server is configured to allow remote connections. (provider: Named Pipes Provider, error: 40 - Could not open a connection to SQL Server) - A network-related or instance-specific error occurred while establishing a connection to SQL Server. The server was not found or was not accessible. Verify that the instance name is correct and that SQL Server is configured to allow remote connections. (provider: Named Pipes Provider, error: 40 - Could not open a connection to SQL Server) -    at System.Data.SqlClient.SqlInternalConnectionTds..ctor(DbConnectionPoolIdentity identity, SqlConnectionString connectionOptions, SqlCredential credential, Object providerInfo, String newPassword, SecureString newSecurePassword, Boolean redirectedUserInstance, SqlConnectionString userConnectionOptions, SessionData reconnectSessionData, DbConnectionPool pool, String accessToken, Boolean applyTransientFaultHandling)
   at System.Data.SqlClient.SqlConnectionFactory.CreateConnection(DbConnectionOptions options, DbConnectionPoolKey poolKey, Object poolGroupProviderInfo, DbConnectionPool pool, DbConnection owningConnection, DbConnectionOptions userOptions)
   at System.Data.ProviderBase.DbConnectionFactory.CreatePooledConnection(DbConnectionPool pool, DbConnection owningObject, DbConnectionOptions options, DbConnectionPoolKey poolKey, DbConnectionOptions userOptions)
   at System.Data.ProviderBase.DbConnectionPool.CreateObject(DbConnection owningObject, DbConnectionOptions userOptions, DbConnectionInternal oldConnection)
   at System.Data.ProviderBase.DbConnectionPool.UserCreateRequest(DbConnection owningObject, DbConnectionOptions userOptions, DbConnectionInternal oldConnection)
   at System.Data.ProviderBase.DbConnectionPool.TryGetConnection(DbConnection owningObject, UInt32 waitForMultipleObjectsTimeout, Boolean allowCreate, Boolean onlyOneCheckConnection, DbConnectionOptions userOptions, DbConnectionInternal& connection)
   at System.Data.ProviderBase.DbConnectionPool.TryGetConnection(DbConnection owningObject, TaskCompletionSource`1 retry, DbConnectionOptions userOptions, DbConnectionInternal& connection)
   at System.Data.ProviderBase.DbConnectionFactory.TryGetConnection(DbConnection owningConnection, TaskCompletionSource`1 retry, DbConnectionOptions userOptions, DbConnectionInternal oldConnection, DbConnectionInternal& connection)
   at System.Data.ProviderBase.DbConnectionInternal.TryOpenConnectionInternal(DbConnection outerConnection, DbConnectionFactory connectionFactory, TaskCompletionSource`1 retry, DbConnectionOptions userOptions)
   at System.Data.ProviderBase.DbConnectionClosed.TryOpenConnection(DbConnection outerConnection, DbConnectionFactory connectionFactory, TaskCompletionSource`1 retry, DbConnectionOptions userOptions)
   at System.Data.SqlClient.SqlConnection.TryOpenInner(TaskCompletionSource`1 retry)
   at System.Data.SqlClient.SqlConnection.TryOpen(TaskCompletionSource`1 retry)
   at System.Data.SqlClient.SqlConnection.Open()
   at System.Data.Linq.SqlClient.SqlConnectionManager.UseConnection(IConnectionUser user)
   at System.Data.Linq.SqlClient.SqlProvider.get_IsSqlCe()
   at System.Data.Linq.SqlClient.SqlProvider.InitializeProviderMode()
   at System.Data.Linq.SqlClient.SqlProvider.System.Data.Linq.Provider.IProvider.Execute(Expression query)
   at System.Data.Linq.DataContext.ExecuteMethodCall(Object instance, MethodInfo methodInfo, Object[] parameters)
   at Integration_Repository.LaundryDataContext.SP_groups_SelectAll() in E:\@Jupiter\@Product\Laundry Mgmt\Laundry\Laundry\IntegrationAPI\Integration_Repository\Laundry.designer.cs:line 518
   at IntegrationAPI.Partial.laundry_Entities.GetgroupsDetail(clsgroups obj) in D:\Kandarpsir\WebApiDataProject\Laundry\Laundry\IntegrationAPI\IntegrationAPI\Partial\Customer_Entity.cs:line 461
2017-03-09 12:21:46.1369|ERROR|LoggerFactory|A network-related or instance-specific error occurred while establishing a connection to SQL Server. The server was not found or was not accessible. Verify that the instance name is correct and that SQL Server is configured to allow remote connections. (provider: Named Pipes Provider, error: 40 - Could not open a connection to SQL Server) - A network-related or instance-specific error occurred while establishing a connection to SQL Server. The server was not found or was not accessible. Verify that the instance name is correct and that SQL Server is configured to allow remote connections. (provider: Named Pipes Provider, error: 40 - Could not open a connection to SQL Server) -    at IntegrationAPI.Partial.laundry_Entities.GetgroupsDetail(clsgroups obj) in D:\Kandarpsir\WebApiDataProject\Laundry\Laundry\IntegrationAPI\IntegrationAPI\Partial\Customer_Entity.cs:line 466
   at IntegrationAPI.Services.CustomerService.GetgroupsDetail(clsgroups obj) in D:\Kandarpsir\WebApiDataProject\Laundry\Laundry\IntegrationAPI\IntegrationAPI\Services\CompanyService.cs:line 612
2017-03-09 12:21:46.1369|DEBUG|IntegrationAPI.Helpers.LoggerFactory|Response Value : 
2017-03-09 12:22:45.6685|DEBUG|IntegrationAPI.Helpers.LoggerFactory|Request Started for : 10 Group Name :
2017-03-09 12:23:00.8112|ERROR|LoggerFactory|A network-related or instance-specific error occurred while establishing a connection to SQL Server. The server was not found or was not accessible. Verify that the instance name is correct and that SQL Server is configured to allow remote connections. (provider: Named Pipes Provider, error: 40 - Could not open a connection to SQL Server) - A network-related or instance-specific error occurred while establishing a connection to SQL Server. The server was not found or was not accessible. Verify that the instance name is correct and that SQL Server is configured to allow remote connections. (provider: Named Pipes Provider, error: 40 - Could not open a connection to SQL Server) -    at System.Data.SqlClient.SqlInternalConnectionTds..ctor(DbConnectionPoolIdentity identity, SqlConnectionString connectionOptions, SqlCredential credential, Object providerInfo, String newPassword, SecureString newSecurePassword, Boolean redirectedUserInstance, SqlConnectionString userConnectionOptions, SessionData reconnectSessionData, DbConnectionPool pool, String accessToken, Boolean applyTransientFaultHandling)
   at System.Data.SqlClient.SqlConnectionFactory.CreateConnection(DbConnectionOptions options, DbConnectionPoolKey poolKey, Object poolGroupProviderInfo, DbConnectionPool pool, DbConnection owningConnection, DbConnectionOptions userOptions)
   at System.Data.ProviderBase.DbConnectionFactory.CreatePooledConnection(DbConnectionPool pool, DbConnection owningObject, DbConnectionOptions options, DbConnectionPoolKey poolKey, DbConnectionOptions userOptions)
   at System.Data.ProviderBase.DbConnectionPool.CreateObject(DbConnection owningObject, DbConnectionOptions userOptions, DbConnectionInternal oldConnection)
   at System.Data.ProviderBase.DbConnectionPool.UserCreateRequest(DbConnection owningObject, DbConnectionOptions userOptions, DbConnectionInternal oldConnection)
   at System.Data.ProviderBase.DbConnectionPool.TryGetConnection(DbConnection owningObject, UInt32 waitForMultipleObjectsTimeout, Boolean allowCreate, Boolean onlyOneCheckConnection, DbConnectionOptions userOptions, DbConnectionInternal& connection)
   at System.Data.ProviderBase.DbConnectionPool.TryGetConnection(DbConnection owningObject, TaskCompletionSource`1 retry, DbConnectionOptions userOptions, DbConnectionInternal& connection)
   at System.Data.ProviderBase.DbConnectionFactory.TryGetConnection(DbConnection owningConnection, TaskCompletionSource`1 retry, DbConnectionOptions userOptions, DbConnectionInternal oldConnection, DbConnectionInternal& connection)
   at System.Data.ProviderBase.DbConnectionInternal.TryOpenConnectionInternal(DbConnection outerConnection, DbConnectionFactory connectionFactory, TaskCompletionSource`1 retry, DbConnectionOptions userOptions)
   at System.Data.ProviderBase.DbConnectionClosed.TryOpenConnection(DbConnection outerConnection, DbConnectionFactory connectionFactory, TaskCompletionSource`1 retry, DbConnectionOptions userOptions)
   at System.Data.SqlClient.SqlConnection.TryOpenInner(TaskCompletionSource`1 retry)
   at System.Data.SqlClient.SqlConnection.TryOpen(TaskCompletionSource`1 retry)
   at System.Data.SqlClient.SqlConnection.Open()
   at System.Data.Linq.SqlClient.SqlConnectionManager.UseConnection(IConnectionUser user)
   at System.Data.Linq.SqlClient.SqlProvider.get_IsSqlCe()
   at System.Data.Linq.SqlClient.SqlProvider.InitializeProviderMode()
   at System.Data.Linq.SqlClient.SqlProvider.System.Data.Linq.Provider.IProvider.Execute(Expression query)
   at System.Data.Linq.DataContext.ExecuteMethodCall(Object instance, MethodInfo methodInfo, Object[] parameters)
   at Integration_Repository.LaundryDataContext.SP_groups_SelectAll() in E:\@Jupiter\@Product\Laundry Mgmt\Laundry\Laundry\IntegrationAPI\Integration_Repository\Laundry.designer.cs:line 518
   at IntegrationAPI.Partial.laundry_Entities.GetgroupsDetail(clsgroups obj) in D:\Kandarpsir\WebApiDataProject\Laundry\Laundry\IntegrationAPI\IntegrationAPI\Partial\Customer_Entity.cs:line 461
2017-03-09 12:23:00.8543|ERROR|LoggerFactory|A network-related or instance-specific error occurred while establishing a connection to SQL Server. The server was not found or was not accessible. Verify that the instance name is correct and that SQL Server is configured to allow remote connections. (provider: Named Pipes Provider, error: 40 - Could not open a connection to SQL Server) - A network-related or instance-specific error occurred while establishing a connection to SQL Server. The server was not found or was not accessible. Verify that the instance name is correct and that SQL Server is configured to allow remote connections. (provider: Named Pipes Provider, error: 40 - Could not open a connection to SQL Server) -    at IntegrationAPI.Partial.laundry_Entities.GetgroupsDetail(clsgroups obj) in D:\Kandarpsir\WebApiDataProject\Laundry\Laundry\IntegrationAPI\IntegrationAPI\Partial\Customer_Entity.cs:line 466
   at IntegrationAPI.Services.CustomerService.GetgroupsDetail(clsgroups obj) in D:\Kandarpsir\WebApiDataProject\Laundry\Laundry\IntegrationAPI\IntegrationAPI\Services\CompanyService.cs:line 612
2017-03-09 12:23:00.8543|DEBUG|IntegrationAPI.Helpers.LoggerFactory|Response Value : 
2017-03-09 12:24:12.2782|DEBUG|IntegrationAPI.Helpers.LoggerFactory|Request Started for : 10 Group Name :
2017-03-09 12:31:57.0187|ERROR|LoggerFactory|A network-related or instance-specific error occurred while establishing a connection to SQL Server. The server was not found or was not accessible. Verify that the instance name is correct and that SQL Server is configured to allow remote connections. (provider: Named Pipes Provider, error: 40 - Could not open a connection to SQL Server) - A network-related or instance-specific error occurred while establishing a connection to SQL Server. The server was not found or was not accessible. Verify that the instance name is correct and that SQL Server is configured to allow remote connections. (provider: Named Pipes Provider, error: 40 - Could not open a connection to SQL Server) -    at System.Data.SqlClient.SqlInternalConnectionTds..ctor(DbConnectionPoolIdentity identity, SqlConnectionString connectionOptions, SqlCredential credential, Object providerInfo, String newPassword, SecureString newSecurePassword, Boolean redirectedUserInstance, SqlConnectionString userConnectionOptions, SessionData reconnectSessionData, DbConnectionPool pool, String accessToken, Boolean applyTransientFaultHandling)
   at System.Data.SqlClient.SqlConnectionFactory.CreateConnection(DbConnectionOptions options, DbConnectionPoolKey poolKey, Object poolGroupProviderInfo, DbConnectionPool pool, DbConnection owningConnection, DbConnectionOptions userOptions)
   at System.Data.ProviderBase.DbConnectionFactory.CreatePooledConnection(DbConnectionPool pool, DbConnection owningObject, DbConnectionOptions options, DbConnectionPoolKey poolKey, DbConnectionOptions userOptions)
   at System.Data.ProviderBase.DbConnectionPool.CreateObject(DbConnection owningObject, DbConnectionOptions userOptions, DbConnectionInternal oldConnection)
   at System.Data.ProviderBase.DbConnectionPool.UserCreateRequest(DbConnection owningObject, DbConnectionOptions userOptions, DbConnectionInternal oldConnection)
   at System.Data.ProviderBase.DbConnectionPool.TryGetConnection(DbConnection owningObject, UInt32 waitForMultipleObjectsTimeout, Boolean allowCreate, Boolean onlyOneCheckConnection, DbConnectionOptions userOptions, DbConnectionInternal& connection)
   at System.Data.ProviderBase.DbConnectionPool.TryGetConnection(DbConnection owningObject, TaskCompletionSource`1 retry, DbConnectionOptions userOptions, DbConnectionInternal& connection)
   at System.Data.ProviderBase.DbConnectionFactory.TryGetConnection(DbConnection owningConnection, TaskCompletionSource`1 retry, DbConnectionOptions userOptions, DbConnectionInternal oldConnection, DbConnectionInternal& connection)
   at System.Data.ProviderBase.DbConnectionInternal.TryOpenConnectionInternal(DbConnection outerConnection, DbConnectionFactory connectionFactory, TaskCompletionSource`1 retry, DbConnectionOptions userOptions)
   at System.Data.ProviderBase.DbConnectionClosed.TryOpenConnection(DbConnection outerConnection, DbConnectionFactory connectionFactory, TaskCompletionSource`1 retry, DbConnectionOptions userOptions)
   at System.Data.SqlClient.SqlConnection.TryOpenInner(TaskCompletionSource`1 retry)
   at System.Data.SqlClient.SqlConnection.TryOpen(TaskCompletionSource`1 retry)
   at System.Data.SqlClient.SqlConnection.Open()
   at System.Data.Linq.SqlClient.SqlConnectionManager.UseConnection(IConnectionUser user)
   at System.Data.Linq.SqlClient.SqlProvider.get_IsSqlCe()
   at System.Data.Linq.SqlClient.SqlProvider.InitializeProviderMode()
   at System.Data.Linq.SqlClient.SqlProvider.System.Data.Linq.Provider.IProvider.Execute(Expression query)
   at System.Data.Linq.DataContext.ExecuteMethodCall(Object instance, MethodInfo methodInfo, Object[] parameters)
   at Integration_Repository.LaundryDataContext.SP_groups_SelectAll() in E:\@Jupiter\@Product\Laundry Mgmt\Laundry\Laundry\IntegrationAPI\Integration_Repository\Laundry.designer.cs:line 518
   at IntegrationAPI.Partial.laundry_Entities.GetgroupsDetail(clsgroups obj) in D:\Kandarpsir\WebApiDataProject\Laundry\Laundry\IntegrationAPI\IntegrationAPI\Partial\Customer_Entity.cs:line 461
2017-03-09 12:31:57.0559|ERROR|LoggerFactory|A network-related or instance-specific error occurred while establishing a connection to SQL Server. The server was not found or was not accessible. Verify that the instance name is correct and that SQL Server is configured to allow remote connections. (provider: Named Pipes Provider, error: 40 - Could not open a connection to SQL Server) - A network-related or instance-specific error occurred while establishing a connection to SQL Server. The server was not found or was not accessible. Verify that the instance name is correct and that SQL Server is configured to allow remote connections. (provider: Named Pipes Provider, error: 40 - Could not open a connection to SQL Server) -    at IntegrationAPI.Partial.laundry_Entities.GetgroupsDetail(clsgroups obj) in D:\Kandarpsir\WebApiDataProject\Laundry\Laundry\IntegrationAPI\IntegrationAPI\Partial\Customer_Entity.cs:line 466
   at IntegrationAPI.Services.CustomerService.GetgroupsDetail(clsgroups obj) in D:\Kandarpsir\WebApiDataProject\Laundry\Laundry\IntegrationAPI\IntegrationAPI\Services\CompanyService.cs:line 612
2017-03-09 12:31:57.0559|DEBUG|IntegrationAPI.Helpers.LoggerFactory|Response Value : 
2017-03-09 12:36:18.3232|DEBUG|IntegrationAPI.Helpers.LoggerFactory|Request Started for : 10 Group Name :
2017-03-09 12:54:29.4694|DEBUG|IntegrationAPI.Helpers.LoggerFactory|Request Started for : 10 Group Name :
2017-03-09 13:45:57.1160|DEBUG|IntegrationAPI.Helpers.LoggerFactory|Request Started for : 10 Group Name :
2017-03-09 13:55:16.0573|DEBUG|IntegrationAPI.Helpers.LoggerFactory|Request Started for : 10 Group Name :
2017-03-09 14:11:06.7248|DEBUG|IntegrationAPI.Helpers.LoggerFactory|Request Started for : 0 Group Name :
2017-03-09 14:17:43.5375|DEBUG|IntegrationAPI.Helpers.LoggerFactory|Request Started for : 0 Group Name :
2017-03-09 14:19:55.4244|ERROR|LoggerFactory|Unable to cast object of type 'SingleResult`1[Integration_Repository.SP_groups_SelectAllResult]' to type 'Integration_Repository.SP_groups_SelectAllResult'. - Unable to cast object of type 'SingleResult`1[Integration_Repository.SP_groups_SelectAllResult]' to type 'Integration_Repository.SP_groups_SelectAllResult'. -    at IntegrationAPI.Partial.laundry_Entities.GetgroupsDetail(clsgroups obj) in D:\Kandarpsir\WebApiDataProject\Laundry\Laundry\IntegrationAPI\IntegrationAPI\Partial\Customer_Entity.cs:line 461
2017-03-09 14:19:55.4515|ERROR|LoggerFactory|Unable to cast object of type 'SingleResult`1[Integration_Repository.SP_groups_SelectAllResult]' to type 'Integration_Repository.SP_groups_SelectAllResult'. - Unable to cast object of type 'SingleResult`1[Integration_Repository.SP_groups_SelectAllResult]' to type 'Integration_Repository.SP_groups_SelectAllResult'. -    at IntegrationAPI.Partial.laundry_Entities.GetgroupsDetail(clsgroups obj) in D:\Kandarpsir\WebApiDataProject\Laundry\Laundry\IntegrationAPI\IntegrationAPI\Partial\Customer_Entity.cs:line 466
   at IntegrationAPI.Services.CustomerService.GetgroupsDetail(clsgroups obj) in D:\Kandarpsir\WebApiDataProject\Laundry\Laundry\IntegrationAPI\IntegrationAPI\Services\CompanyService.cs:line 612
2017-03-09 14:19:55.4515|DEBUG|IntegrationAPI.Helpers.LoggerFactory|Response Value : 
2017-03-09 14:21:04.6593|DEBUG|IntegrationAPI.Helpers.LoggerFactory|Request Started for : 0 Group Name :
2017-03-09 14:44:10.6121|DEBUG|IntegrationAPI.Helpers.LoggerFactory|Request Started for : 0 Group Name :
2017-03-09 14:49:07.1960|ERROR|LoggerFactory|Unable to cast object of type 'SingleResult`1[Integration_Repository.SP_groups_SelectAllResult]' to type 'Integration_Repository.SP_groups_SelectAllResult'. - Unable to cast object of type 'SingleResult`1[Integration_Repository.SP_groups_SelectAllResult]' to type 'Integration_Repository.SP_groups_SelectAllResult'. -    at IntegrationAPI.Partial.laundry_Entities.GetgroupsDetail(clsgroups obj) in D:\Kandarpsir\WebApiDataProject\Laundry\Laundry\IntegrationAPI\IntegrationAPI\Partial\Customer_Entity.cs:line 461
2017-03-09 14:49:10.4145|ERROR|LoggerFactory|Unable to cast object of type 'SingleResult`1[Integration_Repository.SP_groups_SelectAllResult]' to type 'Integration_Repository.SP_groups_SelectAllResult'. - Unable to cast object of type 'SingleResult`1[Integration_Repository.SP_groups_SelectAllResult]' to type 'Integration_Repository.SP_groups_SelectAllResult'. -    at IntegrationAPI.Partial.laundry_Entities.GetgroupsDetail(clsgroups obj) in D:\Kandarpsir\WebApiDataProject\Laundry\Laundry\IntegrationAPI\IntegrationAPI\Partial\Customer_Entity.cs:line 466
   at IntegrationAPI.Services.CustomerService.GetgroupsDetail(clsgroups obj) in D:\Kandarpsir\WebApiDataProject\Laundry\Laundry\IntegrationAPI\IntegrationAPI\Services\CompanyService.cs:line 612
2017-03-09 14:49:10.4145|DEBUG|IntegrationAPI.Helpers.LoggerFactory|Response Value : 
2017-03-09 14:52:17.4879|DEBUG|IntegrationAPI.Helpers.LoggerFactory|Request Started for : 0 Group Name :
2017-03-09 15:02:02.9302|DEBUG|IntegrationAPI.Helpers.LoggerFactory|Request Started for : 0 Group Name :
2017-03-09 15:37:18.1121|DEBUG|IntegrationAPI.Helpers.LoggerFactory|Request Started for : 0 Group Name :
2017-03-09 16:28:03.0870|DEBUG|IntegrationAPI.Helpers.LoggerFactory|Request Started for : 0 Group Name :
2017-03-09 16:33:40.7110|DEBUG|IntegrationAPI.Helpers.LoggerFactory|Request Started for : 0 Group Name :
2017-03-09 16:39:03.2093|DEBUG|IntegrationAPI.Helpers.LoggerFactory|Request Started for : 0 Group Name :
2017-03-09 16:40:42.0753|ERROR|LoggerFactory|A network-related or instance-specific error occurred while establishing a connection to SQL Server. The server was not found or was not accessible. Verify that the instance name is correct and that SQL Server is configured to allow remote connections. (provider: Named Pipes Provider, error: 40 - Could not open a connection to SQL Server) - A network-related or instance-specific error occurred while establishing a connection to SQL Server. The server was not found or was not accessible. Verify that the instance name is correct and that SQL Server is configured to allow remote connections. (provider: Named Pipes Provider, error: 40 - Could not open a connection to SQL Server) -    at System.Data.SqlClient.SqlInternalConnectionTds..ctor(DbConnectionPoolIdentity identity, SqlConnectionString connectionOptions, SqlCredential credential, Object providerInfo, String newPassword, SecureString newSecurePassword, Boolean redirectedUserInstance, SqlConnectionString userConnectionOptions, SessionData reconnectSessionData, DbConnectionPool pool, String accessToken, Boolean applyTransientFaultHandling)
   at System.Data.SqlClient.SqlConnectionFactory.CreateConnection(DbConnectionOptions options, DbConnectionPoolKey poolKey, Object poolGroupProviderInfo, DbConnectionPool pool, DbConnection owningConnection, DbConnectionOptions userOptions)
   at System.Data.ProviderBase.DbConnectionFactory.CreatePooledConnection(DbConnectionPool pool, DbConnection owningObject, DbConnectionOptions options, DbConnectionPoolKey poolKey, DbConnectionOptions userOptions)
   at System.Data.ProviderBase.DbConnectionPool.CreateObject(DbConnection owningObject, DbConnectionOptions userOptions, DbConnectionInternal oldConnection)
   at System.Data.ProviderBase.DbConnectionPool.UserCreateRequest(DbConnection owningObject, DbConnectionOptions userOptions, DbConnectionInternal oldConnection)
   at System.Data.ProviderBase.DbConnectionPool.TryGetConnection(DbConnection owningObject, UInt32 waitForMultipleObjectsTimeout, Boolean allowCreate, Boolean onlyOneCheckConnection, DbConnectionOptions userOptions, DbConnectionInternal& connection)
   at System.Data.ProviderBase.DbConnectionPool.TryGetConnection(DbConnection owningObject, TaskCompletionSource`1 retry, DbConnectionOptions userOptions, DbConnectionInternal& connection)
   at System.Data.ProviderBase.DbConnectionFactory.TryGetConnection(DbConnection owningConnection, TaskCompletionSource`1 retry, DbConnectionOptions userOptions, DbConnectionInternal oldConnection, DbConnectionInternal& connection)
   at System.Data.ProviderBase.DbConnectionInternal.TryOpenConnectionInternal(DbConnection outerConnection, DbConnectionFactory connectionFactory, TaskCompletionSource`1 retry, DbConnectionOptions userOptions)
   at System.Data.ProviderBase.DbConnectionClosed.TryOpenConnection(DbConnection outerConnection, DbConnectionFactory connectionFactory, TaskCompletionSource`1 retry, DbConnectionOptions userOptions)
   at System.Data.SqlClient.SqlConnection.TryOpenInner(TaskCompletionSource`1 retry)
   at System.Data.SqlClient.SqlConnection.TryOpen(TaskCompletionSource`1 retry)
   at System.Data.SqlClient.SqlConnection.Open()
   at System.Data.Linq.SqlClient.SqlConnectionManager.UseConnection(IConnectionUser user)
   at System.Data.Linq.SqlClient.SqlProvider.get_IsSqlCe()
   at System.Data.Linq.SqlClient.SqlProvider.InitializeProviderMode()
   at System.Data.Linq.SqlClient.SqlProvider.System.Data.Linq.Provider.IProvider.Execute(Expression query)
   at System.Data.Linq.DataContext.ExecuteMethodCall(Object instance, MethodInfo methodInfo, Object[] parameters)
   at Integration_Repository.LaundryDataContext.SP_groups_SelectAll() in E:\@Jupiter\@Product\Laundry Mgmt\WebApiDataProject\Laundry\Laundry\IntegrationAPI\Integration_Repository\Laundry.designer.cs:line 518
   at IntegrationAPI.Partial.laundry_Entities.GetgroupsDetail(clsgroups obj) in E:\@Jupiter\@Product\Laundry Mgmt\WebApiDataProject\Laundry\Laundry\IntegrationAPI\IntegrationAPI\Partial\Customer_Entity.cs:line 461
2017-03-09 16:40:46.2190|ERROR|LoggerFactory|A network-related or instance-specific error occurred while establishing a connection to SQL Server. The server was not found or was not accessible. Verify that the instance name is correct and that SQL Server is configured to allow remote connections. (provider: Named Pipes Provider, error: 40 - Could not open a connection to SQL Server) - A network-related or instance-specific error occurred while establishing a connection to SQL Server. The server was not found or was not accessible. Verify that the instance name is correct and that SQL Server is configured to allow remote connections. (provider: Named Pipes Provider, error: 40 - Could not open a connection to SQL Server) -    at IntegrationAPI.Partial.laundry_Entities.GetgroupsDetail(clsgroups obj) in E:\@Jupiter\@Product\Laundry Mgmt\WebApiDataProject\Laundry\Laundry\IntegrationAPI\IntegrationAPI\Partial\Customer_Entity.cs:line 466
   at IntegrationAPI.Services.CustomerService.GetgroupsDetail(clsgroups obj) in E:\@Jupiter\@Product\Laundry Mgmt\WebApiDataProject\Laundry\Laundry\IntegrationAPI\IntegrationAPI\Services\CompanyService.cs:line 612
2017-03-09 16:40:48.0506|DEBUG|IntegrationAPI.Helpers.LoggerFactory|Response Value : 
2017-03-09 16:46:40.5970|DEBUG|IntegrationAPI.Helpers.LoggerFactory|Request Started for : 0 Group Name :
2017-03-09 16:47:09.8331|ERROR|LoggerFactory|A network-related or instance-specific error occurred while establishing a connection to SQL Server. The server was not found or was not accessible. Verify that the instance name is correct and that SQL Server is configured to allow remote connections. (provider: Named Pipes Provider, error: 40 - Could not open a connection to SQL Server) - A network-related or instance-specific error occurred while establishing a connection to SQL Server. The server was not found or was not accessible. Verify that the instance name is correct and that SQL Server is configured to allow remote connections. (provider: Named Pipes Provider, error: 40 - Could not open a connection to SQL Server) -    at System.Data.SqlClient.SqlInternalConnectionTds..ctor(DbConnectionPoolIdentity identity, SqlConnectionString connectionOptions, SqlCredential credential, Object providerInfo, String newPassword, SecureString newSecurePassword, Boolean redirectedUserInstance, SqlConnectionString userConnectionOptions, SessionData reconnectSessionData, DbConnectionPool pool, String accessToken, Boolean applyTransientFaultHandling)
   at System.Data.SqlClient.SqlConnectionFactory.CreateConnection(DbConnectionOptions options, DbConnectionPoolKey poolKey, Object poolGroupProviderInfo, DbConnectionPool pool, DbConnection owningConnection, DbConnectionOptions userOptions)
   at System.Data.ProviderBase.DbConnectionFactory.CreatePooledConnection(DbConnectionPool pool, DbConnection owningObject, DbConnectionOptions options, DbConnectionPoolKey poolKey, DbConnectionOptions userOptions)
   at System.Data.ProviderBase.DbConnectionPool.CreateObject(DbConnection owningObject, DbConnectionOptions userOptions, DbConnectionInternal oldConnection)
   at System.Data.ProviderBase.DbConnectionPool.UserCreateRequest(DbConnection owningObject, DbConnectionOptions userOptions, DbConnectionInternal oldConnection)
   at System.Data.ProviderBase.DbConnectionPool.TryGetConnection(DbConnection owningObject, UInt32 waitForMultipleObjectsTimeout, Boolean allowCreate, Boolean onlyOneCheckConnection, DbConnectionOptions userOptions, DbConnectionInternal& connection)
   at System.Data.ProviderBase.DbConnectionPool.TryGetConnection(DbConnection owningObject, TaskCompletionSource`1 retry, DbConnectionOptions userOptions, DbConnectionInternal& connection)
   at System.Data.ProviderBase.DbConnectionFactory.TryGetConnection(DbConnection owningConnection, TaskCompletionSource`1 retry, DbConnectionOptions userOptions, DbConnectionInternal oldConnection, DbConnectionInternal& connection)
   at System.Data.ProviderBase.DbConnectionInternal.TryOpenConnectionInternal(DbConnection outerConnection, DbConnectionFactory connectionFactory, TaskCompletionSource`1 retry, DbConnectionOptions userOptions)
   at System.Data.ProviderBase.DbConnectionClosed.TryOpenConnection(DbConnection outerConnection, DbConnectionFactory connectionFactory, TaskCompletionSource`1 retry, DbConnectionOptions userOptions)
   at System.Data.SqlClient.SqlConnection.TryOpenInner(TaskCompletionSource`1 retry)
   at System.Data.SqlClient.SqlConnection.TryOpen(TaskCompletionSource`1 retry)
   at System.Data.SqlClient.SqlConnection.Open()
   at System.Data.Linq.SqlClient.SqlConnectionManager.UseConnection(IConnectionUser user)
   at System.Data.Linq.SqlClient.SqlProvider.get_IsSqlCe()
   at System.Data.Linq.SqlClient.SqlProvider.InitializeProviderMode()
   at System.Data.Linq.SqlClient.SqlProvider.System.Data.Linq.Provider.IProvider.Execute(Expression query)
   at System.Data.Linq.DataContext.ExecuteMethodCall(Object instance, MethodInfo methodInfo, Object[] parameters)
   at Integration_Repository.LaundryDataContext.SP_groups_SelectAll() in E:\@Jupiter\@Product\Laundry Mgmt\WebApiDataProject\Laundry\Laundry\IntegrationAPI\Integration_Repository\Laundry.designer.cs:line 518
   at IntegrationAPI.Partial.laundry_Entities.GetgroupsDetail(clsgroups obj) in E:\@Jupiter\@Product\Laundry Mgmt\WebApiDataProject\Laundry\Laundry\IntegrationAPI\IntegrationAPI\Partial\Customer_Entity.cs:line 461
2017-03-09 16:50:02.0693|DEBUG|IntegrationAPI.Helpers.LoggerFactory|Request Started for : 0 Group Name :
2017-03-09 16:58:09.5397|DEBUG|IntegrationAPI.Helpers.LoggerFactory|Request Started for : 0 Group Name :
2017-03-09 16:59:04.1165|ERROR|LoggerFactory|Unable to cast object of type 'SingleResult`1[Integration_Repository.SP_groups_SelectAllResult]' to type 'Integration_Repository.SP_groups_SelectAllResult'. - Unable to cast object of type 'SingleResult`1[Integration_Repository.SP_groups_SelectAllResult]' to type 'Integration_Repository.SP_groups_SelectAllResult'. -    at IntegrationAPI.Partial.laundry_Entities.GetgroupsDetail(clsgroups obj) in E:\@Jupiter\@Product\Laundry Mgmt\WebApiDataProject\Laundry\Laundry\IntegrationAPI\IntegrationAPI\Partial\Customer_Entity.cs:line 461
2017-03-09 17:05:41.8866|DEBUG|IntegrationAPI.Helpers.LoggerFactory|Request Started for : 0 Group Name :
2017-03-09 17:14:46.0404|DEBUG|IntegrationAPI.Helpers.LoggerFactory|Request Started for : 0  Module Name :
2017-03-09 17:14:47.0258|ERROR|LoggerFactory|Unable to cast object of type 'SingleResult`1[Integration_Repository.SP_ModuleMaster_SelectAllResult]' to type 'Integration_Repository.SP_ModuleMaster_SelectAllResult'. - Unable to cast object of type 'SingleResult`1[Integration_Repository.SP_ModuleMaster_SelectAllResult]' to type 'Integration_Repository.SP_ModuleMaster_SelectAllResult'. -    at IntegrationAPI.Partial.laundry_Entities.GetModuleMasterDetail(clsModuleMaster obj) in E:\@Jupiter\@Product\Laundry Mgmt\WebApiDataProject\Laundry\Laundry\IntegrationAPI\IntegrationAPI\Partial\Customer_Entity.cs:line 968
2017-03-09 17:14:47.0669|ERROR|LoggerFactory|Unable to cast object of type 'SingleResult`1[Integration_Repository.SP_ModuleMaster_SelectAllResult]' to type 'Integration_Repository.SP_ModuleMaster_SelectAllResult'. - Unable to cast object of type 'SingleResult`1[Integration_Repository.SP_ModuleMaster_SelectAllResult]' to type 'Integration_Repository.SP_ModuleMaster_SelectAllResult'. -    at IntegrationAPI.Partial.laundry_Entities.GetModuleMasterDetail(clsModuleMaster obj) in E:\@Jupiter\@Product\Laundry Mgmt\WebApiDataProject\Laundry\Laundry\IntegrationAPI\IntegrationAPI\Partial\Customer_Entity.cs:line 973
   at IntegrationAPI.Services.CustomerService.GetModuleMasterDetail(clsModuleMaster obj) in E:\@Jupiter\@Product\Laundry Mgmt\WebApiDataProject\Laundry\Laundry\IntegrationAPI\IntegrationAPI\Services\CompanyService.cs:line 1308
2017-03-09 17:14:47.0774|DEBUG|IntegrationAPI.Helpers.LoggerFactory|Response Value : 
2017-03-09 17:16:56.1706|DEBUG|IntegrationAPI.Helpers.LoggerFactory|Request Started for : 0  Module Name :
2017-03-09 17:16:56.2335|ERROR|LoggerFactory|Unable to cast object of type 'SingleResult`1[Integration_Repository.SP_ModuleMaster_SelectAllResult]' to type 'Integration_Repository.SP_ModuleMaster_SelectAllResult'. - Unable to cast object of type 'SingleResult`1[Integration_Repository.SP_ModuleMaster_SelectAllResult]' to type 'Integration_Repository.SP_ModuleMaster_SelectAllResult'. -    at IntegrationAPI.Partial.laundry_Entities.GetModuleMasterDetail(clsModuleMaster obj) in E:\@Jupiter\@Product\Laundry Mgmt\WebApiDataProject\Laundry\Laundry\IntegrationAPI\IntegrationAPI\Partial\Customer_Entity.cs:line 968
2017-03-09 17:16:56.2742|ERROR|LoggerFactory|Unable to cast object of type 'SingleResult`1[Integration_Repository.SP_ModuleMaster_SelectAllResult]' to type 'Integration_Repository.SP_ModuleMaster_SelectAllResult'. - Unable to cast object of type 'SingleResult`1[Integration_Repository.SP_ModuleMaster_SelectAllResult]' to type 'Integration_Repository.SP_ModuleMaster_SelectAllResult'. -    at IntegrationAPI.Partial.laundry_Entities.GetModuleMasterDetail(clsModuleMaster obj) in E:\@Jupiter\@Product\Laundry Mgmt\WebApiDataProject\Laundry\Laundry\IntegrationAPI\IntegrationAPI\Partial\Customer_Entity.cs:line 973
   at IntegrationAPI.Services.CustomerService.GetModuleMasterDetail(clsModuleMaster obj) in E:\@Jupiter\@Product\Laundry Mgmt\WebApiDataProject\Laundry\Laundry\IntegrationAPI\IntegrationAPI\Services\CompanyService.cs:line 1308
2017-03-09 17:16:56.3383|DEBUG|IntegrationAPI.Helpers.LoggerFactory|Response Value : 
2017-03-09 17:18:23.6974|DEBUG|IntegrationAPI.Helpers.LoggerFactory|Request Started for : 0  Module Name :
2017-03-09 17:27:35.5972|DEBUG|IntegrationAPI.Helpers.LoggerFactory|Request Started for : 1  Module Name :
2017-03-09 17:27:35.7717|ERROR|LoggerFactory|Unable to cast object of type 'SingleResult`1[Integration_Repository.SP_ModuleMaster_SelectOneResult]' to type 'Integration_Repository.SP_ModuleMaster_SelectOneResult'. - Unable to cast object of type 'SingleResult`1[Integration_Repository.SP_ModuleMaster_SelectOneResult]' to type 'Integration_Repository.SP_ModuleMaster_SelectOneResult'. -    at IntegrationAPI.Partial.laundry_Entities.GetModuleMasterDetailById(clsModuleMaster obj) in E:\@Jupiter\@Product\Laundry Mgmt\WebApiDataProject\Laundry\Laundry\IntegrationAPI\IntegrationAPI\Partial\Customer_Entity.cs:line 984
2017-03-09 17:27:35.7973|ERROR|LoggerFactory|Unable to cast object of type 'SingleResult`1[Integration_Repository.SP_ModuleMaster_SelectOneResult]' to type 'Integration_Repository.SP_ModuleMaster_SelectOneResult'. - Unable to cast object of type 'SingleResult`1[Integration_Repository.SP_ModuleMaster_SelectOneResult]' to type 'Integration_Repository.SP_ModuleMaster_SelectOneResult'. -    at IntegrationAPI.Partial.laundry_Entities.GetModuleMasterDetailById(clsModuleMaster obj) in E:\@Jupiter\@Product\Laundry Mgmt\WebApiDataProject\Laundry\Laundry\IntegrationAPI\IntegrationAPI\Partial\Customer_Entity.cs:line 989
   at IntegrationAPI.Services.CustomerService.GetModuleMasterDetailById(clsModuleMaster obj) in E:\@Jupiter\@Product\Laundry Mgmt\WebApiDataProject\Laundry\Laundry\IntegrationAPI\IntegrationAPI\Services\CompanyService.cs:line 1328
2017-03-09 17:27:35.8038|DEBUG|IntegrationAPI.Helpers.LoggerFactory|Response Value : 
2017-03-09 17:29:50.5367|DEBUG|IntegrationAPI.Helpers.LoggerFactory|Request Started for : 1  Module Name :
2017-03-09 17:35:11.4849|DEBUG|IntegrationAPI.Helpers.LoggerFactory|Request Started for : 0  Module Name :
